#
# There is insufficient memory for the Java Runtime Environment to continue.
# Native memory allocation (mmap) failed to map 136314880 bytes for G1 virtual space
# Possible reasons:
#   The system is out of physical RAM or swap space
#   The process is running with CompressedOops enabled, and the Java Heap may be blocking the growth of the native heap
# Possible solutions:
#   Reduce memory load on the system
#   Increase physical memory or swap space
#   Check if swap backing store is full
#   Decrease Java heap size (-Xmx/-Xms)
#   Decrease number of Java threads
#   Decrease Java thread stack sizes (-Xss)
#   Set larger code cache with -XX:ReservedCodeCacheSize=
#   JVM is running with Unscaled Compressed Oops mode in which the Java heap is
#     placed in the first 4GB address space. The Java Heap base address is the
#     maximum limit for the native heap growth. Please use -XX:HeapBaseMinAddress
#     to set the Java Heap base and to place the Java Heap above 4GB virtual address.
# This output file may be truncated or incomplete.
#
#  Out of Memory Error (os_windows.cpp:3548), pid=10060, tid=8320
#
# JRE version: OpenJDK Runtime Environment Temurin-17.0.5+8 (17.0.5+8) (build 17.0.5+8)
# Java VM: OpenJDK 64-Bit Server VM Temurin-17.0.5+8 (17.0.5+8, mixed mode, emulated-client, tiered, compressed oops, compressed class ptrs, g1 gc, windows-amd64)
# No core dump will be written. Minidumps are not enabled by default on client versions of Windows
#

---------------  S U M M A R Y ------------

Command Line: -XX:+HeapDumpOnOutOfMemoryError -Xmx1024m -Dsts.lsp.client=vscode -Dsts.log.file=/dev/null -XX:TieredStopAtLevel=1 -Xlog:jni+resolve=off -Dspring.config.location=file:c:\Users\QuangNguyen\.vscode\extensions\vmware.vscode-spring-boot-1.44.0\language-server\BOOT-INF\classes\application.properties org.springframework.ide.vscode.boot.app.BootLanguageServerBootApp

Host: Intel(R) Core(TM) i7-4558U CPU @ 2.80GHz, 4 cores, 3G,  Windows 10 , 64 bit Build 19041 (10.0.19041.2364)
Time: Sun Feb 12 01:34:44 2023 SE Asia Standard Time elapsed time: 2870.914410 seconds (0d 0h 47m 50s)

---------------  T H R E A D  ---------------

Current thread (0x000001c816cfd040):  VMThread "VM Thread" [stack: 0x000000a499c00000,0x000000a499d00000] [id=8320]

Stack: [0x000000a499c00000,0x000000a499d00000]
Native frames: (J=compiled Java code, j=interpreted, Vv=VM code, C=native code)
V  [jvm.dll+0x676b3a]
V  [jvm.dll+0x831444]
V  [jvm.dll+0x832bee]
V  [jvm.dll+0x833253]
V  [jvm.dll+0x244ce5]
V  [jvm.dll+0x673a49]
V  [jvm.dll+0x66811a]
V  [jvm.dll+0x303ceb]
V  [jvm.dll+0x30b1e6]
V  [jvm.dll+0x35adbe]
V  [jvm.dll+0x35afef]
V  [jvm.dll+0x2dab88]
V  [jvm.dll+0x2d8e3c]
V  [jvm.dll+0x2d840c]
V  [jvm.dll+0x31c31b]
V  [jvm.dll+0x8376fb]
V  [jvm.dll+0x838434]
V  [jvm.dll+0x83894c]
V  [jvm.dll+0x838d24]
V  [jvm.dll+0x838df0]
V  [jvm.dll+0x7e17ea]
V  [jvm.dll+0x6759e5]
C  [ucrtbase.dll+0x21bb2]
C  [KERNEL32.DLL+0x17614]
C  [ntdll.dll+0x526a1]

VM_Operation (0x000000a49b8d6ab0): G1CollectForAllocation, mode: safepoint, requested by thread 0x000001c819b7cbb0


---------------  P R O C E S S  ---------------

Threads class SMR info:
_java_thread_list=0x000001c8192b7940, length=38, elements={
0x000001c816d14760, 0x000001c816d155d0, 0x000001c816d43a50, 0x000001c816d446c0,
0x000001c816d46080, 0x000001c816d46a30, 0x000001c816d47490, 0x000001c816d72550,
0x000001c8179b81a0, 0x000001c8179cb950, 0x000001c819469df0, 0x000001c81926c470,
0x000001c819248850, 0x000001c819275cb0, 0x000001c80c7e6410, 0x000001c818193580,
0x000001c8180c1370, 0x000001c8180c5940, 0x000001c8181e0c80, 0x000001c8181e2960,
0x000001c819b7aa00, 0x000001c819b7d550, 0x000001c819b779e0, 0x000001c819b7def0,
0x000001c819b7cbb0, 0x000001c81bb26a20, 0x000001c81bb273c0, 0x000001c8265186c0,
0x000001c826517380, 0x000001c819b77510, 0x000001c819b791f0, 0x000001c81bb26080,
0x000001c826517850, 0x000001c81b3ed530, 0x000001c819b78380, 0x000001c81bb27890,
0x000001c81b3eded0, 0x000001c81b3eda00
}

Java Threads: ( => current thread )
  0x000001c816d14760 JavaThread "Reference Handler" daemon [_thread_blocked, id=10560, stack(0x000000a499d00000,0x000000a499e00000)]
  0x000001c816d155d0 JavaThread "Finalizer" daemon [_thread_blocked, id=13208, stack(0x000000a499e00000,0x000000a499f00000)]
  0x000001c816d43a50 JavaThread "Signal Dispatcher" daemon [_thread_blocked, id=8144, stack(0x000000a499f00000,0x000000a49a000000)]
  0x000001c816d446c0 JavaThread "Attach Listener" daemon [_thread_blocked, id=6056, stack(0x000000a49a000000,0x000000a49a100000)]
  0x000001c816d46080 JavaThread "Service Thread" daemon [_thread_blocked, id=9996, stack(0x000000a49a100000,0x000000a49a200000)]
  0x000001c816d46a30 JavaThread "Monitor Deflation Thread" daemon [_thread_blocked, id=6856, stack(0x000000a49a200000,0x000000a49a300000)]
  0x000001c816d47490 JavaThread "C1 CompilerThread0" daemon [_thread_blocked, id=7756, stack(0x000000a49a300000,0x000000a49a400000)]
  0x000001c816d72550 JavaThread "Sweeper thread" daemon [_thread_blocked, id=6664, stack(0x000000a49a400000,0x000000a49a500000)]
  0x000001c8179b81a0 JavaThread "Notification Thread" daemon [_thread_blocked, id=3976, stack(0x000000a49a600000,0x000000a49a700000)]
  0x000001c8179cb950 JavaThread "Common-Cleaner" daemon [_thread_blocked, id=5128, stack(0x000000a49a800000,0x000000a49a900000)]
  0x000001c819469df0 JavaThread "boundedElastic-evictor-1" daemon [_thread_blocked, id=13128, stack(0x000000a49ad00000,0x000000a49ae00000)]
  0x000001c81926c470 JavaThread "boundedElastic-evictor-2" daemon [_thread_blocked, id=1376, stack(0x000000a49ae00000,0x000000a49af00000)]
  0x000001c819248850 JavaThread "pool-10-thread-1" [_thread_blocked, id=2068, stack(0x000000a49af00000,0x000000a49b000000)]
  0x000001c819275cb0 JavaThread "LanguageServerApp-lifecycle" [_thread_blocked, id=7348, stack(0x000000a49b000000,0x000000a49b100000)]
  0x000001c80c7e6410 JavaThread "DestroyJavaVM" [_thread_blocked, id=5792, stack(0x000000a499600000,0x000000a499700000)]
  0x000001c818193580 JavaThread "pool-11-thread-1" [_thread_in_native, id=11252, stack(0x000000a49b100000,0x000000a49b200000)]
  0x000001c8180c1370 JavaThread "Simple-Language-Server main thread" daemon [_thread_blocked, id=1368, stack(0x000000a49b200000,0x000000a49b300000)]
  0x000001c8180c5940 JavaThread "pool-6-thread-1" [_thread_blocked, id=6600, stack(0x000000a49b300000,0x000000a49b400000)]
  0x000001c8181e0c80 JavaThread "parallel-1" daemon [_thread_blocked, id=8344, stack(0x000000a49bd00000,0x000000a49be00000)]
  0x000001c8181e2960 JavaThread "pool-4-thread-1" [_thread_blocked, id=2752, stack(0x000000a49ac00000,0x000000a49ad00000)]
  0x000001c819b7aa00 JavaThread "parallel-2" daemon [_thread_blocked, id=8476, stack(0x000000a49c200000,0x000000a49c300000)]
  0x000001c819b7d550 JavaThread "parallel-3" daemon [_thread_blocked, id=12224, stack(0x000000a49c300000,0x000000a49c400000)]
  0x000001c819b779e0 JavaThread "parallel-4" daemon [_thread_blocked, id=872, stack(0x000000a49c500000,0x000000a49c600000)]
  0x000001c819b7def0 JavaThread "Reconciler-1" daemon [_thread_blocked, id=8452, stack(0x000000a49b900000,0x000000a49ba00000)]
  0x000001c819b7cbb0 JavaThread "ForkJoinPool.commonPool-worker-17" daemon [_thread_blocked, id=3736, stack(0x000000a49b800000,0x000000a49b900000)]
  0x000001c81bb26a20 JavaThread "ForkJoinPool-1-worker-18" daemon [_thread_blocked, id=2768, stack(0x000000a49bb00000,0x000000a49bc00000)]
  0x000001c81bb273c0 JavaThread "ForkJoinPool.commonPool-worker-18" daemon [_thread_blocked, id=2744, stack(0x000000a49bc00000,0x000000a49bd00000)]
  0x000001c8265186c0 JavaThread "ForkJoinPool-1-worker-20" daemon [_thread_blocked, id=4824, stack(0x000000a49c400000,0x000000a49c500000)]
  0x000001c826517380 JavaThread "ForkJoinPool-1-worker-21" daemon [_thread_blocked, id=3732, stack(0x000000a49c600000,0x000000a49c700000)]
  0x000001c819b77510 JavaThread "pool-3-thread-33" [_thread_blocked, id=3156, stack(0x000000a499400000,0x000000a499500000)]
  0x000001c819b791f0 JavaThread "ForkJoinPool.commonPool-worker-19" daemon [_thread_blocked, id=7116, stack(0x000000a499500000,0x000000a499600000)]
  0x000001c81bb26080 JavaThread "pool-3-thread-34" [_thread_blocked, id=2208, stack(0x000000a49b400000,0x000000a49b500000)]
  0x000001c826517850 JavaThread "pool-2-thread-16" [_thread_blocked, id=12536, stack(0x000000a49b500000,0x000000a49b600000)]
  0x000001c81b3ed530 JavaThread "pool-3-thread-35" [_thread_blocked, id=2872, stack(0x000000a49b700000,0x000000a49b800000)]
  0x000001c819b78380 JavaThread "pool-3-thread-36" [_thread_blocked, id=7472, stack(0x000000a49ba00000,0x000000a49bb00000)]
  0x000001c81bb27890 JavaThread "Project-Reconciler-9" daemon [_thread_blocked, id=10092, stack(0x000000a49be00000,0x000000a49bf00000)]
  0x000001c81b3eded0 JavaThread "Project-Reconciler-8" daemon [_thread_blocked, id=12620, stack(0x000000a49bf00000,0x000000a49c000000)]
  0x000001c81b3eda00 JavaThread "ForkJoinPool-1-worker-22" daemon [_thread_blocked, id=5384, stack(0x000000a49c000000,0x000000a49c100000)]

Other Threads:
=>0x000001c816cfd040 VMThread "VM Thread" [stack: 0x000000a499c00000,0x000000a499d00000] [id=8320]
  0x000001c8179b8670 WatcherThread [stack: 0x000000a49a700000,0x000000a49a800000] [id=11300]
  0x000001c80c824d20 GCTaskThread "GC Thread#0" [stack: 0x000000a499700000,0x000000a499800000] [id=10200]
  0x000001c818068230 GCTaskThread "GC Thread#1" [stack: 0x000000a49a900000,0x000000a49aa00000] [id=12440]
  0x000001c817ce3120 GCTaskThread "GC Thread#2" [stack: 0x000000a49aa00000,0x000000a49ab00000] [id=11836]
  0x000001c8183a4550 GCTaskThread "GC Thread#3" [stack: 0x000000a49ab00000,0x000000a49ac00000] [id=8760]
  0x000001c80c82da70 ConcurrentGCThread "G1 Main Marker" [stack: 0x000000a499800000,0x000000a499900000] [id=7416]
  0x000001c80c82e480 ConcurrentGCThread "G1 Conc#0" [stack: 0x000000a499900000,0x000000a499a00000] [id=10752]
  0x000001c80c87a0b0 ConcurrentGCThread "G1 Refine#0" [stack: 0x000000a499a00000,0x000000a499b00000] [id=12472]
  0x000001c818317900 ConcurrentGCThread "G1 Refine#1" [stack: 0x000000a49c100000,0x000000a49c200000] [id=2612]
  0x000001c8197bc020 ConcurrentGCThread "G1 Refine#2" [stack: 0x000000a49a500000,0x000000a49a600000] [id=2568]
  0x000001c8197bd440 ConcurrentGCThread "G1 Refine#3" [stack: 0x000000a49b600000,0x000000a49b700000] [id=2276]
  0x000001c80c87aad0 ConcurrentGCThread "G1 Service" [stack: 0x000000a499b00000,0x000000a499c00000] [id=1276]

Threads with active compile tasks:

VM state: at safepoint (normal execution)

VM Mutex/Monitor currently owned by a thread:  ([mutex/lock_event])
[0x000001c80a679030] Threads_lock - owner thread: 0x000001c816cfd040
[0x000001c80a73a1d0] Heap_lock - owner thread: 0x000001c819b7cbb0

Heap address: 0x00000000c0000000, size: 1024 MB, Compressed Oops mode: 32-bit

CDS archive(s) not mapped
Compressed class space mapped at: 0x0000000100000000-0x0000000140000000, reserved size: 1073741824
Narrow klass base: 0x0000000000000000, Narrow klass shift: 3, Narrow klass range: 0x140000000

GC Precious Log:
 CPUs: 4 total, 4 available
 Memory: 4004M
 Large Page Support: Disabled
 NUMA Support: Disabled
 Compressed Oops: Enabled (32-bit)
 Heap Region Size: 1M
 Heap Min Capacity: 8M
 Heap Initial Capacity: 64M
 Heap Max Capacity: 1G
 Pre-touch: Disabled
 Parallel Workers: 4
 Concurrent Workers: 1
 Concurrent Refinement Workers: 4
 Periodic GC: Disabled

Heap:
 garbage-first heap   total 324608K, used 197355K [0x00000000c0000000, 0x0000000100000000)
  region size 1024K, 6 young (6144K), 6 survivors (6144K)
 Metaspace       used 70149K, committed 70720K, reserved 1114112K
  class space    used 9532K, committed 9792K, reserved 1048576K

Heap Regions: E=young(eden), S=young(survivor), O=old, HS=humongous(starts), HC=humongous(continues), CS=collection set, F=free, OA=open archive, CA=closed archive, TAMS=top-at-mark-start (previous, next)
|   0|0x00000000c0000000, 0x00000000c0100000, 0x00000000c0100000|100%| O|  |TAMS 0x00000000c0100000, 0x00000000c0100000| Untracked 
|   1|0x00000000c0100000, 0x00000000c0200000, 0x00000000c0200000|100%| O|  |TAMS 0x00000000c0200000, 0x00000000c0200000| Untracked 
|   2|0x00000000c0200000, 0x00000000c0300000, 0x00000000c0300000|100%| O|  |TAMS 0x00000000c0300000, 0x00000000c0300000| Untracked 
|   3|0x00000000c0300000, 0x00000000c03ffff0, 0x00000000c0400000| 99%| O|  |TAMS 0x00000000c03ffff0, 0x00000000c03ffff0| Untracked 
|   4|0x00000000c0400000, 0x00000000c04fffe8, 0x00000000c0500000| 99%| O|  |TAMS 0x00000000c04fffe8, 0x00000000c04fffe8| Untracked 
|   5|0x00000000c0500000, 0x00000000c0600000, 0x00000000c0600000|100%| O|  |TAMS 0x00000000c0600000, 0x00000000c0600000| Untracked 
|   6|0x00000000c0600000, 0x00000000c06fffe8, 0x00000000c0700000| 99%| O|  |TAMS 0x00000000c06fffe8, 0x00000000c06fffe8| Untracked 
|   7|0x00000000c0700000, 0x00000000c0800000, 0x00000000c0800000|100%| O|  |TAMS 0x00000000c0800000, 0x00000000c0800000| Untracked 
|   8|0x00000000c0800000, 0x00000000c08fffc8, 0x00000000c0900000| 99%| O|  |TAMS 0x00000000c08fffc8, 0x00000000c08fffc8| Untracked 
|   9|0x00000000c0900000, 0x00000000c09fffe0, 0x00000000c0a00000| 99%| O|  |TAMS 0x00000000c09fffe0, 0x00000000c09fffe0| Untracked 
|  10|0x00000000c0a00000, 0x00000000c0afffe0, 0x00000000c0b00000| 99%| O|  |TAMS 0x00000000c0afffe0, 0x00000000c0afffe0| Untracked 
|  11|0x00000000c0b00000, 0x00000000c0bffef0, 0x00000000c0c00000| 99%| O|  |TAMS 0x00000000c0bffef0, 0x00000000c0bffef0| Untracked 
|  12|0x00000000c0c00000, 0x00000000c0cffff8, 0x00000000c0d00000| 99%| O|  |TAMS 0x00000000c0cffff8, 0x00000000c0cffff8| Untracked 
|  13|0x00000000c0d00000, 0x00000000c0dfffe0, 0x00000000c0e00000| 99%| O|  |TAMS 0x00000000c0dfffe0, 0x00000000c0dfffe0| Untracked 
|  14|0x00000000c0e00000, 0x00000000c0efffd8, 0x00000000c0f00000| 99%| O|  |TAMS 0x00000000c0efffd8, 0x00000000c0efffd8| Untracked 
|  15|0x00000000c0f00000, 0x00000000c1000000, 0x00000000c1000000|100%| O|  |TAMS 0x00000000c1000000, 0x00000000c1000000| Untracked 
|  16|0x00000000c1000000, 0x00000000c10fffe0, 0x00000000c1100000| 99%| O|  |TAMS 0x00000000c10fffe0, 0x00000000c10fffe0| Untracked 
|  17|0x00000000c1100000, 0x00000000c11fffe0, 0x00000000c1200000| 99%| O|  |TAMS 0x00000000c11fffe0, 0x00000000c11fffe0| Untracked 
|  18|0x00000000c1200000, 0x00000000c12ffff0, 0x00000000c1300000| 99%| O|  |TAMS 0x00000000c12ffff0, 0x00000000c12ffff0| Untracked 
|  19|0x00000000c1300000, 0x00000000c13fffd0, 0x00000000c1400000| 99%| O|  |TAMS 0x00000000c13fffd0, 0x00000000c13fffd0| Untracked 
|  20|0x00000000c1400000, 0x00000000c14fffe0, 0x00000000c1500000| 99%| O|  |TAMS 0x00000000c14fffe0, 0x00000000c14fffe0| Untracked 
|  21|0x00000000c1500000, 0x00000000c15fd620, 0x00000000c1600000| 98%| O|  |TAMS 0x00000000c15fd620, 0x00000000c15fd620| Untracked 
|  22|0x00000000c1600000, 0x00000000c16ffff8, 0x00000000c1700000| 99%| O|  |TAMS 0x00000000c16ffff8, 0x00000000c16ffff8| Untracked 
|  23|0x00000000c1700000, 0x00000000c17fffe0, 0x00000000c1800000| 99%| O|  |TAMS 0x00000000c17fffe0, 0x00000000c17fffe0| Untracked 
|  24|0x00000000c1800000, 0x00000000c1900000, 0x00000000c1900000|100%| O|  |TAMS 0x00000000c1900000, 0x00000000c1900000| Untracked 
|  25|0x00000000c1900000, 0x00000000c19ffff8, 0x00000000c1a00000| 99%| O|  |TAMS 0x00000000c19ffff8, 0x00000000c19ffff8| Untracked 
|  26|0x00000000c1a00000, 0x00000000c1afffb0, 0x00000000c1b00000| 99%| O|  |TAMS 0x00000000c1afffb0, 0x00000000c1afffb0| Untracked 
|  27|0x00000000c1b00000, 0x00000000c1bffff8, 0x00000000c1c00000| 99%| O|  |TAMS 0x00000000c1bffff8, 0x00000000c1bffff8| Untracked 
|  28|0x00000000c1c00000, 0x00000000c1cfffe0, 0x00000000c1d00000| 99%| O|  |TAMS 0x00000000c1cfffe0, 0x00000000c1cfffe0| Untracked 
|  29|0x00000000c1d00000, 0x00000000c1df9760, 0x00000000c1e00000| 97%| O|  |TAMS 0x00000000c1df9760, 0x00000000c1df9760| Untracked 
|  30|0x00000000c1e00000, 0x00000000c1effff8, 0x00000000c1f00000| 99%| O|  |TAMS 0x00000000c1effff8, 0x00000000c1effff8| Untracked 
|  31|0x00000000c1f00000, 0x00000000c1fffff0, 0x00000000c2000000| 99%| O|  |TAMS 0x00000000c1fffff0, 0x00000000c1fffff0| Untracked 
|  32|0x00000000c2000000, 0x00000000c2100000, 0x00000000c2100000|100%| O|  |TAMS 0x00000000c2100000, 0x00000000c2100000| Untracked 
|  33|0x00000000c2100000, 0x00000000c21fffe0, 0x00000000c2200000| 99%| O|  |TAMS 0x00000000c21fffe0, 0x00000000c21fffe0| Untracked 
|  34|0x00000000c2200000, 0x00000000c22fffc8, 0x00000000c2300000| 99%| O|  |TAMS 0x00000000c22fffc8, 0x00000000c22fffc8| Untracked 
|  35|0x00000000c2300000, 0x00000000c23f9390, 0x00000000c2400000| 97%| O|  |TAMS 0x00000000c23f9390, 0x00000000c23f9390| Untracked 
|  36|0x00000000c2400000, 0x00000000c24fffd8, 0x00000000c2500000| 99%| O|  |TAMS 0x00000000c24fffd8, 0x00000000c24fffd8| Untracked 
|  37|0x00000000c2500000, 0x00000000c25fffc8, 0x00000000c2600000| 99%| O|  |TAMS 0x00000000c25fffc8, 0x00000000c25fffc8| Untracked 
|  38|0x00000000c2600000, 0x00000000c26fffd0, 0x00000000c2700000| 99%| O|  |TAMS 0x00000000c26fffd0, 0x00000000c26fffd0| Untracked 
|  39|0x00000000c2700000, 0x00000000c27ffff8, 0x00000000c2800000| 99%| O|  |TAMS 0x00000000c27ffff8, 0x00000000c27ffff8| Untracked 
|  40|0x00000000c2800000, 0x00000000c28a5c28, 0x00000000c2900000| 64%| O|  |TAMS 0x00000000c2800000, 0x00000000c28a5c28| Untracked 
|  41|0x00000000c2900000, 0x00000000c29d1820, 0x00000000c2a00000| 81%| O|  |TAMS 0x00000000c2900000, 0x00000000c29d1820| Untracked 
|  42|0x00000000c2a00000, 0x00000000c2b00000, 0x00000000c2b00000|100%|HS|  |TAMS 0x00000000c2a00000, 0x00000000c2b00000| Complete 
|  43|0x00000000c2b00000, 0x00000000c2b60f50, 0x00000000c2c00000| 37%| O|  |TAMS 0x00000000c2b00000, 0x00000000c2b60f50| Untracked 
|  44|0x00000000c2c00000, 0x00000000c2cffd10, 0x00000000c2d00000| 99%| O|  |TAMS 0x00000000c2cffd10, 0x00000000c2cffd10| Untracked 
|  45|0x00000000c2d00000, 0x00000000c2dffff8, 0x00000000c2e00000| 99%| O|  |TAMS 0x00000000c2dffff8, 0x00000000c2dffff8| Untracked 
|  46|0x00000000c2e00000, 0x00000000c2effff0, 0x00000000c2f00000| 99%| O|  |TAMS 0x00000000c2effff0, 0x00000000c2effff0| Untracked 
|  47|0x00000000c2f00000, 0x00000000c2fff500, 0x00000000c3000000| 99%| O|  |TAMS 0x00000000c2fff500, 0x00000000c2fff500| Untracked 
|  48|0x00000000c3000000, 0x00000000c30fff80, 0x00000000c3100000| 99%| O|  |TAMS 0x00000000c30fff80, 0x00000000c30fff80| Untracked 
|  49|0x00000000c3100000, 0x00000000c3200000, 0x00000000c3200000|100%|HS|  |TAMS 0x00000000c3100000, 0x00000000c3200000| Complete 
|  50|0x00000000c3200000, 0x00000000c32ffff0, 0x00000000c3300000| 99%| O|  |TAMS 0x00000000c32ffff0, 0x00000000c32ffff0| Untracked 
|  51|0x00000000c3300000, 0x00000000c3400000, 0x00000000c3400000|100%| O|  |TAMS 0x00000000c3300000, 0x00000000c3400000| Untracked 
|  52|0x00000000c3400000, 0x00000000c34ffff0, 0x00000000c3500000| 99%| O|  |TAMS 0x00000000c34ffff0, 0x00000000c34ffff0| Untracked 
|  53|0x00000000c3500000, 0x00000000c35fb010, 0x00000000c3600000| 98%| O|  |TAMS 0x00000000c35fb010, 0x00000000c35fb010| Untracked 
|  54|0x00000000c3600000, 0x00000000c3700000, 0x00000000c3700000|100%| O|  |TAMS 0x00000000c3600000, 0x00000000c3700000| Untracked 
|  55|0x00000000c3700000, 0x00000000c3800000, 0x00000000c3800000|100%| O|  |TAMS 0x00000000c3700000, 0x00000000c3800000| Untracked 
|  56|0x00000000c3800000, 0x00000000c38fc420, 0x00000000c3900000| 98%| O|  |TAMS 0x00000000c38fc420, 0x00000000c38fc420| Untracked 
|  57|0x00000000c3900000, 0x00000000c39fd6e8, 0x00000000c3a00000| 98%| O|  |TAMS 0x00000000c39fd6e8, 0x00000000c39fd6e8| Untracked 
|  58|0x00000000c3a00000, 0x00000000c3b00000, 0x00000000c3b00000|100%| O|  |TAMS 0x00000000c3a00000, 0x00000000c3b00000| Untracked 
|  59|0x00000000c3b00000, 0x00000000c3bffff8, 0x00000000c3c00000| 99%| O|  |TAMS 0x00000000c3bffff8, 0x00000000c3bffff8| Untracked 
|  60|0x00000000c3c00000, 0x00000000c3d00000, 0x00000000c3d00000|100%|HS|  |TAMS 0x00000000c3d00000, 0x00000000c3d00000| Untracked 
|  61|0x00000000c3d00000, 0x00000000c3e00000, 0x00000000c3e00000|100%| O|  |TAMS 0x00000000c3d00000, 0x00000000c3e00000| Untracked 
|  62|0x00000000c3e00000, 0x00000000c3efffe0, 0x00000000c3f00000| 99%| O|  |TAMS 0x00000000c3efffe0, 0x00000000c3efffe0| Untracked 
|  63|0x00000000c3f00000, 0x00000000c3ffffe8, 0x00000000c4000000| 99%| O|  |TAMS 0x00000000c3ffffe8, 0x00000000c3ffffe8| Untracked 
|  64|0x00000000c4000000, 0x00000000c4100000, 0x00000000c4100000|100%| O|  |TAMS 0x00000000c4000000, 0x00000000c4100000| Untracked 
|  65|0x00000000c4100000, 0x00000000c4200000, 0x00000000c4200000|100%| O|  |TAMS 0x00000000c4100000, 0x00000000c4200000| Untracked 
|  66|0x00000000c4200000, 0x00000000c42fffe8, 0x00000000c4300000| 99%| O|  |TAMS 0x00000000c42fffe8, 0x00000000c42fffe8| Untracked 
|  67|0x00000000c4300000, 0x00000000c4400000, 0x00000000c4400000|100%| O|  |TAMS 0x00000000c4300000, 0x00000000c4400000| Untracked 
|  68|0x00000000c4400000, 0x00000000c4500000, 0x00000000c4500000|100%| O|  |TAMS 0x00000000c4400000, 0x00000000c4500000| Untracked 
|  69|0x00000000c4500000, 0x00000000c4600000, 0x00000000c4600000|100%| O|  |TAMS 0x00000000c4500000, 0x00000000c4600000| Untracked 
|  70|0x00000000c4600000, 0x00000000c46fffa0, 0x00000000c4700000| 99%| O|  |TAMS 0x00000000c46fffa0, 0x00000000c46fffa0| Untracked 
|  71|0x00000000c4700000, 0x00000000c47fffc8, 0x00000000c4800000| 99%| O|  |TAMS 0x00000000c47fffc8, 0x00000000c47fffc8| Untracked 
|  72|0x00000000c4800000, 0x00000000c48ffff8, 0x00000000c4900000| 99%| O|  |TAMS 0x00000000c48ffff8, 0x00000000c48ffff8| Untracked 
|  73|0x00000000c4900000, 0x00000000c4a00000, 0x00000000c4a00000|100%| O|  |TAMS 0x00000000c4900000, 0x00000000c4a00000| Untracked 
|  74|0x00000000c4a00000, 0x00000000c4b00000, 0x00000000c4b00000|100%| O|  |TAMS 0x00000000c4a00000, 0x00000000c4b00000| Untracked 
|  75|0x00000000c4b00000, 0x00000000c4bffff0, 0x00000000c4c00000| 99%| O|  |TAMS 0x00000000c4bffff0, 0x00000000c4bffff0| Untracked 
|  76|0x00000000c4c00000, 0x00000000c4cffff8, 0x00000000c4d00000| 99%| O|  |TAMS 0x00000000c4cffff8, 0x00000000c4cffff8| Untracked 
|  77|0x00000000c4d00000, 0x00000000c4e00000, 0x00000000c4e00000|100%| O|  |TAMS 0x00000000c4d00000, 0x00000000c4e00000| Untracked 
|  78|0x00000000c4e00000, 0x00000000c4f00000, 0x00000000c4f00000|100%| O|  |TAMS 0x00000000c4f00000, 0x00000000c4f00000| Untracked 
|  79|0x00000000c4f00000, 0x00000000c5000000, 0x00000000c5000000|100%| O|  |TAMS 0x00000000c4f00000, 0x00000000c5000000| Untracked 
|  80|0x00000000c5000000, 0x00000000c50fffe8, 0x00000000c5100000| 99%| O|  |TAMS 0x00000000c50fffe8, 0x00000000c50fffe8| Untracked 
|  81|0x00000000c5100000, 0x00000000c5200000, 0x00000000c5200000|100%| O|  |TAMS 0x00000000c5100000, 0x00000000c5200000| Untracked 
|  82|0x00000000c5200000, 0x00000000c52fffb8, 0x00000000c5300000| 99%| O|  |TAMS 0x00000000c52fffb8, 0x00000000c52fffb8| Untracked 
|  83|0x00000000c5300000, 0x00000000c53fffe0, 0x00000000c5400000| 99%| O|  |TAMS 0x00000000c53fffe0, 0x00000000c53fffe0| Untracked 
|  84|0x00000000c5400000, 0x00000000c54fffc8, 0x00000000c5500000| 99%| O|  |TAMS 0x00000000c54fffc8, 0x00000000c54fffc8| Untracked 
|  85|0x00000000c5500000, 0x00000000c5600000, 0x00000000c5600000|100%| O|  |TAMS 0x00000000c5500000, 0x00000000c5600000| Untracked 
|  86|0x00000000c5600000, 0x00000000c56ffff8, 0x00000000c5700000| 99%| O|  |TAMS 0x00000000c56ffff8, 0x00000000c56ffff8| Untracked 
|  87|0x00000000c5700000, 0x00000000c5800000, 0x00000000c5800000|100%| O|  |TAMS 0x00000000c5700000, 0x00000000c5800000| Untracked 
|  88|0x00000000c5800000, 0x00000000c5900000, 0x00000000c5900000|100%| O|  |TAMS 0x00000000c5800000, 0x00000000c5900000| Untracked 
|  89|0x00000000c5900000, 0x00000000c5a00000, 0x00000000c5a00000|100%| O|  |TAMS 0x00000000c5900000, 0x00000000c5a00000| Untracked 
|  90|0x00000000c5a00000, 0x00000000c5b00000, 0x00000000c5b00000|100%| O|  |TAMS 0x00000000c5a00000, 0x00000000c5b00000| Untracked 
|  91|0x00000000c5b00000, 0x00000000c5c00000, 0x00000000c5c00000|100%| O|  |TAMS 0x00000000c5b00000, 0x00000000c5c00000| Untracked 
|  92|0x00000000c5c00000, 0x00000000c5d00000, 0x00000000c5d00000|100%|HS|  |TAMS 0x00000000c5d00000, 0x00000000c5d00000| Untracked 
|  93|0x00000000c5d00000, 0x00000000c5e00000, 0x00000000c5e00000|100%| O|  |TAMS 0x00000000c5e00000, 0x00000000c5e00000| Untracked 
|  94|0x00000000c5e00000, 0x00000000c5eff1b0, 0x00000000c5f00000| 99%| O|  |TAMS 0x00000000c5eff1b0, 0x00000000c5eff1b0| Untracked 
|  95|0x00000000c5f00000, 0x00000000c6000000, 0x00000000c6000000|100%| O|  |TAMS 0x00000000c5f00000, 0x00000000c6000000| Untracked 
|  96|0x00000000c6000000, 0x00000000c6100000, 0x00000000c6100000|100%| O|  |TAMS 0x00000000c6000000, 0x00000000c6100000| Untracked 
|  97|0x00000000c6100000, 0x00000000c6200000, 0x00000000c6200000|100%| O|  |TAMS 0x00000000c6200000, 0x00000000c6200000| Untracked 
|  98|0x00000000c6200000, 0x00000000c6300000, 0x00000000c6300000|100%| O|  |TAMS 0x00000000c6200000, 0x00000000c6300000| Untracked 
|  99|0x00000000c6300000, 0x00000000c6400000, 0x00000000c6400000|100%| O|  |TAMS 0x00000000c6300000, 0x00000000c6400000| Untracked 
| 100|0x00000000c6400000, 0x00000000c6500000, 0x00000000c6500000|100%| O|  |TAMS 0x00000000c6400000, 0x00000000c6500000| Untracked 
| 101|0x00000000c6500000, 0x00000000c65fffc0, 0x00000000c6600000| 99%| O|  |TAMS 0x00000000c65fffc0, 0x00000000c65fffc0| Untracked 
| 102|0x00000000c6600000, 0x00000000c6700000, 0x00000000c6700000|100%| O|  |TAMS 0x00000000c6600000, 0x00000000c6600000| Untracked 
| 103|0x00000000c6700000, 0x00000000c6800000, 0x00000000c6800000|100%| O|  |TAMS 0x00000000c6700000, 0x00000000c6700000| Untracked 
| 104|0x00000000c6800000, 0x00000000c6900000, 0x00000000c6900000|100%| O|  |TAMS 0x00000000c6800000, 0x00000000c6900000| Untracked 
| 105|0x00000000c6900000, 0x00000000c6a00000, 0x00000000c6a00000|100%| O|  |TAMS 0x00000000c6900000, 0x00000000c6a00000| Untracked 
| 106|0x00000000c6a00000, 0x00000000c6afffc8, 0x00000000c6b00000| 99%| O|  |TAMS 0x00000000c6afffc8, 0x00000000c6afffc8| Untracked 
| 107|0x00000000c6b00000, 0x00000000c6c00000, 0x00000000c6c00000|100%| O|  |TAMS 0x00000000c6b00000, 0x00000000c6c00000| Untracked 
| 108|0x00000000c6c00000, 0x00000000c6cffff8, 0x00000000c6d00000| 99%| O|  |TAMS 0x00000000c6cffff8, 0x00000000c6cffff8| Untracked 
| 109|0x00000000c6d00000, 0x00000000c6e00000, 0x00000000c6e00000|100%| O|  |TAMS 0x00000000c6e00000, 0x00000000c6e00000| Untracked 
| 110|0x00000000c6e00000, 0x00000000c6f00000, 0x00000000c6f00000|100%| O|  |TAMS 0x00000000c6f00000, 0x00000000c6f00000| Untracked 
| 111|0x00000000c6f00000, 0x00000000c7000000, 0x00000000c7000000|100%| O|  |TAMS 0x00000000c7000000, 0x00000000c7000000| Untracked 
| 112|0x00000000c7000000, 0x00000000c7100000, 0x00000000c7100000|100%| O|  |TAMS 0x00000000c7100000, 0x00000000c7100000| Untracked 
| 113|0x00000000c7100000, 0x00000000c7200000, 0x00000000c7200000|100%| O|  |TAMS 0x00000000c7200000, 0x00000000c7200000| Untracked 
| 114|0x00000000c7200000, 0x00000000c7300000, 0x00000000c7300000|100%| O|  |TAMS 0x00000000c7300000, 0x00000000c7300000| Untracked 
| 115|0x00000000c7300000, 0x00000000c7400000, 0x00000000c7400000|100%| O|  |TAMS 0x00000000c7300000, 0x00000000c7400000| Untracked 
| 116|0x00000000c7400000, 0x00000000c7500000, 0x00000000c7500000|100%| O|  |TAMS 0x00000000c7500000, 0x00000000c7500000| Untracked 
| 117|0x00000000c7500000, 0x00000000c7600000, 0x00000000c7600000|100%| O|  |TAMS 0x00000000c7600000, 0x00000000c7600000| Untracked 
| 118|0x00000000c7600000, 0x00000000c7700000, 0x00000000c7700000|100%| O|  |TAMS 0x00000000c7600000, 0x00000000c7700000| Untracked 
| 119|0x00000000c7700000, 0x00000000c7800000, 0x00000000c7800000|100%|HS|  |TAMS 0x00000000c7800000, 0x00000000c7800000| Untracked 
| 120|0x00000000c7800000, 0x00000000c7900000, 0x00000000c7900000|100%|HS|  |TAMS 0x00000000c7800000, 0x00000000c7900000| Complete 
| 121|0x00000000c7900000, 0x00000000c7a00000, 0x00000000c7a00000|100%|HC|  |TAMS 0x00000000c7900000, 0x00000000c7a00000| Complete 
| 122|0x00000000c7a00000, 0x00000000c7b00000, 0x00000000c7b00000|100%|HC|  |TAMS 0x00000000c7a00000, 0x00000000c7b00000| Complete 
| 123|0x00000000c7b00000, 0x00000000c7bffff8, 0x00000000c7c00000| 99%| O|  |TAMS 0x00000000c7bffff8, 0x00000000c7bffff8| Untracked 
| 124|0x00000000c7c00000, 0x00000000c7d00000, 0x00000000c7d00000|100%| O|  |TAMS 0x00000000c7c00000, 0x00000000c7d00000| Untracked 
| 125|0x00000000c7d00000, 0x00000000c7e00000, 0x00000000c7e00000|100%| O|  |TAMS 0x00000000c7d00000, 0x00000000c7e00000| Untracked 
| 126|0x00000000c7e00000, 0x00000000c7f00000, 0x00000000c7f00000|100%| O|  |TAMS 0x00000000c7e00000, 0x00000000c7f00000| Untracked 
| 127|0x00000000c7f00000, 0x00000000c8000000, 0x00000000c8000000|100%| O|  |TAMS 0x00000000c7f00000, 0x00000000c8000000| Untracked 
| 128|0x00000000c8000000, 0x00000000c8100000, 0x00000000c8100000|100%| O|  |TAMS 0x00000000c8000000, 0x00000000c8100000| Untracked 
| 129|0x00000000c8100000, 0x00000000c8200000, 0x00000000c8200000|100%|HS|  |TAMS 0x00000000c8200000, 0x00000000c8200000| Untracked 
| 130|0x00000000c8200000, 0x00000000c8300000, 0x00000000c8300000|100%|HC|  |TAMS 0x00000000c8300000, 0x00000000c8300000| Untracked 
| 131|0x00000000c8300000, 0x00000000c8400000, 0x00000000c8400000|100%|HC|  |TAMS 0x00000000c8400000, 0x00000000c8400000| Untracked 
| 132|0x00000000c8400000, 0x00000000c8500000, 0x00000000c8500000|100%| O|  |TAMS 0x00000000c8500000, 0x00000000c8500000| Untracked 
| 133|0x00000000c8500000, 0x00000000c8600000, 0x00000000c8600000|100%| O|  |TAMS 0x00000000c8500000, 0x00000000c8600000| Untracked 
| 134|0x00000000c8600000, 0x00000000c8700000, 0x00000000c8700000|100%| O|  |TAMS 0x00000000c8600000, 0x00000000c8700000| Untracked 
| 135|0x00000000c8700000, 0x00000000c8800000, 0x00000000c8800000|100%| O|  |TAMS 0x00000000c8700000, 0x00000000c8800000| Untracked 
| 136|0x00000000c8800000, 0x00000000c8900000, 0x00000000c8900000|100%| O|  |TAMS 0x00000000c8800000, 0x00000000c8900000| Untracked 
| 137|0x00000000c8900000, 0x00000000c8a00000, 0x00000000c8a00000|100%| O|  |TAMS 0x00000000c8900000, 0x00000000c8a00000| Untracked 
| 138|0x00000000c8a00000, 0x00000000c8b00000, 0x00000000c8b00000|100%| O|  |TAMS 0x00000000c8a00000, 0x00000000c8b00000| Untracked 
| 139|0x00000000c8b00000, 0x00000000c8c00000, 0x00000000c8c00000|100%| O|  |TAMS 0x00000000c8b00000, 0x00000000c8c00000| Untracked 
| 140|0x00000000c8c00000, 0x00000000c8d00000, 0x00000000c8d00000|100%| O|  |TAMS 0x00000000c8c00000, 0x00000000c8d00000| Untracked 
| 141|0x00000000c8d00000, 0x00000000c8e00000, 0x00000000c8e00000|100%| O|  |TAMS 0x00000000c8d00000, 0x00000000c8e00000| Untracked 
| 142|0x00000000c8e00000, 0x00000000c8f00000, 0x00000000c8f00000|100%| O|  |TAMS 0x00000000c8e00000, 0x00000000c8f00000| Untracked 
| 143|0x00000000c8f00000, 0x00000000c9000000, 0x00000000c9000000|100%| O|  |TAMS 0x00000000c8f00000, 0x00000000c9000000| Untracked 
| 144|0x00000000c9000000, 0x00000000c9100000, 0x00000000c9100000|100%| O|  |TAMS 0x00000000c9000000, 0x00000000c9100000| Untracked 
| 145|0x00000000c9100000, 0x00000000c9200000, 0x00000000c9200000|100%| O|  |TAMS 0x00000000c9100000, 0x00000000c9200000| Untracked 
| 146|0x00000000c9200000, 0x00000000c9300000, 0x00000000c9300000|100%| O|  |TAMS 0x00000000c9200000, 0x00000000c9300000| Untracked 
| 147|0x00000000c9300000, 0x00000000c9400000, 0x00000000c9400000|100%| O|  |TAMS 0x00000000c9400000, 0x00000000c9400000| Untracked 
| 148|0x00000000c9400000, 0x00000000c9500000, 0x00000000c9500000|100%| O|  |TAMS 0x00000000c9400000, 0x00000000c9500000| Untracked 
| 149|0x00000000c9500000, 0x00000000c9600000, 0x00000000c9600000|100%| O|  |TAMS 0x00000000c9500000, 0x00000000c9600000| Untracked 
| 150|0x00000000c9600000, 0x00000000c9700000, 0x00000000c9700000|100%| O|  |TAMS 0x00000000c9600000, 0x00000000c9700000| Untracked 
| 151|0x00000000c9700000, 0x00000000c9800000, 0x00000000c9800000|100%| O|  |TAMS 0x00000000c9700000, 0x00000000c9800000| Untracked 
| 152|0x00000000c9800000, 0x00000000c9900000, 0x00000000c9900000|100%| O|  |TAMS 0x00000000c9900000, 0x00000000c9900000| Untracked 
| 153|0x00000000c9900000, 0x00000000c9a00000, 0x00000000c9a00000|100%| O|  |TAMS 0x00000000c9900000, 0x00000000c9a00000| Untracked 
| 154|0x00000000c9a00000, 0x00000000c9b00000, 0x00000000c9b00000|100%| O|  |TAMS 0x00000000c9a00000, 0x00000000c9b00000| Untracked 
| 155|0x00000000c9b00000, 0x00000000c9c00000, 0x00000000c9c00000|100%| O|  |TAMS 0x00000000c9b00000, 0x00000000c9c00000| Untracked 
| 156|0x00000000c9c00000, 0x00000000c9d00000, 0x00000000c9d00000|100%| O|  |TAMS 0x00000000c9c00000, 0x00000000c9d00000| Untracked 
| 157|0x00000000c9d00000, 0x00000000c9e00000, 0x00000000c9e00000|100%|HS|  |TAMS 0x00000000c9d00000, 0x00000000c9e00000| Complete 
| 158|0x00000000c9e00000, 0x00000000c9f00000, 0x00000000c9f00000|100%|HC|  |TAMS 0x00000000c9e00000, 0x00000000c9f00000| Complete 
| 159|0x00000000c9f00000, 0x00000000ca000000, 0x00000000ca000000|100%|HC|  |TAMS 0x00000000c9f00000, 0x00000000ca000000| Complete 
| 160|0x00000000ca000000, 0x00000000ca100000, 0x00000000ca100000|100%| O|  |TAMS 0x00000000ca000000, 0x00000000ca100000| Untracked 
| 161|0x00000000ca100000, 0x00000000ca200000, 0x00000000ca200000|100%| O|  |TAMS 0x00000000ca100000, 0x00000000ca200000| Untracked 
| 162|0x00000000ca200000, 0x00000000ca300000, 0x00000000ca300000|100%| O|  |TAMS 0x00000000ca200000, 0x00000000ca300000| Untracked 
| 163|0x00000000ca300000, 0x00000000ca400000, 0x00000000ca400000|100%| O|  |TAMS 0x00000000ca300000, 0x00000000ca400000| Untracked 
| 164|0x00000000ca400000, 0x00000000ca500000, 0x00000000ca500000|100%| O|  |TAMS 0x00000000ca400000, 0x00000000ca500000| Untracked 
| 165|0x00000000ca500000, 0x00000000ca600000, 0x00000000ca600000|100%| O|  |TAMS 0x00000000ca500000, 0x00000000ca600000| Untracked 
| 166|0x00000000ca600000, 0x00000000ca700000, 0x00000000ca700000|100%| O|  |TAMS 0x00000000ca600000, 0x00000000ca700000| Untracked 
| 167|0x00000000ca700000, 0x00000000ca800000, 0x00000000ca800000|100%| O|  |TAMS 0x00000000ca700000, 0x00000000ca800000| Untracked 
| 168|0x00000000ca800000, 0x00000000ca900000, 0x00000000ca900000|100%| O|  |TAMS 0x00000000ca800000, 0x00000000ca900000| Untracked 
| 169|0x00000000ca900000, 0x00000000caa00000, 0x00000000caa00000|100%| O|  |TAMS 0x00000000ca900000, 0x00000000caa00000| Untracked 
| 170|0x00000000caa00000, 0x00000000cab00000, 0x00000000cab00000|100%| O|  |TAMS 0x00000000caa00000, 0x00000000cab00000| Untracked 
| 171|0x00000000cab00000, 0x00000000cac00000, 0x00000000cac00000|100%| O|  |TAMS 0x00000000cab00000, 0x00000000cac00000| Untracked 
| 172|0x00000000cac00000, 0x00000000cad00000, 0x00000000cad00000|100%| O|  |TAMS 0x00000000cac00000, 0x00000000cad00000| Untracked 
| 173|0x00000000cad00000, 0x00000000cae00000, 0x00000000cae00000|100%| O|  |TAMS 0x00000000cad00000, 0x00000000cae00000| Untracked 
| 174|0x00000000cae00000, 0x00000000caf00000, 0x00000000caf00000|100%| O|  |TAMS 0x00000000cae00000, 0x00000000cae80000| Untracked 
| 175|0x00000000caf00000, 0x00000000cb000000, 0x00000000cb000000|100%| O|  |TAMS 0x00000000caf00000, 0x00000000caf00000| Untracked 
| 176|0x00000000cb000000, 0x00000000cb100000, 0x00000000cb100000|100%| O|  |TAMS 0x00000000cb000000, 0x00000000cb000000| Untracked 
| 177|0x00000000cb100000, 0x00000000cb200000, 0x00000000cb200000|100%| O|  |TAMS 0x00000000cb100000, 0x00000000cb100000| Untracked 
| 178|0x00000000cb200000, 0x00000000cb300000, 0x00000000cb300000|100%| O|  |TAMS 0x00000000cb200000, 0x00000000cb200000| Untracked 
| 179|0x00000000cb300000, 0x00000000cb400000, 0x00000000cb400000|100%| O|  |TAMS 0x00000000cb300000, 0x00000000cb300000| Untracked 
| 180|0x00000000cb400000, 0x00000000cb500000, 0x00000000cb500000|100%| O|  |TAMS 0x00000000cb400000, 0x00000000cb400000| Untracked 
| 181|0x00000000cb500000, 0x00000000cb600000, 0x00000000cb600000|100%| O|  |TAMS 0x00000000cb500000, 0x00000000cb500000| Untracked 
| 182|0x00000000cb600000, 0x00000000cb700000, 0x00000000cb700000|100%| O|  |TAMS 0x00000000cb600000, 0x00000000cb600000| Untracked 
| 183|0x00000000cb700000, 0x00000000cb800000, 0x00000000cb800000|100%| O|  |TAMS 0x00000000cb700000, 0x00000000cb700000| Untracked 
| 184|0x00000000cb800000, 0x00000000cb900000, 0x00000000cb900000|100%| O|  |TAMS 0x00000000cb800000, 0x00000000cb800000| Untracked 
| 185|0x00000000cb900000, 0x00000000cb900000, 0x00000000cba00000|  0%| F|  |TAMS 0x00000000cb900000, 0x00000000cb900000| Untracked 
| 186|0x00000000cba00000, 0x00000000cba00000, 0x00000000cbb00000|  0%| F|  |TAMS 0x00000000cba00000, 0x00000000cba00000| Untracked 
| 187|0x00000000cbb00000, 0x00000000cbb00000, 0x00000000cbc00000|  0%| F|  |TAMS 0x00000000cbb00000, 0x00000000cbb00000| Untracked 
| 188|0x00000000cbc00000, 0x00000000cbc00000, 0x00000000cbd00000|  0%| F|  |TAMS 0x00000000cbc00000, 0x00000000cbc00000| Untracked 
| 189|0x00000000cbd00000, 0x00000000cbd00000, 0x00000000cbe00000|  0%| F|  |TAMS 0x00000000cbd00000, 0x00000000cbd00000| Untracked 
| 190|0x00000000cbe00000, 0x00000000cbe00000, 0x00000000cbf00000|  0%| F|  |TAMS 0x00000000cbe00000, 0x00000000cbe00000| Untracked 
| 191|0x00000000cbf00000, 0x00000000cbf00000, 0x00000000cc000000|  0%| F|  |TAMS 0x00000000cbf00000, 0x00000000cbf00000| Untracked 
| 192|0x00000000cc000000, 0x00000000cc000000, 0x00000000cc100000|  0%| F|  |TAMS 0x00000000cc000000, 0x00000000cc000000| Untracked 
| 193|0x00000000cc100000, 0x00000000cc100000, 0x00000000cc200000|  0%| F|  |TAMS 0x00000000cc100000, 0x00000000cc100000| Untracked 
| 194|0x00000000cc200000, 0x00000000cc200000, 0x00000000cc300000|  0%| F|  |TAMS 0x00000000cc200000, 0x00000000cc200000| Untracked 
| 195|0x00000000cc300000, 0x00000000cc300000, 0x00000000cc400000|  0%| F|  |TAMS 0x00000000cc300000, 0x00000000cc300000| Untracked 
| 196|0x00000000cc400000, 0x00000000cc400000, 0x00000000cc500000|  0%| F|  |TAMS 0x00000000cc400000, 0x00000000cc400000| Untracked 
| 197|0x00000000cc500000, 0x00000000cc500000, 0x00000000cc600000|  0%| F|  |TAMS 0x00000000cc500000, 0x00000000cc500000| Untracked 
| 198|0x00000000cc600000, 0x00000000cc600000, 0x00000000cc700000|  0%| F|  |TAMS 0x00000000cc600000, 0x00000000cc600000| Untracked 
| 199|0x00000000cc700000, 0x00000000cc700000, 0x00000000cc800000|  0%| F|  |TAMS 0x00000000cc700000, 0x00000000cc700000| Untracked 
| 200|0x00000000cc800000, 0x00000000cc800000, 0x00000000cc900000|  0%| F|  |TAMS 0x00000000cc800000, 0x00000000cc800000| Untracked 
| 201|0x00000000cc900000, 0x00000000cc900000, 0x00000000cca00000|  0%| F|  |TAMS 0x00000000cc900000, 0x00000000cc900000| Untracked 
| 202|0x00000000cca00000, 0x00000000cca00000, 0x00000000ccb00000|  0%| F|  |TAMS 0x00000000cca00000, 0x00000000cca00000| Untracked 
| 203|0x00000000ccb00000, 0x00000000ccb00000, 0x00000000ccc00000|  0%| F|  |TAMS 0x00000000ccb00000, 0x00000000ccb00000| Untracked 
| 204|0x00000000ccc00000, 0x00000000ccc00000, 0x00000000ccd00000|  0%| F|  |TAMS 0x00000000ccc00000, 0x00000000ccc00000| Untracked 
| 205|0x00000000ccd00000, 0x00000000ccd00000, 0x00000000cce00000|  0%| F|  |TAMS 0x00000000ccd00000, 0x00000000ccd00000| Untracked 
| 206|0x00000000cce00000, 0x00000000cce00000, 0x00000000ccf00000|  0%| F|  |TAMS 0x00000000cce00000, 0x00000000cce00000| Untracked 
| 207|0x00000000ccf00000, 0x00000000ccf00000, 0x00000000cd000000|  0%| F|  |TAMS 0x00000000ccf00000, 0x00000000ccf00000| Untracked 
| 208|0x00000000cd000000, 0x00000000cd000000, 0x00000000cd100000|  0%| F|  |TAMS 0x00000000cd000000, 0x00000000cd000000| Untracked 
| 209|0x00000000cd100000, 0x00000000cd100000, 0x00000000cd200000|  0%| F|  |TAMS 0x00000000cd100000, 0x00000000cd100000| Untracked 
| 210|0x00000000cd200000, 0x00000000cd200000, 0x00000000cd300000|  0%| F|  |TAMS 0x00000000cd200000, 0x00000000cd200000| Untracked 
| 211|0x00000000cd300000, 0x00000000cd300000, 0x00000000cd400000|  0%| F|  |TAMS 0x00000000cd300000, 0x00000000cd300000| Untracked 
| 212|0x00000000cd400000, 0x00000000cd400000, 0x00000000cd500000|  0%| F|  |TAMS 0x00000000cd400000, 0x00000000cd400000| Untracked 
| 213|0x00000000cd500000, 0x00000000cd500000, 0x00000000cd600000|  0%| F|  |TAMS 0x00000000cd500000, 0x00000000cd500000| Untracked 
| 214|0x00000000cd600000, 0x00000000cd600000, 0x00000000cd700000|  0%| F|  |TAMS 0x00000000cd600000, 0x00000000cd600000| Untracked 
| 215|0x00000000cd700000, 0x00000000cd700000, 0x00000000cd800000|  0%| F|  |TAMS 0x00000000cd700000, 0x00000000cd700000| Untracked 
| 216|0x00000000cd800000, 0x00000000cd800000, 0x00000000cd900000|  0%| F|  |TAMS 0x00000000cd800000, 0x00000000cd800000| Untracked 
| 217|0x00000000cd900000, 0x00000000cd900000, 0x00000000cda00000|  0%| F|  |TAMS 0x00000000cd900000, 0x00000000cd900000| Untracked 
| 218|0x00000000cda00000, 0x00000000cda00000, 0x00000000cdb00000|  0%| F|  |TAMS 0x00000000cda00000, 0x00000000cda00000| Untracked 
| 219|0x00000000cdb00000, 0x00000000cdb00000, 0x00000000cdc00000|  0%| F|  |TAMS 0x00000000cdb00000, 0x00000000cdb00000| Untracked 
| 220|0x00000000cdc00000, 0x00000000cdc00000, 0x00000000cdd00000|  0%| F|  |TAMS 0x00000000cdc00000, 0x00000000cdc00000| Untracked 
| 221|0x00000000cdd00000, 0x00000000cdd00000, 0x00000000cde00000|  0%| F|  |TAMS 0x00000000cdd00000, 0x00000000cdd00000| Untracked 
| 222|0x00000000cde00000, 0x00000000cde00000, 0x00000000cdf00000|  0%| F|  |TAMS 0x00000000cde00000, 0x00000000cde00000| Untracked 
| 223|0x00000000cdf00000, 0x00000000cdf00000, 0x00000000ce000000|  0%| F|  |TAMS 0x00000000cdf00000, 0x00000000cdf00000| Untracked 
| 224|0x00000000ce000000, 0x00000000ce000000, 0x00000000ce100000|  0%| F|  |TAMS 0x00000000ce000000, 0x00000000ce000000| Untracked 
| 225|0x00000000ce100000, 0x00000000ce100000, 0x00000000ce200000|  0%| F|  |TAMS 0x00000000ce100000, 0x00000000ce100000| Untracked 
| 226|0x00000000ce200000, 0x00000000ce200000, 0x00000000ce300000|  0%| F|  |TAMS 0x00000000ce200000, 0x00000000ce200000| Untracked 
| 227|0x00000000ce300000, 0x00000000ce300000, 0x00000000ce400000|  0%| F|  |TAMS 0x00000000ce300000, 0x00000000ce300000| Untracked 
| 228|0x00000000ce400000, 0x00000000ce400000, 0x00000000ce500000|  0%| F|  |TAMS 0x00000000ce400000, 0x00000000ce400000| Untracked 
| 229|0x00000000ce500000, 0x00000000ce500000, 0x00000000ce600000|  0%| F|  |TAMS 0x00000000ce500000, 0x00000000ce500000| Untracked 
| 230|0x00000000ce600000, 0x00000000ce600000, 0x00000000ce700000|  0%| F|  |TAMS 0x00000000ce600000, 0x00000000ce600000| Untracked 
| 231|0x00000000ce700000, 0x00000000ce700000, 0x00000000ce800000|  0%| F|  |TAMS 0x00000000ce700000, 0x00000000ce700000| Untracked 
| 232|0x00000000ce800000, 0x00000000ce800000, 0x00000000ce900000|  0%| F|  |TAMS 0x00000000ce800000, 0x00000000ce800000| Untracked 
| 233|0x00000000ce900000, 0x00000000ce900000, 0x00000000cea00000|  0%| F|  |TAMS 0x00000000ce900000, 0x00000000ce900000| Untracked 
| 234|0x00000000cea00000, 0x00000000cea00000, 0x00000000ceb00000|  0%| F|  |TAMS 0x00000000cea00000, 0x00000000cea00000| Untracked 
| 235|0x00000000ceb00000, 0x00000000ceb00000, 0x00000000cec00000|  0%| F|  |TAMS 0x00000000ceb00000, 0x00000000ceb00000| Untracked 
| 236|0x00000000cec00000, 0x00000000cec00000, 0x00000000ced00000|  0%| F|  |TAMS 0x00000000cec00000, 0x00000000cec00000| Untracked 
| 237|0x00000000ced00000, 0x00000000ced00000, 0x00000000cee00000|  0%| F|  |TAMS 0x00000000ced00000, 0x00000000ced00000| Untracked 
| 238|0x00000000cee00000, 0x00000000cee00000, 0x00000000cef00000|  0%| F|  |TAMS 0x00000000cee00000, 0x00000000cee00000| Untracked 
| 239|0x00000000cef00000, 0x00000000cf000000, 0x00000000cf000000|100%| S|CS|TAMS 0x00000000cef00000, 0x00000000cef00000| Complete 
| 240|0x00000000cf000000, 0x00000000cf100000, 0x00000000cf100000|100%| S|CS|TAMS 0x00000000cf000000, 0x00000000cf000000| Complete 
| 241|0x00000000cf100000, 0x00000000cf200000, 0x00000000cf200000|100%| S|CS|TAMS 0x00000000cf100000, 0x00000000cf100000| Complete 
| 242|0x00000000cf200000, 0x00000000cf300000, 0x00000000cf300000|100%| S|CS|TAMS 0x00000000cf200000, 0x00000000cf200000| Complete 
| 243|0x00000000cf300000, 0x00000000cf400000, 0x00000000cf400000|100%| S|CS|TAMS 0x00000000cf300000, 0x00000000cf300000| Complete 
| 244|0x00000000cf400000, 0x00000000cf500000, 0x00000000cf500000|100%| S|CS|TAMS 0x00000000cf400000, 0x00000000cf400000| Complete 
| 245|0x00000000cf500000, 0x00000000cf500000, 0x00000000cf600000|  0%| F|  |TAMS 0x00000000cf500000, 0x00000000cf500000| Untracked 
| 246|0x00000000cf600000, 0x00000000cf600000, 0x00000000cf700000|  0%| F|  |TAMS 0x00000000cf600000, 0x00000000cf600000| Untracked 
| 247|0x00000000cf700000, 0x00000000cf700000, 0x00000000cf800000|  0%| F|  |TAMS 0x00000000cf700000, 0x00000000cf700000| Untracked 
| 248|0x00000000cf800000, 0x00000000cf800000, 0x00000000cf900000|  0%| F|  |TAMS 0x00000000cf800000, 0x00000000cf800000| Untracked 
| 249|0x00000000cf900000, 0x00000000cf900000, 0x00000000cfa00000|  0%| F|  |TAMS 0x00000000cf900000, 0x00000000cf900000| Untracked 
| 250|0x00000000cfa00000, 0x00000000cfa00000, 0x00000000cfb00000|  0%| F|  |TAMS 0x00000000cfa00000, 0x00000000cfa00000| Untracked 
| 251|0x00000000cfb00000, 0x00000000cfb00000, 0x00000000cfc00000|  0%| F|  |TAMS 0x00000000cfb00000, 0x00000000cfb00000| Untracked 
| 252|0x00000000cfc00000, 0x00000000cfc00000, 0x00000000cfd00000|  0%| F|  |TAMS 0x00000000cfc00000, 0x00000000cfc00000| Untracked 
| 253|0x00000000cfd00000, 0x00000000cfd00000, 0x00000000cfe00000|  0%| F|  |TAMS 0x00000000cfd00000, 0x00000000cfd00000| Untracked 
| 254|0x00000000cfe00000, 0x00000000cfe00000, 0x00000000cff00000|  0%| F|  |TAMS 0x00000000cfe00000, 0x00000000cfe00000| Untracked 
| 255|0x00000000cff00000, 0x00000000d0000000, 0x00000000d0000000|100%| O|  |TAMS 0x00000000d0000000, 0x00000000d0000000| Untracked 
| 256|0x00000000d0000000, 0x00000000d0000000, 0x00000000d0100000|  0%| F|  |TAMS 0x00000000d0000000, 0x00000000d0000000| Untracked 
| 257|0x00000000d0100000, 0x00000000d0200000, 0x00000000d0200000|100%| O|  |TAMS 0x00000000d0200000, 0x00000000d0200000| Untracked 
| 258|0x00000000d0200000, 0x00000000d0300000, 0x00000000d0300000|100%| O|  |TAMS 0x00000000d0300000, 0x00000000d0300000| Untracked 
| 259|0x00000000d0300000, 0x00000000d0300000, 0x00000000d0400000|  0%| F|  |TAMS 0x00000000d0300000, 0x00000000d0300000| Untracked 
| 260|0x00000000d0400000, 0x00000000d0400000, 0x00000000d0500000|  0%| F|  |TAMS 0x00000000d0400000, 0x00000000d0400000| Untracked 
| 261|0x00000000d0500000, 0x00000000d0500000, 0x00000000d0600000|  0%| F|  |TAMS 0x00000000d0500000, 0x00000000d0500000| Untracked 
| 262|0x00000000d0600000, 0x00000000d0600000, 0x00000000d0700000|  0%| F|  |TAMS 0x00000000d0600000, 0x00000000d0600000| Untracked 
| 263|0x00000000d0700000, 0x00000000d0700000, 0x00000000d0800000|  0%| F|  |TAMS 0x00000000d0700000, 0x00000000d0700000| Untracked 
| 264|0x00000000d0800000, 0x00000000d0800000, 0x00000000d0900000|  0%| F|  |TAMS 0x00000000d0800000, 0x00000000d0800000| Untracked 
| 265|0x00000000d0900000, 0x00000000d0900000, 0x00000000d0a00000|  0%| F|  |TAMS 0x00000000d0900000, 0x00000000d0900000| Untracked 
| 266|0x00000000d0a00000, 0x00000000d0a00000, 0x00000000d0b00000|  0%| F|  |TAMS 0x00000000d0a00000, 0x00000000d0a00000| Untracked 
| 267|0x00000000d0b00000, 0x00000000d0b00000, 0x00000000d0c00000|  0%| F|  |TAMS 0x00000000d0b00000, 0x00000000d0b00000| Untracked 
| 268|0x00000000d0c00000, 0x00000000d0c00000, 0x00000000d0d00000|  0%| F|  |TAMS 0x00000000d0c00000, 0x00000000d0c00000| Untracked 
| 269|0x00000000d0d00000, 0x00000000d0d00000, 0x00000000d0e00000|  0%| F|  |TAMS 0x00000000d0d00000, 0x00000000d0d00000| Untracked 
| 270|0x00000000d0e00000, 0x00000000d0e00000, 0x00000000d0f00000|  0%| F|  |TAMS 0x00000000d0e00000, 0x00000000d0e00000| Untracked 
| 271|0x00000000d0f00000, 0x00000000d0f00000, 0x00000000d1000000|  0%| F|  |TAMS 0x00000000d0f00000, 0x00000000d0f00000| Untracked 
| 272|0x00000000d1000000, 0x00000000d1000000, 0x00000000d1100000|  0%| F|  |TAMS 0x00000000d1000000, 0x00000000d1000000| Untracked 
| 273|0x00000000d1100000, 0x00000000d1100000, 0x00000000d1200000|  0%| F|  |TAMS 0x00000000d1100000, 0x00000000d1100000| Untracked 
| 274|0x00000000d1200000, 0x00000000d1200000, 0x00000000d1300000|  0%| F|  |TAMS 0x00000000d1200000, 0x00000000d1200000| Untracked 
| 275|0x00000000d1300000, 0x00000000d1300000, 0x00000000d1400000|  0%| F|  |TAMS 0x00000000d1300000, 0x00000000d1300000| Untracked 
| 276|0x00000000d1400000, 0x00000000d1400000, 0x00000000d1500000|  0%| F|  |TAMS 0x00000000d1400000, 0x00000000d1400000| Untracked 
| 277|0x00000000d1500000, 0x00000000d1500000, 0x00000000d1600000|  0%| F|  |TAMS 0x00000000d1500000, 0x00000000d1500000| Untracked 
| 278|0x00000000d1600000, 0x00000000d1600000, 0x00000000d1700000|  0%| F|  |TAMS 0x00000000d1600000, 0x00000000d1600000| Untracked 
| 279|0x00000000d1700000, 0x00000000d1700000, 0x00000000d1800000|  0%| F|  |TAMS 0x00000000d1700000, 0x00000000d1700000| Untracked 
| 280|0x00000000d1800000, 0x00000000d1800000, 0x00000000d1900000|  0%| F|  |TAMS 0x00000000d1800000, 0x00000000d1800000| Untracked 
| 281|0x00000000d1900000, 0x00000000d1900000, 0x00000000d1a00000|  0%| F|  |TAMS 0x00000000d1900000, 0x00000000d1900000| Untracked 
| 282|0x00000000d1a00000, 0x00000000d1a00000, 0x00000000d1b00000|  0%| F|  |TAMS 0x00000000d1a00000, 0x00000000d1a00000| Untracked 
| 283|0x00000000d1b00000, 0x00000000d1b00000, 0x00000000d1c00000|  0%| F|  |TAMS 0x00000000d1b00000, 0x00000000d1b00000| Untracked 
| 284|0x00000000d1c00000, 0x00000000d1c00000, 0x00000000d1d00000|  0%| F|  |TAMS 0x00000000d1c00000, 0x00000000d1c00000| Untracked 
| 285|0x00000000d1d00000, 0x00000000d1d00000, 0x00000000d1e00000|  0%| F|  |TAMS 0x00000000d1d00000, 0x00000000d1d00000| Untracked 
| 286|0x00000000d1e00000, 0x00000000d1e00000, 0x00000000d1f00000|  0%| F|  |TAMS 0x00000000d1e00000, 0x00000000d1e00000| Untracked 
| 287|0x00000000d1f00000, 0x00000000d1f00000, 0x00000000d2000000|  0%| F|  |TAMS 0x00000000d1f00000, 0x00000000d1f00000| Untracked 
| 288|0x00000000d2000000, 0x00000000d2000000, 0x00000000d2100000|  0%| F|  |TAMS 0x00000000d2000000, 0x00000000d2000000| Untracked 
| 289|0x00000000d2100000, 0x00000000d2100000, 0x00000000d2200000|  0%| F|  |TAMS 0x00000000d2100000, 0x00000000d2100000| Untracked 
| 290|0x00000000d2200000, 0x00000000d2200000, 0x00000000d2300000|  0%| F|  |TAMS 0x00000000d2200000, 0x00000000d2200000| Untracked 
| 291|0x00000000d2300000, 0x00000000d2300000, 0x00000000d2400000|  0%| F|  |TAMS 0x00000000d2300000, 0x00000000d2300000| Untracked 
| 292|0x00000000d2400000, 0x00000000d2400000, 0x00000000d2500000|  0%| F|  |TAMS 0x00000000d2400000, 0x00000000d2400000| Untracked 
| 293|0x00000000d2500000, 0x00000000d2500000, 0x00000000d2600000|  0%| F|  |TAMS 0x00000000d2500000, 0x00000000d2500000| Untracked 
| 294|0x00000000d2600000, 0x00000000d2600000, 0x00000000d2700000|  0%| F|  |TAMS 0x00000000d2600000, 0x00000000d2600000| Untracked 
| 295|0x00000000d2700000, 0x00000000d2700000, 0x00000000d2800000|  0%| F|  |TAMS 0x00000000d2700000, 0x00000000d2700000| Untracked 
| 296|0x00000000d2800000, 0x00000000d2800000, 0x00000000d2900000|  0%| F|  |TAMS 0x00000000d2800000, 0x00000000d2800000| Untracked 
| 297|0x00000000d2900000, 0x00000000d2900000, 0x00000000d2a00000|  0%| F|  |TAMS 0x00000000d2900000, 0x00000000d2900000| Untracked 
| 298|0x00000000d2a00000, 0x00000000d2a00000, 0x00000000d2b00000|  0%| F|  |TAMS 0x00000000d2a00000, 0x00000000d2a00000| Untracked 
| 299|0x00000000d2b00000, 0x00000000d2b00000, 0x00000000d2c00000|  0%| F|  |TAMS 0x00000000d2b00000, 0x00000000d2b00000| Untracked 
| 300|0x00000000d2c00000, 0x00000000d2c00000, 0x00000000d2d00000|  0%| F|  |TAMS 0x00000000d2c00000, 0x00000000d2c00000| Untracked 
| 301|0x00000000d2d00000, 0x00000000d2d00000, 0x00000000d2e00000|  0%| F|  |TAMS 0x00000000d2d00000, 0x00000000d2d00000| Untracked 
| 302|0x00000000d2e00000, 0x00000000d2e00000, 0x00000000d2f00000|  0%| F|  |TAMS 0x00000000d2e00000, 0x00000000d2e00000| Untracked 
| 303|0x00000000d2f00000, 0x00000000d2f00000, 0x00000000d3000000|  0%| F|  |TAMS 0x00000000d2f00000, 0x00000000d2f00000| Untracked 
| 304|0x00000000d3000000, 0x00000000d3000000, 0x00000000d3100000|  0%| F|  |TAMS 0x00000000d3000000, 0x00000000d3000000| Untracked 
| 305|0x00000000d3100000, 0x00000000d3100000, 0x00000000d3200000|  0%| F|  |TAMS 0x00000000d3100000, 0x00000000d3100000| Untracked 
| 306|0x00000000d3200000, 0x00000000d3200000, 0x00000000d3300000|  0%| F|  |TAMS 0x00000000d3200000, 0x00000000d3200000| Untracked 
| 307|0x00000000d3300000, 0x00000000d3300000, 0x00000000d3400000|  0%| F|  |TAMS 0x00000000d3300000, 0x00000000d3300000| Untracked 
| 308|0x00000000d3400000, 0x00000000d3400000, 0x00000000d3500000|  0%| F|  |TAMS 0x00000000d3400000, 0x00000000d3400000| Untracked 
| 309|0x00000000d3500000, 0x00000000d3500000, 0x00000000d3600000|  0%| F|  |TAMS 0x00000000d3500000, 0x00000000d3500000| Untracked 
| 310|0x00000000d3600000, 0x00000000d3600000, 0x00000000d3700000|  0%| F|  |TAMS 0x00000000d3600000, 0x00000000d3600000| Untracked 
| 311|0x00000000d3700000, 0x00000000d3700000, 0x00000000d3800000|  0%| F|  |TAMS 0x00000000d3700000, 0x00000000d3700000| Untracked 
| 312|0x00000000d3800000, 0x00000000d3800000, 0x00000000d3900000|  0%| F|  |TAMS 0x00000000d3800000, 0x00000000d3800000| Untracked 
| 313|0x00000000d3900000, 0x00000000d3900000, 0x00000000d3a00000|  0%| F|  |TAMS 0x00000000d3900000, 0x00000000d3900000| Untracked 
| 314|0x00000000d3a00000, 0x00000000d3a00000, 0x00000000d3b00000|  0%| F|  |TAMS 0x00000000d3a00000, 0x00000000d3a00000| Untracked 
| 315|0x00000000d3b00000, 0x00000000d3b00000, 0x00000000d3c00000|  0%| F|  |TAMS 0x00000000d3b00000, 0x00000000d3b00000| Untracked 
| 316|0x00000000d3c00000, 0x00000000d3c00000, 0x00000000d3d00000|  0%| F|  |TAMS 0x00000000d3c00000, 0x00000000d3c00000| Untracked 

Card table byte_map: [0x000001c812470000,0x000001c812670000] _byte_map_base: 0x000001c811e70000

Marking Bits (Prev, Next): (CMBitMap*) 0x000001c80c825140, (CMBitMap*) 0x000001c80c825180
 Prev Bits: [0x000001c812870000, 0x000001c813870000)
 Next Bits: [0x000001c813870000, 0x000001c814870000)

Polling page: 0x000001c80a620000

Metaspace:

Usage:
  Non-class:     59.20 MB used.
      Class:      9.31 MB used.
       Both:     68.50 MB used.

Virtual space:
  Non-class space:       64.00 MB reserved,      59.50 MB ( 93%) committed,  8 nodes.
      Class space:        1.00 GB reserved,       9.56 MB ( <1%) committed,  1 nodes.
             Both:        1.06 GB reserved,      69.06 MB (  6%) committed. 

Chunk freelists:
   Non-Class:  576.00 KB
       Class:  2.37 MB
        Both:  2.93 MB

MaxMetaspaceSize: unlimited
CompressedClassSpaceSize: 1.00 GB
Initial GC threshold: 21.00 MB
Current GC threshold: 115.12 MB
CDS: off
MetaspaceReclaimPolicy: balanced
 - commit_granule_bytes: 65536.
 - commit_granule_words: 8192.
 - virtual_space_node_default_size: 1048576.
 - enlarge_chunks_in_place: 1.
 - new_chunks_are_fully_committed: 0.
 - uncommit_free_chunks: 1.
 - use_allocation_guard: 0.
 - handle_deallocations: 1.


Internal statistics:

num_allocs_failed_limit: 8.
num_arena_births: 832.
num_arena_deaths: 272.
num_vsnodes_births: 9.
num_vsnodes_deaths: 0.
num_space_committed: 1105.
num_space_uncommitted: 0.
num_chunks_returned_to_freelist: 329.
num_chunks_taken_from_freelist: 3321.
num_chunk_merges: 101.
num_chunk_splits: 2158.
num_chunks_enlarged: 1536.
num_purges: 22.
num_inconsistent_stats: 0.

CodeCache: size=49152Kb used=25740Kb max_used=26269Kb free=23411Kb
 bounds [0x000001c80f470000, 0x000001c810e20000, 0x000001c812470000]
 total_blobs=14422 nmethods=13730 adapters=618
 compilation: enabled
              stopped_count=0, restarted_count=0
 full_count=0

Compilation events (20 events):
Event: 2870.018 Thread 0x000001c816d47490 13941       1       org.openrewrite.java.tree.J$InstanceOf$Padding::access$13500 (5 bytes)
Event: 2870.018 Thread 0x000001c816d47490 nmethod 13941 0x000001c810e15090 code [0x000001c810e15220, 0x000001c810e152d8]
Event: 2870.019 Thread 0x000001c816d47490 13942       1       org.openrewrite.java.tree.J$Unary$Padding::access$26300 (5 bytes)
Event: 2870.019 Thread 0x000001c816d47490 nmethod 13942 0x000001c810e14d90 code [0x000001c810e14f20, 0x000001c810e14fd8]
Event: 2870.071 Thread 0x000001c816d47490 13943       1       java.lang.ThreadLocal$ThreadLocalMap::setThreshold (10 bytes)
Event: 2870.071 Thread 0x000001c816d47490 nmethod 13943 0x000001c810e14a90 code [0x000001c810e14c20, 0x000001c810e14d18]
Event: 2870.282 Thread 0x000001c816d47490 13944       1       org.openrewrite.java.JavaIsoVisitor::visitIf (7 bytes)
Event: 2870.284 Thread 0x000001c816d47490 nmethod 13944 0x000001c810e14710 code [0x000001c810e148a0, 0x000001c810e149a8]
Event: 2870.285 Thread 0x000001c816d47490 13945       1       org.openrewrite.java.JavaIsoVisitor::visitIf (10 bytes)
Event: 2870.286 Thread 0x000001c816d47490 nmethod 13945 0x000001c810e14390 code [0x000001c810e14520, 0x000001c810e14628]
Event: 2870.321 Thread 0x000001c816d47490 13946   !   1       org.eclipse.jdt.core.dom.ASTConverter::convert (765 bytes)
Event: 2870.330 Thread 0x000001c816d47490 nmethod 13946 0x000001c810e0fd10 code [0x000001c810e10340, 0x000001c810e124b8]
Event: 2870.382 Thread 0x000001c816d47490 13947       1       org.springframework.ide.vscode.boot.java.Boot3JavaProblemType::getCategory (4 bytes)
Event: 2870.383 Thread 0x000001c816d47490 nmethod 13947 0x000001c810e0fa10 code [0x000001c810e0fba0, 0x000001c810e0fc78]
Event: 2870.418 Thread 0x000001c816d47490 13948       1       org.openrewrite.java.tree.J$AnnotatedType::getMarkers (5 bytes)
Event: 2870.418 Thread 0x000001c816d47490 nmethod 13948 0x000001c810e0f710 code [0x000001c810e0f8a0, 0x000001c810e0f978]
Event: 2870.430 Thread 0x000001c816d47490 13949       1       org.springframework.ide.vscode.boot.java.rewrite.reconcile.BeanMethodNotPublicProblem$1$$Lambda$1183/0x0000000100961f98::test (12 bytes)
Event: 2870.431 Thread 0x000001c816d47490 nmethod 13949 0x000001c810e0f110 code [0x000001c810e0f2e0, 0x000001c810e0f578]
Event: 2870.592 Thread 0x000001c816d47490 13950       1       com.sun.tools.javac.util.List::toArray (12 bytes)
Event: 2870.593 Thread 0x000001c816d47490 nmethod 13950 0x000001c810e0ec90 code [0x000001c810e0ee20, 0x000001c810e0efc8]

GC Heap History (20 events):
Event: 2803.283 GC heap after
{Heap after GC invocations=288 (full 148):
 garbage-first heap   total 327680K, used 95979K [0x00000000c0000000, 0x0000000100000000)
  region size 1024K, 0 young (0K), 0 survivors (0K)
 Metaspace       used 70148K, committed 70720K, reserved 1114112K
  class space    used 9532K, committed 9792K, reserved 1048576K
}
Event: 2813.636 GC heap before
{Heap before GC invocations=288 (full 148):
 garbage-first heap   total 327680K, used 95979K [0x00000000c0000000, 0x0000000100000000)
  region size 1024K, 1 young (1024K), 0 survivors (0K)
 Metaspace       used 70148K, committed 70720K, reserved 1114112K
  class space    used 9532K, committed 9792K, reserved 1048576K
}
Event: 2813.732 GC heap after
{Heap after GC invocations=289 (full 149):
 garbage-first heap   total 324608K, used 95979K [0x00000000c0000000, 0x0000000100000000)
  region size 1024K, 0 young (0K), 0 survivors (0K)
 Metaspace       used 70148K, committed 70720K, reserved 1114112K
  class space    used 9532K, committed 9792K, reserved 1048576K
}
Event: 2834.201 GC heap before
{Heap before GC invocations=289 (full 149):
 garbage-first heap   total 324608K, used 232171K [0x00000000c0000000, 0x0000000100000000)
  region size 1024K, 133 young (136192K), 0 survivors (0K)
 Metaspace       used 70148K, committed 70720K, reserved 1114112K
  class space    used 9532K, committed 9792K, reserved 1048576K
}
Event: 2834.211 GC heap after
{Heap after GC invocations=290 (full 149):
 garbage-first heap   total 324608K, used 101099K [0x00000000c0000000, 0x0000000100000000)
  region size 1024K, 5 young (5120K), 5 survivors (5120K)
 Metaspace       used 70148K, committed 70720K, reserved 1114112K
  class space    used 9532K, committed 9792K, reserved 1048576K
}
Event: 2854.761 GC heap before
{Heap before GC invocations=290 (full 149):
 garbage-first heap   total 324608K, used 240363K [0x00000000c0000000, 0x0000000100000000)
  region size 1024K, 141 young (144384K), 5 survivors (5120K)
 Metaspace       used 70148K, committed 70720K, reserved 1114112K
  class space    used 9532K, committed 9792K, reserved 1048576K
}
Event: 2854.764 GC heap after
{Heap after GC invocations=291 (full 149):
 garbage-first heap   total 324608K, used 98390K [0x00000000c0000000, 0x0000000100000000)
  region size 1024K, 3 young (3072K), 3 survivors (3072K)
 Metaspace       used 70148K, committed 70720K, reserved 1114112K
  class space    used 9532K, committed 9792K, reserved 1048576K
}
Event: 2855.792 GC heap before
{Heap before GC invocations=291 (full 149):
 garbage-first heap   total 324608K, used 245846K [0x00000000c0000000, 0x0000000100000000)
  region size 1024K, 147 young (150528K), 3 survivors (3072K)
 Metaspace       used 70148K, committed 70720K, reserved 1114112K
  class space    used 9532K, committed 9792K, reserved 1048576K
}
Event: 2855.813 GC heap after
{Heap after GC invocations=292 (full 149):
 garbage-first heap   total 324608K, used 111639K [0x00000000c0000000, 0x0000000100000000)
  region size 1024K, 16 young (16384K), 16 survivors (16384K)
 Metaspace       used 70148K, committed 70720K, reserved 1114112K
  class space    used 9532K, committed 9792K, reserved 1048576K
}
Event: 2867.111 GC heap before
{Heap before GC invocations=292 (full 149):
 garbage-first heap   total 324608K, used 250903K [0x00000000c0000000, 0x0000000100000000)
  region size 1024K, 150 young (153600K), 16 survivors (16384K)
 Metaspace       used 70148K, committed 70720K, reserved 1114112K
  class space    used 9532K, committed 9792K, reserved 1048576K
}
Event: 2867.123 GC heap after
{Heap after GC invocations=293 (full 149):
 garbage-first heap   total 324608K, used 111674K [0x00000000c0000000, 0x0000000100000000)
  region size 1024K, 13 young (13312K), 13 survivors (13312K)
 Metaspace       used 70148K, committed 70720K, reserved 1114112K
  class space    used 9532K, committed 9792K, reserved 1048576K
}
Event: 2868.612 GC heap before
{Heap before GC invocations=293 (full 149):
 garbage-first heap   total 324608K, used 250938K [0x00000000c0000000, 0x0000000100000000)
  region size 1024K, 146 young (149504K), 13 survivors (13312K)
 Metaspace       used 70148K, committed 70720K, reserved 1114112K
  class space    used 9532K, committed 9792K, reserved 1048576K
}
Event: 2868.670 GC heap after
{Heap after GC invocations=294 (full 149):
 garbage-first heap   total 324608K, used 141057K [0x00000000c0000000, 0x0000000100000000)
  region size 1024K, 19 young (19456K), 19 survivors (19456K)
 Metaspace       used 70148K, committed 70720K, reserved 1114112K
  class space    used 9532K, committed 9792K, reserved 1048576K
}
Event: 2869.204 GC heap before
{Heap before GC invocations=294 (full 149):
 garbage-first heap   total 324608K, used 253697K [0x00000000c0000000, 0x0000000100000000)
  region size 1024K, 124 young (126976K), 19 survivors (19456K)
 Metaspace       used 70148K, committed 70720K, reserved 1114112K
  class space    used 9532K, committed 9792K, reserved 1048576K
}
Event: 2869.249 GC heap after
{Heap after GC invocations=295 (full 149):
 garbage-first heap   total 324608K, used 161003K [0x00000000c0000000, 0x0000000100000000)
  region size 1024K, 16 young (16384K), 16 survivors (16384K)
 Metaspace       used 70148K, committed 70720K, reserved 1114112K
  class space    used 9532K, committed 9792K, reserved 1048576K
}
Event: 2869.454 GC heap before
{Heap before GC invocations=295 (full 149):
 garbage-first heap   total 324608K, used 253163K [0x00000000c0000000, 0x0000000100000000)
  region size 1024K, 106 young (108544K), 16 survivors (16384K)
 Metaspace       used 70148K, committed 70720K, reserved 1114112K
  class space    used 9532K, committed 9792K, reserved 1048576K
}
Event: 2869.493 GC heap after
{Heap after GC invocations=296 (full 149):
 garbage-first heap   total 324608K, used 176875K [0x00000000c0000000, 0x0000000100000000)
  region size 1024K, 14 young (14336K), 14 survivors (14336K)
 Metaspace       used 70148K, committed 70720K, reserved 1114112K
  class space    used 9532K, committed 9792K, reserved 1048576K
}
Event: 2869.847 GC heap before
{Heap before GC invocations=296 (full 149):
 garbage-first heap   total 324608K, used 260843K [0x00000000c0000000, 0x0000000100000000)
  region size 1024K, 93 young (95232K), 14 survivors (14336K)
 Metaspace       used 70148K, committed 70720K, reserved 1114112K
  class space    used 9532K, committed 9792K, reserved 1048576K
}
Event: 2869.888 GC heap after
{Heap after GC invocations=297 (full 149):
 garbage-first heap   total 324608K, used 190699K [0x00000000c0000000, 0x0000000100000000)
  region size 1024K, 12 young (12288K), 12 survivors (12288K)
 Metaspace       used 70148K, committed 70720K, reserved 1114112K
  class space    used 9532K, committed 9792K, reserved 1048576K
}
Event: 2870.873 GC heap before
{Heap before GC invocations=297 (full 149):
 garbage-first heap   total 324608K, used 261355K [0x00000000c0000000, 0x0000000100000000)
  region size 1024K, 81 young (82944K), 12 survivors (12288K)
 Metaspace       used 70149K, committed 70720K, reserved 1114112K
  class space    used 9532K, committed 9792K, reserved 1048576K
}

Dll operation events (10 events):
Event: 0.012 Loaded shared library c:\Users\QuangNguyen\.vscode\extensions\redhat.java-1.14.0-win32-x64\jre\17.0.5-win32-x86_64\bin\java.dll
Event: 0.694 Loaded shared library C:\Users\QuangNguyen\.vscode\extensions\redhat.java-1.14.0-win32-x64\jre\17.0.5-win32-x86_64\bin\net.dll
Event: 0.701 Loaded shared library C:\Users\QuangNguyen\.vscode\extensions\redhat.java-1.14.0-win32-x64\jre\17.0.5-win32-x86_64\bin\nio.dll
Event: 1.309 Loaded shared library C:\Users\QuangNguyen\.vscode\extensions\redhat.java-1.14.0-win32-x64\jre\17.0.5-win32-x86_64\bin\zip.dll
Event: 13.572 Loaded shared library C:\Users\QuangNguyen\.vscode\extensions\redhat.java-1.14.0-win32-x64\jre\17.0.5-win32-x86_64\bin\jimage.dll
Event: 15.951 Loaded shared library c:\Users\QuangNguyen\.vscode\extensions\redhat.java-1.14.0-win32-x64\jre\17.0.5-win32-x86_64\bin\verify.dll
Event: 26.153 Loaded shared library C:\Users\QuangNguyen\.vscode\extensions\redhat.java-1.14.0-win32-x64\jre\17.0.5-win32-x86_64\bin\management.dll
Event: 26.217 Loaded shared library C:\Users\QuangNguyen\.vscode\extensions\redhat.java-1.14.0-win32-x64\jre\17.0.5-win32-x86_64\bin\management_ext.dll
Event: 48.336 Loaded shared library C:\Users\QuangNguyen\.vscode\extensions\redhat.java-1.14.0-win32-x64\jre\17.0.5-win32-x86_64\bin\sunmscapi.dll
Event: 59.921 Loaded shared library C:\Users\QuangNguyen\AppData\Local\Temp\snappy-1.1.8-e4ce24fa-a1fe-4d83-a875-32d34c06d19c-snappyjava.dll

Deoptimization events (20 events):
Event: 327.009 Thread 0x000001c8181e2960 DEOPT PACKING pc=0x000001c80fde634c sp=0x000000a49acfe970
Event: 327.009 Thread 0x000001c8181e2960 DEOPT UNPACKING pc=0x000001c80f4c2b43 sp=0x000000a49acfde50 mode 0
Event: 327.018 Thread 0x000001c8181e2960 DEOPT PACKING pc=0x000001c80fdd32c4 sp=0x000000a49acfec20
Event: 327.018 Thread 0x000001c8181e2960 DEOPT UNPACKING pc=0x000001c80f4c2b43 sp=0x000000a49acfe100 mode 0
Event: 327.018 Thread 0x000001c8181e2960 DEOPT PACKING pc=0x000001c80fde634c sp=0x000000a49acfecc0
Event: 327.018 Thread 0x000001c8181e2960 DEOPT UNPACKING pc=0x000001c80f4c2b43 sp=0x000000a49acfe1a0 mode 0
Event: 333.342 Thread 0x000001c8181e2960 DEOPT PACKING pc=0x000001c81041c4a0 sp=0x000000a49acfddf0
Event: 333.342 Thread 0x000001c8181e2960 DEOPT UNPACKING pc=0x000001c80f4c2b43 sp=0x000000a49acfd270 mode 3
Event: 449.580 Thread 0x000001c819b7e3c0 DEOPT PACKING pc=0x000001c8107b9b36 sp=0x000000a49b5fc990
Event: 449.580 Thread 0x000001c819b7e3c0 DEOPT UNPACKING pc=0x000001c80f4c2b43 sp=0x000000a49b5fbe88 mode 3
Event: 450.806 Thread 0x000001c819b78850 DEOPT PACKING pc=0x000001c8107ccd1e sp=0x000000a4994fdf40
Event: 450.806 Thread 0x000001c819b78850 DEOPT UNPACKING pc=0x000001c80f4c2b43 sp=0x000000a4994fd3f0 mode 3
Event: 476.852 Thread 0x000001c819b7e3c0 DEOPT PACKING pc=0x000001c81086b7d5 sp=0x000000a49b5fd300
Event: 476.852 Thread 0x000001c819b7e3c0 DEOPT UNPACKING pc=0x000001c80f4c2b43 sp=0x000000a49b5fc820 mode 3
Event: 779.454 Thread 0x000001c8181e2960 DEOPT PACKING pc=0x000001c8108749be sp=0x000000a49acfe800
Event: 779.454 Thread 0x000001c8181e2960 DEOPT UNPACKING pc=0x000001c80f4c2b43 sp=0x000000a49acfdd90 mode 0
Event: 779.686 Thread 0x000001c8181e2960 DEOPT PACKING pc=0x000001c81082aa64 sp=0x000000a49acfe6c0
Event: 779.688 Thread 0x000001c8181e2960 DEOPT UNPACKING pc=0x000001c80f4c2b43 sp=0x000000a49acfdbe0 mode 0
Event: 2755.147 Thread 0x000001c8181e2960 DEOPT PACKING pc=0x000001c810c2e43b sp=0x000000a49acfeb00
Event: 2755.148 Thread 0x000001c8181e2960 DEOPT UNPACKING pc=0x000001c80f4c2b43 sp=0x000000a49acfdfd8 mode 3

Classes unloaded (20 events):
Event: 976.860 Thread 0x000001c816cfd040 Unloading class 0x0000000100352000 'java/lang/invoke/LambdaForm$MH+0x0000000100352000'
Event: 976.860 Thread 0x000001c816cfd040 Unloading class 0x0000000100353400 'java/lang/invoke/LambdaForm$MH+0x0000000100353400'
Event: 976.860 Thread 0x000001c816cfd040 Unloading class 0x0000000100354400 'java/lang/invoke/LambdaForm$MH+0x0000000100354400'
Event: 976.860 Thread 0x000001c816cfd040 Unloading class 0x00000001000c8400 'java/lang/invoke/LambdaForm$MH+0x00000001000c8400'
Event: 976.860 Thread 0x000001c816cfd040 Unloading class 0x00000001000ca400 'java/lang/invoke/LambdaForm$MH+0x00000001000ca400'
Event: 976.860 Thread 0x000001c816cfd040 Unloading class 0x00000001000cb800 'java/lang/invoke/LambdaForm$MH+0x00000001000cb800'
Event: 1440.089 Thread 0x000001c816cfd040 Unloading class 0x0000000100998000 'jdk/internal/reflect/GeneratedMethodAccessor32'
Event: 1440.089 Thread 0x000001c816cfd040 Unloading class 0x0000000100997c00 'jdk/internal/reflect/GeneratedConstructorAccessor56'
Event: 1440.089 Thread 0x000001c816cfd040 Unloading class 0x0000000100997800 'jdk/internal/reflect/GeneratedMethodAccessor31'
Event: 1440.089 Thread 0x000001c816cfd040 Unloading class 0x0000000100997400 'jdk/internal/reflect/GeneratedConstructorAccessor55'
Event: 1440.089 Thread 0x000001c816cfd040 Unloading class 0x0000000100997000 'jdk/internal/reflect/GeneratedMethodAccessor30'
Event: 1440.089 Thread 0x000001c816cfd040 Unloading class 0x0000000100996c00 'jdk/internal/reflect/GeneratedMethodAccessor29'
Event: 1440.089 Thread 0x000001c816cfd040 Unloading class 0x0000000100996800 'jdk/internal/reflect/GeneratedMethodAccessor28'
Event: 1996.364 Thread 0x000001c816cfd040 Unloading class 0x0000000100353400 'jdk/internal/reflect/GeneratedMethodAccessor43'
Event: 1996.364 Thread 0x000001c816cfd040 Unloading class 0x0000000100352000 'jdk/internal/reflect/GeneratedConstructorAccessor69'
Event: 1996.364 Thread 0x000001c816cfd040 Unloading class 0x0000000100351400 'jdk/internal/reflect/GeneratedMethodAccessor42'
Event: 1996.364 Thread 0x000001c816cfd040 Unloading class 0x0000000100998800 'jdk/internal/reflect/GeneratedConstructorAccessor68'
Event: 1996.364 Thread 0x000001c816cfd040 Unloading class 0x0000000100999000 'jdk/internal/reflect/GeneratedMethodAccessor41'
Event: 1996.364 Thread 0x000001c816cfd040 Unloading class 0x00000001009a1c00 'jdk/internal/reflect/GeneratedMethodAccessor40'
Event: 1996.364 Thread 0x000001c816cfd040 Unloading class 0x0000000100998000 'jdk/internal/reflect/GeneratedMethodAccessor39'

Classes redefined (0 events):
No events

Internal exceptions (20 events):
Event: 2869.916 Thread 0x000001c81b3eded0 Exception <a 'sun/nio/fs/WindowsException'{0x00000000d39dc820}> (0x00000000d39dc820) 
thrown [s\src\hotspot\share\prims\jni.cpp, line 516]
Event: 2869.917 Thread 0x000001c81b3eded0 Exception <a 'sun/nio/fs/WindowsException'{0x00000000d39dcc40}> (0x00000000d39dcc40) 
thrown [s\src\hotspot\share\prims\jni.cpp, line 516]
Event: 2869.917 Thread 0x000001c81b3eded0 Exception <a 'sun/nio/fs/WindowsException'{0x00000000d39de1a8}> (0x00000000d39de1a8) 
thrown [s\src\hotspot\share\prims\jni.cpp, line 516]
Event: 2869.917 Thread 0x000001c81b3eded0 Exception <a 'sun/nio/fs/WindowsException'{0x00000000d39de5e8}> (0x00000000d39de5e8) 
thrown [s\src\hotspot\share\prims\jni.cpp, line 516]
Event: 2869.918 Thread 0x000001c81b3eded0 Exception <a 'sun/nio/fs/WindowsException'{0x00000000d39f5448}> (0x00000000d39f5448) 
thrown [s\src\hotspot\share\prims\jni.cpp, line 516]
Event: 2869.918 Thread 0x000001c81b3eded0 Exception <a 'sun/nio/fs/WindowsException'{0x00000000d39f5838}> (0x00000000d39f5838) 
thrown [s\src\hotspot\share\prims\jni.cpp, line 516]
Event: 2869.918 Thread 0x000001c81b3eded0 Exception <a 'sun/nio/fs/WindowsException'{0x00000000d39f6d70}> (0x00000000d39f6d70) 
thrown [s\src\hotspot\share\prims\jni.cpp, line 516]
Event: 2869.919 Thread 0x000001c81b3eded0 Exception <a 'sun/nio/fs/WindowsException'{0x00000000d39f7180}> (0x00000000d39f7180) 
thrown [s\src\hotspot\share\prims\jni.cpp, line 516]
Event: 2869.925 Thread 0x000001c81b3eded0 Exception <a 'sun/nio/fs/WindowsException'{0x00000000d3847c18}> (0x00000000d3847c18) 
thrown [s\src\hotspot\share\prims\jni.cpp, line 516]
Event: 2869.926 Thread 0x000001c81b3eded0 Exception <a 'sun/nio/fs/WindowsException'{0x00000000d3848018}> (0x00000000d3848018) 
thrown [s\src\hotspot\share\prims\jni.cpp, line 516]
Event: 2869.926 Thread 0x000001c81b3eded0 Exception <a 'sun/nio/fs/WindowsException'{0x00000000d3849550}> (0x00000000d3849550) 
thrown [s\src\hotspot\share\prims\jni.cpp, line 516]
Event: 2869.926 Thread 0x000001c81b3eded0 Exception <a 'sun/nio/fs/WindowsException'{0x00000000d3849970}> (0x00000000d3849970) 
thrown [s\src\hotspot\share\prims\jni.cpp, line 516]
Event: 2869.937 Thread 0x000001c81b3eded0 Exception <a 'sun/nio/fs/WindowsException'{0x00000000d3646828}> (0x00000000d3646828) 
thrown [s\src\hotspot\share\prims\jni.cpp, line 516]
Event: 2869.937 Thread 0x000001c81b3eded0 Exception <a 'sun/nio/fs/WindowsException'{0x00000000d3646c18}> (0x00000000d3646c18) 
thrown [s\src\hotspot\share\prims\jni.cpp, line 516]
Event: 2869.937 Thread 0x000001c81b3eded0 Exception <a 'sun/nio/fs/WindowsException'{0x00000000d3648150}> (0x00000000d3648150) 
thrown [s\src\hotspot\share\prims\jni.cpp, line 516]
Event: 2869.937 Thread 0x000001c81b3eded0 Exception <a 'sun/nio/fs/WindowsException'{0x00000000d3648560}> (0x00000000d3648560) 
thrown [s\src\hotspot\share\prims\jni.cpp, line 516]
Event: 2870.076 Thread 0x000001c819b7cbb0 Exception <a 'sun/nio/fs/WindowsException'{0x00000000d2b842b8}> (0x00000000d2b842b8) 
thrown [s\src\hotspot\share\prims\jni.cpp, line 516]
Event: 2870.077 Thread 0x000001c819b7cbb0 Exception <a 'sun/nio/fs/WindowsException'{0x00000000d2b86030}> (0x00000000d2b86030) 
thrown [s\src\hotspot\share\prims\jni.cpp, line 516]
Event: 2870.569 Thread 0x000001c81b3eded0 Exception <a 'sun/nio/fs/WindowsException'{0x00000000d0f34558}> (0x00000000d0f34558) 
thrown [s\src\hotspot\share\prims\jni.cpp, line 516]
Event: 2870.572 Thread 0x000001c81b3eded0 Exception <a 'sun/nio/fs/WindowsException'{0x00000000d0f362d0}> (0x00000000d0f362d0) 
thrown [s\src\hotspot\share\prims\jni.cpp, line 516]

VM Operations (20 events):
Event: 2855.782 Executing VM operation: Cleanup done
Event: 2855.792 Executing VM operation: G1CollectForAllocation
Event: 2855.813 Executing VM operation: G1CollectForAllocation done
Event: 2856.824 Executing VM operation: Cleanup
Event: 2856.824 Executing VM operation: Cleanup done
Event: 2866.889 Executing VM operation: Cleanup
Event: 2866.889 Executing VM operation: Cleanup done
Event: 2867.102 Executing VM operation: G1CollectForAllocation
Event: 2867.125 Executing VM operation: G1CollectForAllocation done
Event: 2868.140 Executing VM operation: Cleanup
Event: 2868.142 Executing VM operation: Cleanup done
Event: 2868.612 Executing VM operation: G1CollectForAllocation
Event: 2868.670 Executing VM operation: G1CollectForAllocation done
Event: 2869.204 Executing VM operation: G1CollectForAllocation
Event: 2869.249 Executing VM operation: G1CollectForAllocation done
Event: 2869.454 Executing VM operation: G1CollectForAllocation
Event: 2869.493 Executing VM operation: G1CollectForAllocation done
Event: 2869.847 Executing VM operation: G1CollectForAllocation
Event: 2869.888 Executing VM operation: G1CollectForAllocation done
Event: 2870.873 Executing VM operation: G1CollectForAllocation

Events (20 events):
Event: 2765.800 Thread 0x000001c819b78850 Thread exited: 0x000001c819b78850
Event: 2775.934 Thread 0x000001c81bb26080 Thread exited: 0x000001c81bb26080
Event: 2812.530 Thread 0x000001c8265181f0 Thread exited: 0x000001c8265181f0
Event: 2812.531 Thread 0x000001c826516eb0 Thread exited: 0x000001c826516eb0
Event: 2814.776 Thread 0x000001c819b7c6e0 Thread exited: 0x000001c819b7c6e0
Event: 2820.072 Thread 0x000001c826517d20 Thread exited: 0x000001c826517d20
Event: 2820.291 Thread 0x000001c81b3ed060 Thread exited: 0x000001c81b3ed060
Event: 2820.481 Thread 0x000001c81bb26ef0 Thread exited: 0x000001c81bb26ef0
Event: 2820.496 Thread 0x000001c819b7e3c0 Thread exited: 0x000001c819b7e3c0
Event: 2820.805 Thread 0x000001c819b77510 Thread added: 0x000001c819b77510
Event: 2833.340 Thread 0x000001c819b791f0 Thread added: 0x000001c819b791f0
Event: 2833.976 Thread 0x000001c81bb26080 Thread added: 0x000001c81bb26080
Event: 2839.467 Thread 0x000001c826517850 Thread added: 0x000001c826517850
Event: 2855.573 Thread 0x000001c81b3ed530 Thread added: 0x000001c81b3ed530
Event: 2855.591 Thread 0x000001c819b78380 Thread added: 0x000001c819b78380
Event: 2866.308 Thread 0x000001c81bb27890 Thread added: 0x000001c81bb27890
Event: 2866.309 Thread 0x000001c81b3eded0 Thread added: 0x000001c81b3eded0
Event: 2868.538 Thread 0x000001c81b4347e0 Thread added: 0x000001c81b4347e0
Event: 2869.356 Thread 0x000001c81b4347e0 Thread exited: 0x000001c81b4347e0
Event: 2869.988 Thread 0x000001c81b3eda00 Thread added: 0x000001c81b3eda00


Dynamic libraries:
0x00007ff768570000 - 0x00007ff76857e000 	c:\Users\QuangNguyen\.vscode\extensions\redhat.java-1.14.0-win32-x64\jre\17.0.5-win32-x86_64\bin\java.exe
0x00007ffd586f0000 - 0x00007ffd588e8000 	C:\Windows\SYSTEM32\ntdll.dll
0x00007ffd56940000 - 0x00007ffd569ff000 	C:\Windows\System32\KERNEL32.DLL
0x00007ffd56270000 - 0x00007ffd56542000 	C:\Windows\System32\KERNELBASE.dll
0x00007ffd56630000 - 0x00007ffd56730000 	C:\Windows\System32\ucrtbase.dll
0x00007ffd53080000 - 0x00007ffd53097000 	c:\Users\QuangNguyen\.vscode\extensions\redhat.java-1.14.0-win32-x64\jre\17.0.5-win32-x86_64\bin\jli.dll
0x00007ffd57590000 - 0x00007ffd57731000 	C:\Windows\System32\USER32.dll
0x00007ffd55fd0000 - 0x00007ffd55ff2000 	C:\Windows\System32\win32u.dll
0x00007ffd57740000 - 0x00007ffd5776b000 	C:\Windows\System32\GDI32.dll
0x00007ffd55ec0000 - 0x00007ffd55fcf000 	C:\Windows\System32\gdi32full.dll
0x00007ffd56000000 - 0x00007ffd5609d000 	C:\Windows\System32\msvcp_win.dll
0x00007ffd4edc0000 - 0x00007ffd4edd9000 	c:\Users\QuangNguyen\.vscode\extensions\redhat.java-1.14.0-win32-x64\jre\17.0.5-win32-x86_64\bin\VCRUNTIME140.dll
0x00007ffd38230000 - 0x00007ffd384ca000 	C:\Windows\WinSxS\amd64_microsoft.windows.common-controls_6595b64144ccf1df_6.0.19041.1110_none_60b5254171f9507e\COMCTL32.dll
0x00007ffd57c20000 - 0x00007ffd57cbe000 	C:\Windows\System32\msvcrt.dll
0x00007ffd57310000 - 0x00007ffd57342000 	C:\Windows\System32\IMM32.DLL
0x00007ffd53490000 - 0x00007ffd5349c000 	c:\Users\QuangNguyen\.vscode\extensions\redhat.java-1.14.0-win32-x64\jre\17.0.5-win32-x86_64\bin\vcruntime140_1.dll
0x00007ffd33df0000 - 0x00007ffd33e81000 	c:\Users\QuangNguyen\.vscode\extensions\redhat.java-1.14.0-win32-x64\jre\17.0.5-win32-x86_64\bin\msvcp140.dll
0x00007ffd1a440000 - 0x00007ffd1b084000 	c:\Users\QuangNguyen\.vscode\extensions\redhat.java-1.14.0-win32-x64\jre\17.0.5-win32-x86_64\bin\server\jvm.dll
0x00007ffd57e00000 - 0x00007ffd57eae000 	C:\Windows\System32\ADVAPI32.dll
0x00007ffd57260000 - 0x00007ffd572fc000 	C:\Windows\System32\sechost.dll
0x00007ffd57350000 - 0x00007ffd57475000 	C:\Windows\System32\RPCRT4.dll
0x00007ffd44f00000 - 0x00007ffd44f09000 	C:\Windows\SYSTEM32\WSOCK32.dll
0x00007ffd56a10000 - 0x00007ffd56a7b000 	C:\Windows\System32\WS2_32.dll
0x00007ffd4a460000 - 0x00007ffd4a487000 	C:\Windows\SYSTEM32\WINMM.dll
0x00007ffd43b90000 - 0x00007ffd43b9a000 	C:\Windows\SYSTEM32\VERSION.dll
0x00007ffd54630000 - 0x00007ffd54642000 	C:\Windows\SYSTEM32\kernel.appcore.dll
0x00007ffd510b0000 - 0x00007ffd510ba000 	c:\Users\QuangNguyen\.vscode\extensions\redhat.java-1.14.0-win32-x64\jre\17.0.5-win32-x86_64\bin\jimage.dll
0x00007ffd47bb0000 - 0x00007ffd47d94000 	C:\Windows\SYSTEM32\DBGHELP.DLL
0x00007ffd47b70000 - 0x00007ffd47ba5000 	C:\Windows\SYSTEM32\dbgcore.DLL
0x00007ffd56550000 - 0x00007ffd565d2000 	C:\Windows\System32\bcryptPrimitives.dll
0x00007ffd4dc80000 - 0x00007ffd4dca5000 	c:\Users\QuangNguyen\.vscode\extensions\redhat.java-1.14.0-win32-x64\jre\17.0.5-win32-x86_64\bin\java.dll
0x00007ffd4eda0000 - 0x00007ffd4edb8000 	c:\Users\QuangNguyen\.vscode\extensions\redhat.java-1.14.0-win32-x64\jre\17.0.5-win32-x86_64\bin\zip.dll
0x00007ffd57f60000 - 0x00007ffd586a4000 	C:\Windows\System32\SHELL32.dll
0x00007ffd53e80000 - 0x00007ffd54612000 	C:\Windows\SYSTEM32\windows.storage.dll
0x00007ffd577d0000 - 0x00007ffd57b25000 	C:\Windows\System32\combase.dll
0x00007ffd55840000 - 0x00007ffd55870000 	C:\Windows\SYSTEM32\Wldp.dll
0x00007ffd57eb0000 - 0x00007ffd57f5d000 	C:\Windows\System32\SHCORE.dll
0x00007ffd57770000 - 0x00007ffd577c5000 	C:\Windows\System32\shlwapi.dll
0x00007ffd55d20000 - 0x00007ffd55d3f000 	C:\Windows\SYSTEM32\profapi.dll
0x00007ffd49110000 - 0x00007ffd49129000 	C:\Users\QuangNguyen\.vscode\extensions\redhat.java-1.14.0-win32-x64\jre\17.0.5-win32-x86_64\bin\net.dll
0x00007ffd4d970000 - 0x00007ffd4da7c000 	C:\Windows\SYSTEM32\WINHTTP.dll
0x00007ffd555a0000 - 0x00007ffd5560a000 	C:\Windows\system32\mswsock.dll
0x00007ffd4a990000 - 0x00007ffd4a9a5000 	C:\Users\QuangNguyen\.vscode\extensions\redhat.java-1.14.0-win32-x64\jre\17.0.5-win32-x86_64\bin\nio.dll
0x00007ffd4fdd0000 - 0x00007ffd4fde0000 	c:\Users\QuangNguyen\.vscode\extensions\redhat.java-1.14.0-win32-x64\jre\17.0.5-win32-x86_64\bin\verify.dll
0x00007ffd55790000 - 0x00007ffd557a8000 	C:\Windows\SYSTEM32\CRYPTSP.dll
0x00007ffd54e50000 - 0x00007ffd54e84000 	C:\Windows\system32\rsaenh.dll
0x00007ffd55e90000 - 0x00007ffd55eb7000 	C:\Windows\System32\bcrypt.dll
0x00007ffd55ce0000 - 0x00007ffd55d0e000 	C:\Windows\SYSTEM32\USERENV.dll
0x00007ffd557b0000 - 0x00007ffd557bc000 	C:\Windows\SYSTEM32\CRYPTBASE.dll
0x00007ffd55240000 - 0x00007ffd5527b000 	C:\Windows\SYSTEM32\IPHLPAPI.DLL
0x00007ffd57df0000 - 0x00007ffd57df8000 	C:\Windows\System32\NSI.dll
0x00007ffd4e6f0000 - 0x00007ffd4e707000 	C:\Windows\SYSTEM32\dhcpcsvc6.DLL
0x00007ffd50050000 - 0x00007ffd5006d000 	C:\Windows\SYSTEM32\dhcpcsvc.DLL
0x00007ffd55280000 - 0x00007ffd5534a000 	C:\Windows\SYSTEM32\DNSAPI.dll
0x00007ffd53050000 - 0x00007ffd53059000 	C:\Users\QuangNguyen\.vscode\extensions\redhat.java-1.14.0-win32-x64\jre\17.0.5-win32-x86_64\bin\management.dll
0x00007ffd4f840000 - 0x00007ffd4f84b000 	C:\Users\QuangNguyen\.vscode\extensions\redhat.java-1.14.0-win32-x64\jre\17.0.5-win32-x86_64\bin\management_ext.dll
0x00007ffd56a00000 - 0x00007ffd56a08000 	C:\Windows\System32\PSAPI.DLL
0x00007ffd50de0000 - 0x00007ffd50dee000 	C:\Users\QuangNguyen\.vscode\extensions\redhat.java-1.14.0-win32-x64\jre\17.0.5-win32-x86_64\bin\sunmscapi.dll
0x00007ffd56110000 - 0x00007ffd56266000 	C:\Windows\System32\CRYPT32.dll
0x00007ffd558b0000 - 0x00007ffd558d7000 	C:\Windows\SYSTEM32\ncrypt.dll
0x00007ffd55870000 - 0x00007ffd558ab000 	C:\Windows\SYSTEM32\NTASN1.dll
0x00007ffd49620000 - 0x00007ffd4962a000 	C:\Windows\System32\rasadhlp.dll
0x00007ffd496a0000 - 0x00007ffd49720000 	C:\Windows\System32\fwpuclnt.dll
0x000000006c500000 - 0x000000006c5c7000 	C:\Users\QuangNguyen\AppData\Local\Temp\snappy-1.1.8-e4ce24fa-a1fe-4d83-a875-32d34c06d19c-snappyjava.dll

dbghelp: loaded successfully - version: 4.0.5 - missing functions: none
symbol engine: initialized successfully - sym options: 0x614 - pdb path: .;c:\Users\QuangNguyen\.vscode\extensions\redhat.java-1.14.0-win32-x64\jre\17.0.5-win32-x86_64\bin;C:\Windows\SYSTEM32;C:\Windows\WinSxS\amd64_microsoft.windows.common-controls_6595b64144ccf1df_6.0.19041.1110_none_60b5254171f9507e;c:\Users\QuangNguyen\.vscode\extensions\redhat.java-1.14.0-win32-x64\jre\17.0.5-win32-x86_64\bin\server;C:\Users\QuangNguyen\AppData\Local\Temp

VM Arguments:
jvm_args: -XX:+HeapDumpOnOutOfMemoryError -Xmx1024m -Dsts.lsp.client=vscode -Dsts.log.file=/dev/null -XX:TieredStopAtLevel=1 -Xlog:jni+resolve=off -Dspring.config.location=file:c:\Users\QuangNguyen\.vscode\extensions\vmware.vscode-spring-boot-1.44.0\language-server\BOOT-INF\classes\application.properties 
java_command: org.springframework.ide.vscode.boot.app.BootLanguageServerBootApp
java_class_path (initial): c:\Users\QuangNguyen\.vscode\extensions\vmware.vscode-spring-boot-1.44.0\language-server\BOOT-INF\classes;c:\Users\QuangNguyen\.vscode\extensions\vmware.vscode-spring-boot-1.44.0\language-server\BOOT-INF\lib\annotations-24.0.0.jar;c:\Users\QuangNguyen\.vscode\extensions\vmware.vscode-spring-boot-1.44.0\language-server\BOOT-INF\lib\ant-1.10.13.jar;c:\Users\QuangNguyen\.vscode\extensions\vmware.vscode-spring-boot-1.44.0\language-server\BOOT-INF\lib\ant-launcher-1.10.13.jar;c:\Users\QuangNguyen\.vscode\extensions\vmware.vscode-spring-boot-1.44.0\language-server\BOOT-INF\lib\antlr-runtime-3.5.2.jar;c:\Users\QuangNguyen\.vscode\extensions\vmware.vscode-spring-boot-1.44.0\language-server\BOOT-INF\lib\antlr4-4.9.3.jar;c:\Users\QuangNguyen\.vscode\extensions\vmware.vscode-spring-boot-1.44.0\language-server\BOOT-INF\lib\antlr4-runtime-4.9.3.jar;c:\Users\QuangNguyen\.vscode\extensions\vmware.vscode-spring-boot-1.44.0\language-server\BOOT-INF\lib\apiguardian-api-1.1.2.jar;c:\Users\QuangNguyen\.vscode\extensions\vmware.vscode-spring-boot-1.44.0\language-server\BOOT-INF\lib\asm-9.4.jar;c:\Users\QuangNguyen\.vscode\extensions\vmware.vscode-spring-boot-1.44.0\language-server\BOOT-INF\lib\asm-analysis-9.4.jar;c:\Users\QuangNguyen\.vscode\extensions\vmware.vscode-spring-boot-1.44.0\language-server\BOOT-INF\lib\asm-tree-9.4.jar;c:\Users\QuangNguyen\.vscode\extensions\vmware.vscode-spring-boot-1.44.0\language-server\BOOT-INF\lib\asm-util-9.4.jar;c:\Users\QuangNguyen\.vscode\extensions\vmware.vscode-spring-boot-1.44.0\language-server\BOOT-INF\lib\caffeine-3.1.2.jar;c:\Users\QuangNguyen\.vscode\extensions\vmware.vscode-spring-boot-1.44.0\language-server\BOOT-INF\lib\checker-qual-3.12.0.jar;c:\Users\QuangNguyen\.vscode\extensions\vmware.vscode-spring-boot-1.44.0\language-server\BOOT-INF\lib\ci-environment-9.1.0.jar;c:\Users\QuangNguyen\.vscode\extensions\vmware.vscode-spring-boot-1.44.0\language-server\BOOT-INF\lib\classgraph-4.8.149.jar;c:\Users\QuangNguyen\
Launcher Type: SUN_STANDARD

[Global flags]
     intx CICompilerCount                          = 3                                         {product} {ergonomic}
     uint ConcGCThreads                            = 1                                         {product} {ergonomic}
     uint G1ConcRefinementThreads                  = 4                                         {product} {ergonomic}
   size_t G1HeapRegionSize                         = 1048576                                   {product} {ergonomic}
    uintx GCDrainStackTargetSize                   = 64                                        {product} {ergonomic}
     bool HeapDumpOnOutOfMemoryError               = true                                   {manageable} {command line}
   size_t InitialHeapSize                          = 67108864                                  {product} {ergonomic}
   size_t MarkStackSize                            = 4194304                                   {product} {ergonomic}
   size_t MaxHeapSize                              = 1073741824                                {product} {command line}
   size_t MaxNewSize                               = 643825664                                 {product} {ergonomic}
   size_t MinHeapDeltaBytes                        = 1048576                                   {product} {ergonomic}
   size_t MinHeapSize                              = 8388608                                   {product} {ergonomic}
    uintx NonProfiledCodeHeapSize                  = 0                                      {pd product} {ergonomic}
     bool ProfileInterpreter                       = false                                  {pd product} {command line}
    uintx ProfiledCodeHeapSize                     = 0                                      {pd product} {ergonomic}
   size_t SoftMaxHeapSize                          = 1073741824                             {manageable} {ergonomic}
     intx TieredStopAtLevel                        = 1                                         {product} {command line}
     bool UseCompressedClassPointers               = true                           {product lp64_product} {ergonomic}
     bool UseCompressedOops                        = true                           {product lp64_product} {ergonomic}
     bool UseG1GC                                  = true                                      {product} {ergonomic}
     bool UseLargePagesIndividualAllocation        = false                                  {pd product} {ergonomic}

Logging:
Log output configuration:
 #0: stdout all=warning,jni+resolve=off uptime,level,tags
 #1: stderr all=off uptime,level,tags

Environment Variables:
PATH=C:\Program Files\Common Files\Oracle\Java\javapath;C:\Program Files (x86)\Common Files\Oracle\Java\javapath;C:\Program Files (x86)\Intel\iCLS Client\;C:\Program Files\Intel\iCLS Client\;C:\Windows\system32;C:\Windows;C:\Windows\System32\Wbem;C:\Windows\System32\WindowsPowerShell\v1.0\;C:\Windows\System32\OpenSSH\;C:\Program Files (x86)\Microsoft SQL Server\150\DTS\Binn\;C:\Program Files\dotnet\;C:\Program Files\Git\cmd;C:\Program Files (x86)\Microsoft SQL Server\100\Tools\Binn\;C:\Program Files\Microsoft SQL Server\100\Tools\Binn\;C:\Program Files\Microsoft SQL Server\100\DTS\Binn\;C:\Program Files (x86)\Microsoft SQL Server\100\Tools\Binn\VSShell\Common7\IDE\;C:\Program Files (x86)\Microsoft SQL Server\100\DTS\Binn\;C:\Program Files (x86)\Microsoft Visual Studio 9.0\Common7\IDE\PrivateAssemblies\;C:\Program Files\Microsoft SQL Server\130\Tools\Binn\;C:\Users\QuangNguyen\AppData\Local\Microsoft\WindowsApps;C:\Users\QuangNguyen\.dotnet\tools;C:\Users\QuangNguyen\AppData\Local\Programs\Microsoft VS Code\bin;C:\Program Files\Azure Data Studio\bin;C:\Users\QuangNguyen\AppData\Local\GitHubDesktop\bin
USERNAME=QuangNguyen
OS=Windows_NT
PROCESSOR_IDENTIFIER=Intel64 Family 6 Model 69 Stepping 1, GenuineIntel
TMP=C:\Users\QUANGN~1\AppData\Local\Temp
TEMP=C:\Users\QUANGN~1\AppData\Local\Temp



---------------  S Y S T E M  ---------------

OS:
 Windows 10 , 64 bit Build 19041 (10.0.19041.2364)
OS uptime: 0 days 12:53 hours

CPU: total 4 (initial active 4) (2 cores per cpu, 2 threads per core) family 6 model 69 stepping 1 microcode 0x26, cx8, cmov, fxsr, ht, mmx, sse, sse2, sse3, ssse3, sse4.1, sse4.2, popcnt, lzcnt, tsc, tscinvbit, avx, avx2, aes, erms, clmul, bmi1, bmi2, fma, vzeroupper, clflush

Memory: 4k page, system-wide physical 4004M (363M free)
TotalPageFile size 8004M (AvailPageFile size 70M)
current process WorkingSet (physical memory assigned to process): 370M, peak: 780M
current process commit charge ("private bytes"): 524M, peak: 838M

vm_info: OpenJDK 64-Bit Server VM (17.0.5+8) for windows-amd64 JRE (17.0.5+8), built on Oct 19 2022 04:48:13 by "temurin" with MS VC++ 16.7 (VS2019)

END.
