#
# There is insufficient memory for the Java Runtime Environment to continue.
# Native memory allocation (mmap) failed to map 22020096 bytes for G1 virtual space
# Possible reasons:
#   The system is out of physical RAM or swap space
#   The process is running with CompressedOops enabled, and the Java Heap may be blocking the growth of the native heap
# Possible solutions:
#   Reduce memory load on the system
#   Increase physical memory or swap space
#   Check if swap backing store is full
#   Decrease Java heap size (-Xmx/-Xms)
#   Decrease number of Java threads
#   Decrease Java thread stack sizes (-Xss)
#   Set larger code cache with -XX:ReservedCodeCacheSize=
#   JVM is running with Unscaled Compressed Oops mode in which the Java heap is
#     placed in the first 4GB address space. The Java Heap base address is the
#     maximum limit for the native heap growth. Please use -XX:HeapBaseMinAddress
#     to set the Java Heap base and to place the Java Heap above 4GB virtual address.
# This output file may be truncated or incomplete.
#
#  Out of Memory Error (os_windows.cpp:3548), pid=9964, tid=2184
#
# JRE version: OpenJDK Runtime Environment Temurin-17.0.5+8 (17.0.5+8) (build 17.0.5+8)
# Java VM: OpenJDK 64-Bit Server VM Temurin-17.0.5+8 (17.0.5+8, mixed mode, emulated-client, tiered, compressed oops, compressed class ptrs, g1 gc, windows-amd64)
# No core dump will be written. Minidumps are not enabled by default on client versions of Windows
#

---------------  S U M M A R Y ------------

Command Line: -XX:+HeapDumpOnOutOfMemoryError -Xmx1024m -Dsts.lsp.client=vscode -Dsts.log.file=/dev/null -XX:TieredStopAtLevel=1 -Xlog:jni+resolve=off -Dspring.config.location=file:c:\Users\QuangNguyen\.vscode\extensions\vmware.vscode-spring-boot-1.44.0\language-server\BOOT-INF\classes\application.properties org.springframework.ide.vscode.boot.app.BootLanguageServerBootApp

Host: Intel(R) Core(TM) i7-4558U CPU @ 2.80GHz, 4 cores, 3G,  Windows 10 , 64 bit Build 19041 (10.0.19041.2364)
Time: Fri Feb 10 23:25:57 2023 SE Asia Standard Time elapsed time: 6834.020233 seconds (0d 1h 53m 54s)

---------------  T H R E A D  ---------------

Current thread (0x000001118e560710):  VMThread "VM Thread" [stack: 0x0000000251200000,0x0000000251300000] [id=2184]

Stack: [0x0000000251200000,0x0000000251300000]
Native frames: (J=compiled Java code, j=interpreted, Vv=VM code, C=native code)
V  [jvm.dll+0x676b3a]
V  [jvm.dll+0x831444]
V  [jvm.dll+0x832bee]
V  [jvm.dll+0x833253]
V  [jvm.dll+0x244ce5]
V  [jvm.dll+0x673a49]
V  [jvm.dll+0x66811a]
V  [jvm.dll+0x303ceb]
V  [jvm.dll+0x30b1e6]
V  [jvm.dll+0x35adbe]
V  [jvm.dll+0x35afef]
V  [jvm.dll+0x2dab88]
V  [jvm.dll+0x2d8e3c]
V  [jvm.dll+0x2d840c]
V  [jvm.dll+0x31c641]
V  [jvm.dll+0x8376fb]
V  [jvm.dll+0x838434]
V  [jvm.dll+0x83894c]
V  [jvm.dll+0x838d24]
V  [jvm.dll+0x838df0]
V  [jvm.dll+0x7e17ea]
V  [jvm.dll+0x6759e5]
C  [ucrtbase.dll+0x21bb2]
C  [KERNEL32.DLL+0x17614]
C  [ntdll.dll+0x526a1]

VM_Operation (0x0000000252ff4440): G1TryInitiateConcMark, mode: safepoint, requested by thread 0x00000111906687f0


---------------  P R O C E S S  ---------------

Threads class SMR info:
_java_thread_list=0x000001118f969460, length=35, elements={
0x000001118e577760, 0x000001118e5785d0, 0x000001118e5adc50, 0x000001118e5ae7d0,
0x000001118e5b00a0, 0x000001118e5b0960, 0x000001118e5b1220, 0x000001118e5d46c0,
0x000001118f1c5120, 0x000001118f1c6a40, 0x00000111904ed030, 0x0000011190589060,
0x0000011190589530, 0x00000111904f1090, 0x0000011183f346f0, 0x000001119008e520,
0x00000111901ddb20, 0x0000011190618930, 0x0000011190668320, 0x000001119066a4d0,
0x000001119066a9a0, 0x00000111937f6fd0, 0x00000111937f9ff0, 0x0000011190669660,
0x00000111906192d0, 0x00000111906162b0, 0x00000111906175f0, 0x0000011190616c50,
0x0000011190617120, 0x0000011190617ac0, 0x000001119066ae70, 0x0000011190669190,
0x00000111906674b0, 0x00000111906687f0, 0x00000111937f87e0
}

Java Threads: ( => current thread )
  0x000001118e577760 JavaThread "Reference Handler" daemon [_thread_blocked, id=11092, stack(0x0000000251300000,0x0000000251400000)]
  0x000001118e5785d0 JavaThread "Finalizer" daemon [_thread_blocked, id=2880, stack(0x0000000251400000,0x0000000251500000)]
  0x000001118e5adc50 JavaThread "Signal Dispatcher" daemon [_thread_blocked, id=7792, stack(0x0000000251500000,0x0000000251600000)]
  0x000001118e5ae7d0 JavaThread "Attach Listener" daemon [_thread_blocked, id=9128, stack(0x0000000251600000,0x0000000251700000)]
  0x000001118e5b00a0 JavaThread "Service Thread" daemon [_thread_blocked, id=10212, stack(0x0000000251700000,0x0000000251800000)]
  0x000001118e5b0960 JavaThread "Monitor Deflation Thread" daemon [_thread_blocked, id=6780, stack(0x0000000251800000,0x0000000251900000)]
  0x000001118e5b1220 JavaThread "C1 CompilerThread0" daemon [_thread_blocked, id=6728, stack(0x0000000251900000,0x0000000251a00000)]
  0x000001118e5d46c0 JavaThread "Sweeper thread" daemon [_thread_blocked, id=3804, stack(0x0000000251a00000,0x0000000251b00000)]
  0x000001118f1c5120 JavaThread "Notification Thread" daemon [_thread_blocked, id=2028, stack(0x0000000251b00000,0x0000000251c00000)]
  0x000001118f1c6a40 JavaThread "Common-Cleaner" daemon [_thread_blocked, id=3600, stack(0x0000000251d00000,0x0000000251e00000)]
  0x00000111904ed030 JavaThread "boundedElastic-evictor-1" daemon [_thread_blocked, id=8224, stack(0x0000000252300000,0x0000000252400000)]
  0x0000011190589060 JavaThread "boundedElastic-evictor-2" daemon [_thread_blocked, id=8340, stack(0x0000000252400000,0x0000000252500000)]
  0x0000011190589530 JavaThread "pool-10-thread-1" [_thread_blocked, id=3288, stack(0x0000000252500000,0x0000000252600000)]
  0x00000111904f1090 JavaThread "LanguageServerApp-lifecycle" [_thread_blocked, id=1716, stack(0x0000000252600000,0x0000000252700000)]
  0x0000011183f346f0 JavaThread "DestroyJavaVM" [_thread_blocked, id=2748, stack(0x0000000250c00000,0x0000000250d00000)]
  0x000001119008e520 JavaThread "pool-11-thread-1" [_thread_in_native, id=1376, stack(0x0000000252700000,0x0000000252800000)]
  0x00000111901ddb20 JavaThread "Simple-Language-Server main thread" daemon [_thread_blocked, id=9684, stack(0x0000000252800000,0x0000000252900000)]
  0x0000011190618930 JavaThread "pool-6-thread-1" [_thread_blocked, id=5616, stack(0x0000000253700000,0x0000000253800000)]
  0x0000011190668320 JavaThread "parallel-1" daemon [_thread_blocked, id=8028, stack(0x0000000254100000,0x0000000254200000)]
  0x000001119066a4d0 JavaThread "pool-4-thread-1" [_thread_blocked, id=8156, stack(0x0000000254400000,0x0000000254500000)]
  0x000001119066a9a0 JavaThread "parallel-2" daemon [_thread_blocked, id=2672, stack(0x0000000254500000,0x0000000254600000)]
  0x00000111937f6fd0 JavaThread "parallel-3" daemon [_thread_blocked, id=1088, stack(0x0000000254600000,0x0000000254700000)]
  0x00000111937f9ff0 JavaThread "parallel-4" daemon [_thread_blocked, id=6912, stack(0x0000000254800000,0x0000000254900000)]
  0x0000011190669660 JavaThread "Reconciler-1" daemon [_thread_blocked, id=10464, stack(0x0000000252200000,0x0000000252300000)]
  0x00000111906192d0 JavaThread "ForkJoinPool.commonPool-worker-17" daemon [_thread_blocked, id=13060, stack(0x0000000250a00000,0x0000000250b00000)]
  0x00000111906162b0 JavaThread "pool-3-thread-23" [_thread_blocked, id=6120, stack(0x0000000250b00000,0x0000000250c00000)]
  0x00000111906175f0 JavaThread "ForkJoinPool.commonPool-worker-18" daemon [_thread_blocked, id=10352, stack(0x0000000252900000,0x0000000252a00000)]
  0x0000011190616c50 JavaThread "ForkJoinPool.commonPool-worker-19" daemon [_thread_blocked, id=2852, stack(0x0000000252a00000,0x0000000252b00000)]
  0x0000011190617120 JavaThread "pool-3-thread-25" [_thread_blocked, id=10728, stack(0x0000000252b00000,0x0000000252c00000)]
  0x0000011190617ac0 JavaThread "ForkJoinPool-1-worker-11" daemon [_thread_blocked, id=6416, stack(0x0000000252c00000,0x0000000252d00000)]
  0x000001119066ae70 JavaThread "ForkJoinPool-1-worker-12" daemon [_thread_blocked, id=1296, stack(0x0000000252e00000,0x0000000252f00000)]
  0x0000011190669190 JavaThread "pool-2-thread-20" [_thread_blocked, id=10396, stack(0x0000000252000000,0x0000000252100000)]
  0x00000111906674b0 JavaThread "pool-3-thread-26" [_thread_blocked, id=13284, stack(0x0000000252d00000,0x0000000252e00000)]
  0x00000111906687f0 JavaThread "Project-Reconciler-4" daemon [_thread_blocked, id=12964, stack(0x0000000252f00000,0x0000000253000000)]
  0x00000111937f87e0 JavaThread "ForkJoinPool-1-worker-13" daemon [_thread_blocked, id=10256, stack(0x0000000253000000,0x0000000253100000)]

Other Threads:
=>0x000001118e560710 VMThread "VM Thread" [stack: 0x0000000251200000,0x0000000251300000] [id=2184]
  0x000001118f1c55f0 WatcherThread [stack: 0x0000000251c00000,0x0000000251d00000] [id=3216]
  0x0000011183f73fd0 GCTaskThread "GC Thread#0" [stack: 0x0000000250d00000,0x0000000250e00000] [id=6916]
  0x000001118f5756b0 GCTaskThread "GC Thread#1" [stack: 0x0000000251e00000,0x0000000251f00000] [id=7004]
  0x000001118f2c8a90 GCTaskThread "GC Thread#2" [stack: 0x0000000251f00000,0x0000000252000000] [id=1692]
  0x000001118fc2b440 GCTaskThread "GC Thread#3" [stack: 0x0000000252100000,0x0000000252200000] [id=8676]
  0x0000011183f7cf10 ConcurrentGCThread "G1 Main Marker" [stack: 0x0000000250e00000,0x0000000250f00000] [id=7676]
  0x0000011183f7d920 ConcurrentGCThread "G1 Conc#0" [stack: 0x0000000250f00000,0x0000000251000000] [id=8932]
  0x0000011183fc9f20 ConcurrentGCThread "G1 Refine#0" [stack: 0x0000000251000000,0x0000000251100000] [id=1224]
  0x0000011193622d60 ConcurrentGCThread "G1 Refine#1" [stack: 0x0000000254300000,0x0000000254400000] [id=3364]
  0x0000011193856710 ConcurrentGCThread "G1 Refine#2" [stack: 0x0000000254700000,0x0000000254800000] [id=2704]
  0x0000011194133840 ConcurrentGCThread "G1 Refine#3" [stack: 0x0000000254000000,0x0000000254100000] [id=8752]
  0x0000011183fcb950 ConcurrentGCThread "G1 Service" [stack: 0x0000000251100000,0x0000000251200000] [id=6488]

Threads with active compile tasks:

VM state: at safepoint (normal execution)

VM Mutex/Monitor currently owned by a thread:  ([mutex/lock_event])
[0x0000011181e380e0] Threads_lock - owner thread: 0x000001118e560710
[0x0000011183f32330] Heap_lock - owner thread: 0x00000111906687f0

Heap address: 0x00000000c0000000, size: 1024 MB, Compressed Oops mode: 32-bit

CDS archive(s) not mapped
Compressed class space mapped at: 0x0000000100000000-0x0000000140000000, reserved size: 1073741824
Narrow klass base: 0x0000000000000000, Narrow klass shift: 3, Narrow klass range: 0x140000000

GC Precious Log:
 CPUs: 4 total, 4 available
 Memory: 4004M
 Large Page Support: Disabled
 NUMA Support: Disabled
 Compressed Oops: Enabled (32-bit)
 Heap Region Size: 1M
 Heap Min Capacity: 8M
 Heap Initial Capacity: 64M
 Heap Max Capacity: 1G
 Pre-touch: Disabled
 Parallel Workers: 4
 Concurrent Workers: 1
 Concurrent Refinement Workers: 4
 Periodic GC: Disabled

Heap:
 garbage-first heap   total 306176K, used 141651K [0x00000000c0000000, 0x0000000100000000)
  region size 1024K, 3 young (3072K), 3 survivors (3072K)
 Metaspace       used 70451K, committed 70976K, reserved 1114112K
  class space    used 9589K, committed 9856K, reserved 1048576K

Heap Regions: E=young(eden), S=young(survivor), O=old, HS=humongous(starts), HC=humongous(continues), CS=collection set, F=free, OA=open archive, CA=closed archive, TAMS=top-at-mark-start (previous, next)
|   0|0x00000000c0000000, 0x00000000c00ff298, 0x00000000c0100000| 99%| O|  |TAMS 0x00000000c00ff298, 0x00000000c00ff298| Untracked 
|   1|0x00000000c0100000, 0x00000000c0200000, 0x00000000c0200000|100%| O|  |TAMS 0x00000000c0200000, 0x00000000c0200000| Untracked 
|   2|0x00000000c0200000, 0x00000000c02fffe8, 0x00000000c0300000| 99%| O|  |TAMS 0x00000000c02fffe8, 0x00000000c02fffe8| Untracked 
|   3|0x00000000c0300000, 0x00000000c03ff098, 0x00000000c0400000| 99%| O|  |TAMS 0x00000000c03ff098, 0x00000000c03ff098| Untracked 
|   4|0x00000000c0400000, 0x00000000c0500000, 0x00000000c0500000|100%| O|  |TAMS 0x00000000c0500000, 0x00000000c0500000| Untracked 
|   5|0x00000000c0500000, 0x00000000c05ffff0, 0x00000000c0600000| 99%| O|  |TAMS 0x00000000c05ffff0, 0x00000000c05ffff0| Untracked 
|   6|0x00000000c0600000, 0x00000000c0700000, 0x00000000c0700000|100%| O|  |TAMS 0x00000000c0700000, 0x00000000c0700000| Untracked 
|   7|0x00000000c0700000, 0x00000000c0800000, 0x00000000c0800000|100%| O|  |TAMS 0x00000000c0800000, 0x00000000c0800000| Untracked 
|   8|0x00000000c0800000, 0x00000000c08fffc8, 0x00000000c0900000| 99%| O|  |TAMS 0x00000000c08fffc8, 0x00000000c08fffc8| Untracked 
|   9|0x00000000c0900000, 0x00000000c09fffa0, 0x00000000c0a00000| 99%| O|  |TAMS 0x00000000c09fffa0, 0x00000000c09fffa0| Untracked 
|  10|0x00000000c0a00000, 0x00000000c0afffb8, 0x00000000c0b00000| 99%| O|  |TAMS 0x00000000c0afffb8, 0x00000000c0afffb8| Untracked 
|  11|0x00000000c0b00000, 0x00000000c0bfffd8, 0x00000000c0c00000| 99%| O|  |TAMS 0x00000000c0bfffd8, 0x00000000c0bfffd8| Untracked 
|  12|0x00000000c0c00000, 0x00000000c0cfffd8, 0x00000000c0d00000| 99%| O|  |TAMS 0x00000000c0cfffd8, 0x00000000c0cfffd8| Untracked 
|  13|0x00000000c0d00000, 0x00000000c0dffff0, 0x00000000c0e00000| 99%| O|  |TAMS 0x00000000c0dffff0, 0x00000000c0dffff0| Untracked 
|  14|0x00000000c0e00000, 0x00000000c0effff8, 0x00000000c0f00000| 99%| O|  |TAMS 0x00000000c0effff8, 0x00000000c0effff8| Untracked 
|  15|0x00000000c0f00000, 0x00000000c1000000, 0x00000000c1000000|100%| O|  |TAMS 0x00000000c1000000, 0x00000000c1000000| Untracked 
|  16|0x00000000c1000000, 0x00000000c10ffff0, 0x00000000c1100000| 99%| O|  |TAMS 0x00000000c10ffff0, 0x00000000c10ffff0| Untracked 
|  17|0x00000000c1100000, 0x00000000c11ffff8, 0x00000000c1200000| 99%| O|  |TAMS 0x00000000c11ffff8, 0x00000000c11ffff8| Untracked 
|  18|0x00000000c1200000, 0x00000000c12fd2a8, 0x00000000c1300000| 98%| O|  |TAMS 0x00000000c12fd2a8, 0x00000000c12fd2a8| Untracked 
|  19|0x00000000c1300000, 0x00000000c13ffff8, 0x00000000c1400000| 99%| O|  |TAMS 0x00000000c13ffff8, 0x00000000c13ffff8| Untracked 
|  20|0x00000000c1400000, 0x00000000c1500000, 0x00000000c1500000|100%| O|  |TAMS 0x00000000c1500000, 0x00000000c1500000| Untracked 
|  21|0x00000000c1500000, 0x00000000c15ffff0, 0x00000000c1600000| 99%| O|  |TAMS 0x00000000c15ffff0, 0x00000000c15ffff0| Untracked 
|  22|0x00000000c1600000, 0x00000000c1700000, 0x00000000c1700000|100%| O|  |TAMS 0x00000000c1700000, 0x00000000c1700000| Untracked 
|  23|0x00000000c1700000, 0x00000000c17fffe8, 0x00000000c1800000| 99%| O|  |TAMS 0x00000000c17fffe8, 0x00000000c17fffe8| Untracked 
|  24|0x00000000c1800000, 0x00000000c18fffe8, 0x00000000c1900000| 99%| O|  |TAMS 0x00000000c18fffe8, 0x00000000c18fffe8| Untracked 
|  25|0x00000000c1900000, 0x00000000c19f96c0, 0x00000000c1a00000| 97%| O|  |TAMS 0x00000000c19f96c0, 0x00000000c19f96c0| Untracked 
|  26|0x00000000c1a00000, 0x00000000c1affff0, 0x00000000c1b00000| 99%| O|  |TAMS 0x00000000c1affff0, 0x00000000c1affff0| Untracked 
|  27|0x00000000c1b00000, 0x00000000c1bfffd8, 0x00000000c1c00000| 99%| O|  |TAMS 0x00000000c1bfffd8, 0x00000000c1bfffd8| Untracked 
|  28|0x00000000c1c00000, 0x00000000c1cfffc0, 0x00000000c1d00000| 99%| O|  |TAMS 0x00000000c1cfffc0, 0x00000000c1cfffc0| Untracked 
|  29|0x00000000c1d00000, 0x00000000c1dfff30, 0x00000000c1e00000| 99%| O|  |TAMS 0x00000000c1dfff30, 0x00000000c1dfff30| Untracked 
|  30|0x00000000c1e00000, 0x00000000c1effff8, 0x00000000c1f00000| 99%| O|  |TAMS 0x00000000c1effff8, 0x00000000c1effff8| Untracked 
|  31|0x00000000c1f00000, 0x00000000c1fff3c0, 0x00000000c2000000| 99%| O|  |TAMS 0x00000000c1fff3c0, 0x00000000c1fff3c0| Untracked 
|  32|0x00000000c2000000, 0x00000000c20ffff8, 0x00000000c2100000| 99%| O|  |TAMS 0x00000000c20ffff8, 0x00000000c20ffff8| Untracked 
|  33|0x00000000c2100000, 0x00000000c21ff0a8, 0x00000000c2200000| 99%| O|  |TAMS 0x00000000c21ff0a8, 0x00000000c21ff0a8| Untracked 
|  34|0x00000000c2200000, 0x00000000c22ffff0, 0x00000000c2300000| 99%| O|  |TAMS 0x00000000c22ffff0, 0x00000000c22ffff0| Untracked 
|  35|0x00000000c2300000, 0x00000000c23fffd8, 0x00000000c2400000| 99%| O|  |TAMS 0x00000000c23fffd8, 0x00000000c23fffd8| Untracked 
|  36|0x00000000c2400000, 0x00000000c24ff5e0, 0x00000000c2500000| 99%| O|  |TAMS 0x00000000c24ff5e0, 0x00000000c24ff5e0| Untracked 
|  37|0x00000000c2500000, 0x00000000c25fc670, 0x00000000c2600000| 98%| O|  |TAMS 0x00000000c25fc670, 0x00000000c25fc670| Untracked 
|  38|0x00000000c2600000, 0x00000000c26fb2b0, 0x00000000c2700000| 98%| O|  |TAMS 0x00000000c26fb2b0, 0x00000000c26fb2b0| Untracked 
|  39|0x00000000c2700000, 0x00000000c27ff7f8, 0x00000000c2800000| 99%| O|  |TAMS 0x00000000c27ff7f8, 0x00000000c27ff7f8| Untracked 
|  40|0x00000000c2800000, 0x00000000c28fc6c8, 0x00000000c2900000| 98%| O|  |TAMS 0x00000000c28fc6c8, 0x00000000c28fc6c8| Untracked 
|  41|0x00000000c2900000, 0x00000000c29fffe8, 0x00000000c2a00000| 99%| O|  |TAMS 0x00000000c29fffe8, 0x00000000c29fffe8| Untracked 
|  42|0x00000000c2a00000, 0x00000000c2aff4d0, 0x00000000c2b00000| 99%| O|  |TAMS 0x00000000c2aff4d0, 0x00000000c2aff4d0| Untracked 
|  43|0x00000000c2b00000, 0x00000000c2c00000, 0x00000000c2c00000|100%| O|  |TAMS 0x00000000c2c00000, 0x00000000c2c00000| Untracked 
|  44|0x00000000c2c00000, 0x00000000c2cfffe8, 0x00000000c2d00000| 99%| O|  |TAMS 0x00000000c2cfffe8, 0x00000000c2cfffe8| Untracked 
|  45|0x00000000c2d00000, 0x00000000c2e00000, 0x00000000c2e00000|100%|HS|  |TAMS 0x00000000c2e00000, 0x00000000c2e00000| Complete 
|  46|0x00000000c2e00000, 0x00000000c2efffe8, 0x00000000c2f00000| 99%| O|  |TAMS 0x00000000c2efffe8, 0x00000000c2efffe8| Untracked 
|  47|0x00000000c2f00000, 0x00000000c2fffeb8, 0x00000000c3000000| 99%| O|  |TAMS 0x00000000c2fffeb8, 0x00000000c2fffeb8| Untracked 
|  48|0x00000000c3000000, 0x00000000c3100000, 0x00000000c3100000|100%| O|  |TAMS 0x00000000c3100000, 0x00000000c3100000| Untracked 
|  49|0x00000000c3100000, 0x00000000c31fffe8, 0x00000000c3200000| 99%| O|  |TAMS 0x00000000c31fffe8, 0x00000000c31fffe8| Untracked 
|  50|0x00000000c3200000, 0x00000000c32fffe0, 0x00000000c3300000| 99%| O|  |TAMS 0x00000000c32fffe0, 0x00000000c32fffe0| Untracked 
|  51|0x00000000c3300000, 0x00000000c33ffff0, 0x00000000c3400000| 99%| O|  |TAMS 0x00000000c33ffff0, 0x00000000c33ffff0| Untracked 
|  52|0x00000000c3400000, 0x00000000c3500000, 0x00000000c3500000|100%|HS|  |TAMS 0x00000000c3500000, 0x00000000c3500000| Complete 
|  53|0x00000000c3500000, 0x00000000c3600000, 0x00000000c3600000|100%| O|  |TAMS 0x00000000c3600000, 0x00000000c3600000| Untracked 
|  54|0x00000000c3600000, 0x00000000c36fffe8, 0x00000000c3700000| 99%| O|  |TAMS 0x00000000c36fffe8, 0x00000000c36fffe8| Untracked 
|  55|0x00000000c3700000, 0x00000000c37ffff8, 0x00000000c3800000| 99%| O|  |TAMS 0x00000000c37ffff8, 0x00000000c37ffff8| Untracked 
|  56|0x00000000c3800000, 0x00000000c3900000, 0x00000000c3900000|100%|HS|  |TAMS 0x00000000c3900000, 0x00000000c3900000| Complete 
|  57|0x00000000c3900000, 0x00000000c39ffff8, 0x00000000c3a00000| 99%| O|  |TAMS 0x00000000c39ffff8, 0x00000000c39ffff8| Untracked 
|  58|0x00000000c3a00000, 0x00000000c3afffc8, 0x00000000c3b00000| 99%| O|  |TAMS 0x00000000c3afffc8, 0x00000000c3afffc8| Untracked 
|  59|0x00000000c3b00000, 0x00000000c3c00000, 0x00000000c3c00000|100%| O|  |TAMS 0x00000000c3b00000, 0x00000000c3c00000| Untracked 
|  60|0x00000000c3c00000, 0x00000000c3cffff8, 0x00000000c3d00000| 99%| O|  |TAMS 0x00000000c3cffff8, 0x00000000c3cffff8| Untracked 
|  61|0x00000000c3d00000, 0x00000000c3e00000, 0x00000000c3e00000|100%| O|  |TAMS 0x00000000c3d00000, 0x00000000c3e00000| Untracked 
|  62|0x00000000c3e00000, 0x00000000c3f00000, 0x00000000c3f00000|100%| O|  |TAMS 0x00000000c3f00000, 0x00000000c3f00000| Untracked 
|  63|0x00000000c3f00000, 0x00000000c3ffffd0, 0x00000000c4000000| 99%| O|  |TAMS 0x00000000c3ffffd0, 0x00000000c3ffffd0| Untracked 
|  64|0x00000000c4000000, 0x00000000c4100000, 0x00000000c4100000|100%| O|  |TAMS 0x00000000c4100000, 0x00000000c4100000| Untracked 
|  65|0x00000000c4100000, 0x00000000c41ffff8, 0x00000000c4200000| 99%| O|  |TAMS 0x00000000c41ffff8, 0x00000000c41ffff8| Untracked 
|  66|0x00000000c4200000, 0x00000000c4300000, 0x00000000c4300000|100%| O|  |TAMS 0x00000000c4300000, 0x00000000c4300000| Untracked 
|  67|0x00000000c4300000, 0x00000000c4400000, 0x00000000c4400000|100%| O|  |TAMS 0x00000000c4400000, 0x00000000c4400000| Untracked 
|  68|0x00000000c4400000, 0x00000000c4500000, 0x00000000c4500000|100%| O|  |TAMS 0x00000000c4500000, 0x00000000c4500000| Untracked 
|  69|0x00000000c4500000, 0x00000000c45ffff8, 0x00000000c4600000| 99%| O|  |TAMS 0x00000000c45ffff8, 0x00000000c45ffff8| Untracked 
|  70|0x00000000c4600000, 0x00000000c4700000, 0x00000000c4700000|100%| O|  |TAMS 0x00000000c4600000, 0x00000000c4700000| Untracked 
|  71|0x00000000c4700000, 0x00000000c4800000, 0x00000000c4800000|100%| O|  |TAMS 0x00000000c4800000, 0x00000000c4800000| Untracked 
|  72|0x00000000c4800000, 0x00000000c4900000, 0x00000000c4900000|100%| O|  |TAMS 0x00000000c4800000, 0x00000000c4900000| Untracked 
|  73|0x00000000c4900000, 0x00000000c4a00000, 0x00000000c4a00000|100%| O|  |TAMS 0x00000000c4a00000, 0x00000000c4a00000| Untracked 
|  74|0x00000000c4a00000, 0x00000000c4b00000, 0x00000000c4b00000|100%| O|  |TAMS 0x00000000c4b00000, 0x00000000c4b00000| Untracked 
|  75|0x00000000c4b00000, 0x00000000c4c00000, 0x00000000c4c00000|100%| O|  |TAMS 0x00000000c4c00000, 0x00000000c4c00000| Untracked 
|  76|0x00000000c4c00000, 0x00000000c4d00000, 0x00000000c4d00000|100%| O|  |TAMS 0x00000000c4d00000, 0x00000000c4d00000| Untracked 
|  77|0x00000000c4d00000, 0x00000000c4e00000, 0x00000000c4e00000|100%| O|  |TAMS 0x00000000c4d00000, 0x00000000c4e00000| Untracked 
|  78|0x00000000c4e00000, 0x00000000c4f00000, 0x00000000c4f00000|100%| O|  |TAMS 0x00000000c4f00000, 0x00000000c4f00000| Untracked 
|  79|0x00000000c4f00000, 0x00000000c5000000, 0x00000000c5000000|100%| O|  |TAMS 0x00000000c5000000, 0x00000000c5000000| Untracked 
|  80|0x00000000c5000000, 0x00000000c5100000, 0x00000000c5100000|100%| O|  |TAMS 0x00000000c5100000, 0x00000000c5100000| Untracked 
|  81|0x00000000c5100000, 0x00000000c51f6960, 0x00000000c5200000| 96%| O|  |TAMS 0x00000000c51f6960, 0x00000000c51f6960| Untracked 
|  82|0x00000000c5200000, 0x00000000c5300000, 0x00000000c5300000|100%| O|  |TAMS 0x00000000c5300000, 0x00000000c5300000| Untracked 
|  83|0x00000000c5300000, 0x00000000c5400000, 0x00000000c5400000|100%| O|  |TAMS 0x00000000c5300000, 0x00000000c5400000| Untracked 
|  84|0x00000000c5400000, 0x00000000c5500000, 0x00000000c5500000|100%| O|  |TAMS 0x00000000c5500000, 0x00000000c5500000| Untracked 
|  85|0x00000000c5500000, 0x00000000c5600000, 0x00000000c5600000|100%| O|  |TAMS 0x00000000c5600000, 0x00000000c5600000| Untracked 
|  86|0x00000000c5600000, 0x00000000c5700000, 0x00000000c5700000|100%|HS|  |TAMS 0x00000000c5600000, 0x00000000c5700000| Complete 
|  87|0x00000000c5700000, 0x00000000c5800000, 0x00000000c5800000|100%|HC|  |TAMS 0x00000000c5700000, 0x00000000c5800000| Complete 
|  88|0x00000000c5800000, 0x00000000c5900000, 0x00000000c5900000|100%| O|  |TAMS 0x00000000c5800000, 0x00000000c5900000| Untracked 
|  89|0x00000000c5900000, 0x00000000c5a00000, 0x00000000c5a00000|100%| O|  |TAMS 0x00000000c5900000, 0x00000000c5a00000| Untracked 
|  90|0x00000000c5a00000, 0x00000000c5b00000, 0x00000000c5b00000|100%| O|  |TAMS 0x00000000c5a00000, 0x00000000c5b00000| Untracked 
|  91|0x00000000c5b00000, 0x00000000c5c00000, 0x00000000c5c00000|100%| O|  |TAMS 0x00000000c5b00000, 0x00000000c5c00000| Untracked 
|  92|0x00000000c5c00000, 0x00000000c5d00000, 0x00000000c5d00000|100%| O|  |TAMS 0x00000000c5d00000, 0x00000000c5d00000| Untracked 
|  93|0x00000000c5d00000, 0x00000000c5e00000, 0x00000000c5e00000|100%| O|  |TAMS 0x00000000c5d00000, 0x00000000c5e00000| Untracked 
|  94|0x00000000c5e00000, 0x00000000c5f00000, 0x00000000c5f00000|100%| O|  |TAMS 0x00000000c5e00000, 0x00000000c5f00000| Untracked 
|  95|0x00000000c5f00000, 0x00000000c6000000, 0x00000000c6000000|100%| O|  |TAMS 0x00000000c5f00000, 0x00000000c6000000| Untracked 
|  96|0x00000000c6000000, 0x00000000c6000000, 0x00000000c6100000|  0%| F|  |TAMS 0x00000000c6000000, 0x00000000c6000000| Untracked 
|  97|0x00000000c6100000, 0x00000000c6200000, 0x00000000c6200000|100%| O|  |TAMS 0x00000000c6200000, 0x00000000c6200000| Untracked 
|  98|0x00000000c6200000, 0x00000000c6300000, 0x00000000c6300000|100%| O|  |TAMS 0x00000000c6200000, 0x00000000c6300000| Untracked 
|  99|0x00000000c6300000, 0x00000000c6400000, 0x00000000c6400000|100%|HS|  |TAMS 0x00000000c6400000, 0x00000000c6400000| Complete 
| 100|0x00000000c6400000, 0x00000000c6500000, 0x00000000c6500000|100%| O|  |TAMS 0x00000000c6400000, 0x00000000c6500000| Untracked 
| 101|0x00000000c6500000, 0x00000000c6600000, 0x00000000c6600000|100%| O|  |TAMS 0x00000000c6500000, 0x00000000c6600000| Untracked 
| 102|0x00000000c6600000, 0x00000000c6700000, 0x00000000c6700000|100%| O|  |TAMS 0x00000000c6700000, 0x00000000c6700000| Untracked 
| 103|0x00000000c6700000, 0x00000000c6800000, 0x00000000c6800000|100%| O|  |TAMS 0x00000000c6800000, 0x00000000c6800000| Untracked 
| 104|0x00000000c6800000, 0x00000000c6900000, 0x00000000c6900000|100%| O|  |TAMS 0x00000000c6800000, 0x00000000c6900000| Untracked 
| 105|0x00000000c6900000, 0x00000000c6a00000, 0x00000000c6a00000|100%| O|  |TAMS 0x00000000c6a00000, 0x00000000c6a00000| Untracked 
| 106|0x00000000c6a00000, 0x00000000c6b00000, 0x00000000c6b00000|100%| O|  |TAMS 0x00000000c6a00000, 0x00000000c6b00000| Untracked 
| 107|0x00000000c6b00000, 0x00000000c6c00000, 0x00000000c6c00000|100%| O|  |TAMS 0x00000000c6c00000, 0x00000000c6c00000| Untracked 
| 108|0x00000000c6c00000, 0x00000000c6d00000, 0x00000000c6d00000|100%| O|  |TAMS 0x00000000c6c00000, 0x00000000c6d00000| Untracked 
| 109|0x00000000c6d00000, 0x00000000c6e00000, 0x00000000c6e00000|100%| O|  |TAMS 0x00000000c6e00000, 0x00000000c6e00000| Untracked 
| 110|0x00000000c6e00000, 0x00000000c6f00000, 0x00000000c6f00000|100%| O|  |TAMS 0x00000000c6f00000, 0x00000000c6f00000| Untracked 
| 111|0x00000000c6f00000, 0x00000000c7000000, 0x00000000c7000000|100%| O|  |TAMS 0x00000000c7000000, 0x00000000c7000000| Untracked 
| 112|0x00000000c7000000, 0x00000000c7100000, 0x00000000c7100000|100%| O|  |TAMS 0x00000000c7100000, 0x00000000c7100000| Untracked 
| 113|0x00000000c7100000, 0x00000000c7200000, 0x00000000c7200000|100%| O|  |TAMS 0x00000000c7200000, 0x00000000c7200000| Untracked 
| 114|0x00000000c7200000, 0x00000000c7300000, 0x00000000c7300000|100%| O|  |TAMS 0x00000000c7200000, 0x00000000c7300000| Untracked 
| 115|0x00000000c7300000, 0x00000000c7400000, 0x00000000c7400000|100%| O|  |TAMS 0x00000000c7300000, 0x00000000c7400000| Untracked 
| 116|0x00000000c7400000, 0x00000000c7500000, 0x00000000c7500000|100%| O|  |TAMS 0x00000000c7500000, 0x00000000c7500000| Untracked 
| 117|0x00000000c7500000, 0x00000000c7600000, 0x00000000c7600000|100%| O|  |TAMS 0x00000000c7500000, 0x00000000c7600000| Untracked 
| 118|0x00000000c7600000, 0x00000000c7700000, 0x00000000c7700000|100%| O|  |TAMS 0x00000000c7600000, 0x00000000c7700000| Untracked 
| 119|0x00000000c7700000, 0x00000000c7800000, 0x00000000c7800000|100%| O|  |TAMS 0x00000000c7700000, 0x00000000c7800000| Untracked 
| 120|0x00000000c7800000, 0x00000000c7900000, 0x00000000c7900000|100%| O|  |TAMS 0x00000000c7900000, 0x00000000c7900000| Untracked 
| 121|0x00000000c7900000, 0x00000000c7a00000, 0x00000000c7a00000|100%| O|  |TAMS 0x00000000c7900000, 0x00000000c7a00000| Untracked 
| 122|0x00000000c7a00000, 0x00000000c7b00000, 0x00000000c7b00000|100%| O|  |TAMS 0x00000000c7b00000, 0x00000000c7b00000| Untracked 
| 123|0x00000000c7b00000, 0x00000000c7c00000, 0x00000000c7c00000|100%| O|  |TAMS 0x00000000c7c00000, 0x00000000c7c00000| Untracked 
| 124|0x00000000c7c00000, 0x00000000c7d00000, 0x00000000c7d00000|100%| O|  |TAMS 0x00000000c7c00000, 0x00000000c7d00000| Untracked 
| 125|0x00000000c7d00000, 0x00000000c7e00000, 0x00000000c7e00000|100%| O|  |TAMS 0x00000000c7d00000, 0x00000000c7e00000| Untracked 
| 126|0x00000000c7e00000, 0x00000000c7e00000, 0x00000000c7f00000|  0%| F|  |TAMS 0x00000000c7e00000, 0x00000000c7e00000| Untracked 
| 127|0x00000000c7f00000, 0x00000000c7f00000, 0x00000000c8000000|  0%| F|  |TAMS 0x00000000c7f00000, 0x00000000c7f00000| Untracked 
| 128|0x00000000c8000000, 0x00000000c8000000, 0x00000000c8100000|  0%| F|  |TAMS 0x00000000c8000000, 0x00000000c8000000| Untracked 
| 129|0x00000000c8100000, 0x00000000c8100000, 0x00000000c8200000|  0%| F|  |TAMS 0x00000000c8100000, 0x00000000c8100000| Untracked 
| 130|0x00000000c8200000, 0x00000000c8300000, 0x00000000c8300000|100%| O|  |TAMS 0x00000000c8300000, 0x00000000c8300000| Untracked 
| 131|0x00000000c8300000, 0x00000000c8300000, 0x00000000c8400000|  0%| F|  |TAMS 0x00000000c8300000, 0x00000000c8300000| Untracked 
| 132|0x00000000c8400000, 0x00000000c8500000, 0x00000000c8500000|100%| O|  |TAMS 0x00000000c8500000, 0x00000000c8500000| Untracked 
| 133|0x00000000c8500000, 0x00000000c8600000, 0x00000000c8600000|100%| O|  |TAMS 0x00000000c8600000, 0x00000000c8600000| Untracked 
| 134|0x00000000c8600000, 0x00000000c8600000, 0x00000000c8700000|  0%| F|  |TAMS 0x00000000c8600000, 0x00000000c8600000| Untracked 
| 135|0x00000000c8700000, 0x00000000c8700000, 0x00000000c8800000|  0%| F|  |TAMS 0x00000000c8700000, 0x00000000c8700000| Untracked 
| 136|0x00000000c8800000, 0x00000000c8800000, 0x00000000c8900000|  0%| F|  |TAMS 0x00000000c8800000, 0x00000000c8800000| Untracked 
| 137|0x00000000c8900000, 0x00000000c8900000, 0x00000000c8a00000|  0%| F|  |TAMS 0x00000000c8900000, 0x00000000c8900000| Untracked 
| 138|0x00000000c8a00000, 0x00000000c8a00000, 0x00000000c8b00000|  0%| F|  |TAMS 0x00000000c8a00000, 0x00000000c8a00000| Untracked 
| 139|0x00000000c8b00000, 0x00000000c8b00000, 0x00000000c8c00000|  0%| F|  |TAMS 0x00000000c8b00000, 0x00000000c8b00000| Untracked 
| 140|0x00000000c8c00000, 0x00000000c8c00000, 0x00000000c8d00000|  0%| F|  |TAMS 0x00000000c8c00000, 0x00000000c8c00000| Untracked 
| 141|0x00000000c8d00000, 0x00000000c8d00000, 0x00000000c8e00000|  0%| F|  |TAMS 0x00000000c8d00000, 0x00000000c8d00000| Untracked 
| 142|0x00000000c8e00000, 0x00000000c8e00000, 0x00000000c8f00000|  0%| F|  |TAMS 0x00000000c8e00000, 0x00000000c8e00000| Untracked 
| 143|0x00000000c8f00000, 0x00000000c8f00000, 0x00000000c9000000|  0%| F|  |TAMS 0x00000000c8f00000, 0x00000000c8f00000| Untracked 
| 144|0x00000000c9000000, 0x00000000c9000000, 0x00000000c9100000|  0%| F|  |TAMS 0x00000000c9000000, 0x00000000c9000000| Untracked 
| 145|0x00000000c9100000, 0x00000000c9100000, 0x00000000c9200000|  0%| F|  |TAMS 0x00000000c9100000, 0x00000000c9100000| Untracked 
| 146|0x00000000c9200000, 0x00000000c9200000, 0x00000000c9300000|  0%| F|  |TAMS 0x00000000c9200000, 0x00000000c9200000| Untracked 
| 147|0x00000000c9300000, 0x00000000c9300000, 0x00000000c9400000|  0%| F|  |TAMS 0x00000000c9300000, 0x00000000c9300000| Untracked 
| 148|0x00000000c9400000, 0x00000000c9400000, 0x00000000c9500000|  0%| F|  |TAMS 0x00000000c9400000, 0x00000000c9400000| Untracked 
| 149|0x00000000c9500000, 0x00000000c9500000, 0x00000000c9600000|  0%| F|  |TAMS 0x00000000c9500000, 0x00000000c9500000| Untracked 
| 150|0x00000000c9600000, 0x00000000c9600000, 0x00000000c9700000|  0%| F|  |TAMS 0x00000000c9600000, 0x00000000c9600000| Untracked 
| 151|0x00000000c9700000, 0x00000000c9700000, 0x00000000c9800000|  0%| F|  |TAMS 0x00000000c9700000, 0x00000000c9700000| Untracked 
| 152|0x00000000c9800000, 0x00000000c9800000, 0x00000000c9900000|  0%| F|  |TAMS 0x00000000c9800000, 0x00000000c9800000| Untracked 
| 153|0x00000000c9900000, 0x00000000c9900000, 0x00000000c9a00000|  0%| F|  |TAMS 0x00000000c9900000, 0x00000000c9900000| Untracked 
| 154|0x00000000c9a00000, 0x00000000c9a00000, 0x00000000c9b00000|  0%| F|  |TAMS 0x00000000c9a00000, 0x00000000c9a00000| Untracked 
| 155|0x00000000c9b00000, 0x00000000c9b00000, 0x00000000c9c00000|  0%| F|  |TAMS 0x00000000c9b00000, 0x00000000c9b00000| Untracked 
| 156|0x00000000c9c00000, 0x00000000c9c00000, 0x00000000c9d00000|  0%| F|  |TAMS 0x00000000c9c00000, 0x00000000c9c00000| Untracked 
| 157|0x00000000c9d00000, 0x00000000c9d00000, 0x00000000c9e00000|  0%| F|  |TAMS 0x00000000c9d00000, 0x00000000c9d00000| Untracked 
| 158|0x00000000c9e00000, 0x00000000c9e00000, 0x00000000c9f00000|  0%| F|  |TAMS 0x00000000c9e00000, 0x00000000c9e00000| Untracked 
| 159|0x00000000c9f00000, 0x00000000c9f00000, 0x00000000ca000000|  0%| F|  |TAMS 0x00000000c9f00000, 0x00000000c9f00000| Untracked 
| 160|0x00000000ca000000, 0x00000000ca000000, 0x00000000ca100000|  0%| F|  |TAMS 0x00000000ca000000, 0x00000000ca000000| Untracked 
| 161|0x00000000ca100000, 0x00000000ca100000, 0x00000000ca200000|  0%| F|  |TAMS 0x00000000ca100000, 0x00000000ca100000| Untracked 
| 162|0x00000000ca200000, 0x00000000ca200000, 0x00000000ca300000|  0%| F|  |TAMS 0x00000000ca200000, 0x00000000ca200000| Untracked 
| 163|0x00000000ca300000, 0x00000000ca300000, 0x00000000ca400000|  0%| F|  |TAMS 0x00000000ca300000, 0x00000000ca300000| Untracked 
| 164|0x00000000ca400000, 0x00000000ca400000, 0x00000000ca500000|  0%| F|  |TAMS 0x00000000ca400000, 0x00000000ca400000| Untracked 
| 165|0x00000000ca500000, 0x00000000ca500000, 0x00000000ca600000|  0%| F|  |TAMS 0x00000000ca500000, 0x00000000ca500000| Untracked 
| 166|0x00000000ca600000, 0x00000000ca600000, 0x00000000ca700000|  0%| F|  |TAMS 0x00000000ca600000, 0x00000000ca600000| Untracked 
| 167|0x00000000ca700000, 0x00000000ca700000, 0x00000000ca800000|  0%| F|  |TAMS 0x00000000ca700000, 0x00000000ca700000| Untracked 
| 168|0x00000000ca800000, 0x00000000ca800000, 0x00000000ca900000|  0%| F|  |TAMS 0x00000000ca800000, 0x00000000ca800000| Untracked 
| 169|0x00000000ca900000, 0x00000000ca900000, 0x00000000caa00000|  0%| F|  |TAMS 0x00000000ca900000, 0x00000000ca900000| Untracked 
| 170|0x00000000caa00000, 0x00000000caa00000, 0x00000000cab00000|  0%| F|  |TAMS 0x00000000caa00000, 0x00000000caa00000| Untracked 
| 171|0x00000000cab00000, 0x00000000cab00000, 0x00000000cac00000|  0%| F|  |TAMS 0x00000000cab00000, 0x00000000cab00000| Untracked 
| 172|0x00000000cac00000, 0x00000000cac00000, 0x00000000cad00000|  0%| F|  |TAMS 0x00000000cac00000, 0x00000000cac00000| Untracked 
| 173|0x00000000cad00000, 0x00000000cad00000, 0x00000000cae00000|  0%| F|  |TAMS 0x00000000cad00000, 0x00000000cad00000| Untracked 
| 174|0x00000000cae00000, 0x00000000cae00000, 0x00000000caf00000|  0%| F|  |TAMS 0x00000000cae00000, 0x00000000cae00000| Untracked 
| 175|0x00000000caf00000, 0x00000000caf00000, 0x00000000cb000000|  0%| F|  |TAMS 0x00000000caf00000, 0x00000000caf00000| Untracked 
| 176|0x00000000cb000000, 0x00000000cb000000, 0x00000000cb100000|  0%| F|  |TAMS 0x00000000cb000000, 0x00000000cb000000| Untracked 
| 177|0x00000000cb100000, 0x00000000cb100000, 0x00000000cb200000|  0%| F|  |TAMS 0x00000000cb100000, 0x00000000cb100000| Untracked 
| 178|0x00000000cb200000, 0x00000000cb200000, 0x00000000cb300000|  0%| F|  |TAMS 0x00000000cb200000, 0x00000000cb200000| Untracked 
| 179|0x00000000cb300000, 0x00000000cb300000, 0x00000000cb400000|  0%| F|  |TAMS 0x00000000cb300000, 0x00000000cb300000| Untracked 
| 180|0x00000000cb400000, 0x00000000cb400000, 0x00000000cb500000|  0%| F|  |TAMS 0x00000000cb400000, 0x00000000cb400000| Untracked 
| 181|0x00000000cb500000, 0x00000000cb500000, 0x00000000cb600000|  0%| F|  |TAMS 0x00000000cb500000, 0x00000000cb500000| Untracked 
| 182|0x00000000cb600000, 0x00000000cb600000, 0x00000000cb700000|  0%| F|  |TAMS 0x00000000cb600000, 0x00000000cb600000| Untracked 
| 183|0x00000000cb700000, 0x00000000cb700000, 0x00000000cb800000|  0%| F|  |TAMS 0x00000000cb700000, 0x00000000cb700000| Untracked 
| 184|0x00000000cb800000, 0x00000000cb800000, 0x00000000cb900000|  0%| F|  |TAMS 0x00000000cb800000, 0x00000000cb800000| Untracked 
| 185|0x00000000cb900000, 0x00000000cb900000, 0x00000000cba00000|  0%| F|  |TAMS 0x00000000cb900000, 0x00000000cb900000| Untracked 
| 186|0x00000000cba00000, 0x00000000cba00000, 0x00000000cbb00000|  0%| F|  |TAMS 0x00000000cba00000, 0x00000000cba00000| Untracked 
| 187|0x00000000cbb00000, 0x00000000cbb00000, 0x00000000cbc00000|  0%| F|  |TAMS 0x00000000cbb00000, 0x00000000cbb00000| Untracked 
| 188|0x00000000cbc00000, 0x00000000cbc00000, 0x00000000cbd00000|  0%| F|  |TAMS 0x00000000cbc00000, 0x00000000cbc00000| Untracked 
| 189|0x00000000cbd00000, 0x00000000cbd00000, 0x00000000cbe00000|  0%| F|  |TAMS 0x00000000cbd00000, 0x00000000cbd00000| Untracked 
| 190|0x00000000cbe00000, 0x00000000cbe00000, 0x00000000cbf00000|  0%| F|  |TAMS 0x00000000cbe00000, 0x00000000cbe00000| Untracked 
| 191|0x00000000cbf00000, 0x00000000cbf00000, 0x00000000cc000000|  0%| F|  |TAMS 0x00000000cbf00000, 0x00000000cbf00000| Untracked 
| 192|0x00000000cc000000, 0x00000000cc000000, 0x00000000cc100000|  0%| F|  |TAMS 0x00000000cc000000, 0x00000000cc000000| Untracked 
| 193|0x00000000cc100000, 0x00000000cc100000, 0x00000000cc200000|  0%| F|  |TAMS 0x00000000cc100000, 0x00000000cc100000| Untracked 
| 194|0x00000000cc200000, 0x00000000cc200000, 0x00000000cc300000|  0%| F|  |TAMS 0x00000000cc200000, 0x00000000cc200000| Untracked 
| 195|0x00000000cc300000, 0x00000000cc300000, 0x00000000cc400000|  0%| F|  |TAMS 0x00000000cc300000, 0x00000000cc300000| Untracked 
| 196|0x00000000cc400000, 0x00000000cc400000, 0x00000000cc500000|  0%| F|  |TAMS 0x00000000cc400000, 0x00000000cc400000| Untracked 
| 197|0x00000000cc500000, 0x00000000cc500000, 0x00000000cc600000|  0%| F|  |TAMS 0x00000000cc500000, 0x00000000cc500000| Untracked 
| 198|0x00000000cc600000, 0x00000000cc600000, 0x00000000cc700000|  0%| F|  |TAMS 0x00000000cc600000, 0x00000000cc600000| Untracked 
| 199|0x00000000cc700000, 0x00000000cc700000, 0x00000000cc800000|  0%| F|  |TAMS 0x00000000cc700000, 0x00000000cc700000| Untracked 
| 200|0x00000000cc800000, 0x00000000cc800000, 0x00000000cc900000|  0%| F|  |TAMS 0x00000000cc800000, 0x00000000cc800000| Untracked 
| 201|0x00000000cc900000, 0x00000000cc900000, 0x00000000cca00000|  0%| F|  |TAMS 0x00000000cc900000, 0x00000000cc900000| Untracked 
| 202|0x00000000cca00000, 0x00000000cca00000, 0x00000000ccb00000|  0%| F|  |TAMS 0x00000000cca00000, 0x00000000cca00000| Untracked 
| 203|0x00000000ccb00000, 0x00000000ccb00000, 0x00000000ccc00000|  0%| F|  |TAMS 0x00000000ccb00000, 0x00000000ccb00000| Untracked 
| 204|0x00000000ccc00000, 0x00000000ccc00000, 0x00000000ccd00000|  0%| F|  |TAMS 0x00000000ccc00000, 0x00000000ccc00000| Untracked 
| 205|0x00000000ccd00000, 0x00000000ccd00000, 0x00000000cce00000|  0%| F|  |TAMS 0x00000000ccd00000, 0x00000000ccd00000| Untracked 
| 206|0x00000000cce00000, 0x00000000cce00000, 0x00000000ccf00000|  0%| F|  |TAMS 0x00000000cce00000, 0x00000000cce00000| Untracked 
| 207|0x00000000ccf00000, 0x00000000ccf00000, 0x00000000cd000000|  0%| F|  |TAMS 0x00000000ccf00000, 0x00000000ccf00000| Untracked 
| 208|0x00000000cd000000, 0x00000000cd000000, 0x00000000cd100000|  0%| F|  |TAMS 0x00000000cd000000, 0x00000000cd000000| Untracked 
| 209|0x00000000cd100000, 0x00000000cd100000, 0x00000000cd200000|  0%| F|  |TAMS 0x00000000cd100000, 0x00000000cd100000| Untracked 
| 210|0x00000000cd200000, 0x00000000cd200000, 0x00000000cd300000|  0%| F|  |TAMS 0x00000000cd200000, 0x00000000cd200000| Untracked 
| 211|0x00000000cd300000, 0x00000000cd300000, 0x00000000cd400000|  0%| F|  |TAMS 0x00000000cd300000, 0x00000000cd300000| Untracked 
| 212|0x00000000cd400000, 0x00000000cd400000, 0x00000000cd500000|  0%| F|  |TAMS 0x00000000cd400000, 0x00000000cd400000| Untracked 
| 213|0x00000000cd500000, 0x00000000cd500000, 0x00000000cd600000|  0%| F|  |TAMS 0x00000000cd500000, 0x00000000cd500000| Untracked 
| 214|0x00000000cd600000, 0x00000000cd600000, 0x00000000cd700000|  0%| F|  |TAMS 0x00000000cd600000, 0x00000000cd600000| Untracked 
| 215|0x00000000cd700000, 0x00000000cd700000, 0x00000000cd800000|  0%| F|  |TAMS 0x00000000cd700000, 0x00000000cd700000| Untracked 
| 216|0x00000000cd800000, 0x00000000cd800000, 0x00000000cd900000|  0%| F|  |TAMS 0x00000000cd800000, 0x00000000cd800000| Untracked 
| 217|0x00000000cd900000, 0x00000000cd900000, 0x00000000cda00000|  0%| F|  |TAMS 0x00000000cd900000, 0x00000000cd900000| Untracked 
| 218|0x00000000cda00000, 0x00000000cda00000, 0x00000000cdb00000|  0%| F|  |TAMS 0x00000000cda00000, 0x00000000cda00000| Untracked 
| 219|0x00000000cdb00000, 0x00000000cdb00000, 0x00000000cdc00000|  0%| F|  |TAMS 0x00000000cdb00000, 0x00000000cdb00000| Untracked 
| 220|0x00000000cdc00000, 0x00000000cdc00000, 0x00000000cdd00000|  0%| F|  |TAMS 0x00000000cdc00000, 0x00000000cdc00000| Untracked 
| 221|0x00000000cdd00000, 0x00000000cdd00000, 0x00000000cde00000|  0%| F|  |TAMS 0x00000000cdd00000, 0x00000000cdd00000| Untracked 
| 222|0x00000000cde00000, 0x00000000cde00000, 0x00000000cdf00000|  0%| F|  |TAMS 0x00000000cde00000, 0x00000000cde00000| Untracked 
| 223|0x00000000cdf00000, 0x00000000cdf00000, 0x00000000ce000000|  0%| F|  |TAMS 0x00000000cdf00000, 0x00000000cdf00000| Untracked 
| 224|0x00000000ce000000, 0x00000000ce000000, 0x00000000ce100000|  0%| F|  |TAMS 0x00000000ce000000, 0x00000000ce000000| Untracked 
| 225|0x00000000ce100000, 0x00000000ce100000, 0x00000000ce200000|  0%| F|  |TAMS 0x00000000ce100000, 0x00000000ce100000| Untracked 
| 226|0x00000000ce200000, 0x00000000ce200000, 0x00000000ce300000|  0%| F|  |TAMS 0x00000000ce200000, 0x00000000ce200000| Untracked 
| 227|0x00000000ce300000, 0x00000000ce300000, 0x00000000ce400000|  0%| F|  |TAMS 0x00000000ce300000, 0x00000000ce300000| Untracked 
| 228|0x00000000ce400000, 0x00000000ce400000, 0x00000000ce500000|  0%| F|  |TAMS 0x00000000ce400000, 0x00000000ce400000| Untracked 
| 229|0x00000000ce500000, 0x00000000ce500000, 0x00000000ce600000|  0%| F|  |TAMS 0x00000000ce500000, 0x00000000ce500000| Untracked 
| 230|0x00000000ce600000, 0x00000000ce600000, 0x00000000ce700000|  0%| F|  |TAMS 0x00000000ce600000, 0x00000000ce600000| Untracked 
| 231|0x00000000ce700000, 0x00000000ce700000, 0x00000000ce800000|  0%| F|  |TAMS 0x00000000ce700000, 0x00000000ce700000| Untracked 
| 232|0x00000000ce800000, 0x00000000ce800000, 0x00000000ce900000|  0%| F|  |TAMS 0x00000000ce800000, 0x00000000ce800000| Untracked 
| 233|0x00000000ce900000, 0x00000000ce900000, 0x00000000cea00000|  0%| F|  |TAMS 0x00000000ce900000, 0x00000000ce900000| Untracked 
| 234|0x00000000cea00000, 0x00000000cea00000, 0x00000000ceb00000|  0%| F|  |TAMS 0x00000000cea00000, 0x00000000cea00000| Untracked 
| 235|0x00000000ceb00000, 0x00000000ceb00000, 0x00000000cec00000|  0%| F|  |TAMS 0x00000000ceb00000, 0x00000000ceb00000| Untracked 
| 236|0x00000000cec00000, 0x00000000cec00000, 0x00000000ced00000|  0%| F|  |TAMS 0x00000000cec00000, 0x00000000cec00000| Untracked 
| 237|0x00000000ced00000, 0x00000000ced00000, 0x00000000cee00000|  0%| F|  |TAMS 0x00000000ced00000, 0x00000000ced00000| Untracked 
| 238|0x00000000cee00000, 0x00000000cee00000, 0x00000000cef00000|  0%| F|  |TAMS 0x00000000cee00000, 0x00000000cee00000| Untracked 
| 239|0x00000000cef00000, 0x00000000cef00000, 0x00000000cf000000|  0%| F|  |TAMS 0x00000000cef00000, 0x00000000cef00000| Untracked 
| 240|0x00000000cf000000, 0x00000000cf000000, 0x00000000cf100000|  0%| F|  |TAMS 0x00000000cf000000, 0x00000000cf000000| Untracked 
| 241|0x00000000cf100000, 0x00000000cf100000, 0x00000000cf200000|  0%| F|  |TAMS 0x00000000cf100000, 0x00000000cf100000| Untracked 
| 242|0x00000000cf200000, 0x00000000cf200000, 0x00000000cf300000|  0%| F|  |TAMS 0x00000000cf200000, 0x00000000cf200000| Untracked 
| 243|0x00000000cf300000, 0x00000000cf300000, 0x00000000cf400000|  0%| F|  |TAMS 0x00000000cf300000, 0x00000000cf300000| Untracked 
| 244|0x00000000cf400000, 0x00000000cf400000, 0x00000000cf500000|  0%| F|  |TAMS 0x00000000cf400000, 0x00000000cf400000| Untracked 
| 245|0x00000000cf500000, 0x00000000cf500000, 0x00000000cf600000|  0%| F|  |TAMS 0x00000000cf500000, 0x00000000cf500000| Untracked 
| 246|0x00000000cf600000, 0x00000000cf600000, 0x00000000cf700000|  0%| F|  |TAMS 0x00000000cf600000, 0x00000000cf600000| Untracked 
| 247|0x00000000cf700000, 0x00000000cf700000, 0x00000000cf800000|  0%| F|  |TAMS 0x00000000cf700000, 0x00000000cf700000| Untracked 
| 248|0x00000000cf800000, 0x00000000cf800000, 0x00000000cf900000|  0%| F|  |TAMS 0x00000000cf800000, 0x00000000cf800000| Untracked 
| 249|0x00000000cf900000, 0x00000000cf900000, 0x00000000cfa00000|  0%| F|  |TAMS 0x00000000cf900000, 0x00000000cf900000| Untracked 
| 250|0x00000000cfa00000, 0x00000000cfa00000, 0x00000000cfb00000|  0%| F|  |TAMS 0x00000000cfa00000, 0x00000000cfa00000| Untracked 
| 251|0x00000000cfb00000, 0x00000000cfb00000, 0x00000000cfc00000|  0%| F|  |TAMS 0x00000000cfb00000, 0x00000000cfb00000| Untracked 
| 252|0x00000000cfc00000, 0x00000000cfc00000, 0x00000000cfd00000|  0%| F|  |TAMS 0x00000000cfc00000, 0x00000000cfc00000| Untracked 
| 253|0x00000000cfd00000, 0x00000000cfd00000, 0x00000000cfe00000|  0%| F|  |TAMS 0x00000000cfd00000, 0x00000000cfd00000| Untracked 
| 254|0x00000000cfe00000, 0x00000000cfe00000, 0x00000000cff00000|  0%| F|  |TAMS 0x00000000cfe00000, 0x00000000cfe00000| Untracked 
| 255|0x00000000cff00000, 0x00000000cff00000, 0x00000000d0000000|  0%| F|  |TAMS 0x00000000cff00000, 0x00000000cff00000| Untracked 
| 256|0x00000000d0000000, 0x00000000d0000000, 0x00000000d0100000|  0%| F|  |TAMS 0x00000000d0000000, 0x00000000d0000000| Untracked 
| 257|0x00000000d0100000, 0x00000000d0100000, 0x00000000d0200000|  0%| F|  |TAMS 0x00000000d0100000, 0x00000000d0100000| Untracked 
| 258|0x00000000d0200000, 0x00000000d0200000, 0x00000000d0300000|  0%| F|  |TAMS 0x00000000d0200000, 0x00000000d0200000| Untracked 
| 259|0x00000000d0300000, 0x00000000d0300000, 0x00000000d0400000|  0%| F|  |TAMS 0x00000000d0300000, 0x00000000d0300000| Untracked 
| 260|0x00000000d0400000, 0x00000000d0400000, 0x00000000d0500000|  0%| F|  |TAMS 0x00000000d0400000, 0x00000000d0400000| Untracked 
| 261|0x00000000d0500000, 0x00000000d0500000, 0x00000000d0600000|  0%| F|  |TAMS 0x00000000d0500000, 0x00000000d0500000| Untracked 
| 262|0x00000000d0600000, 0x00000000d0600000, 0x00000000d0700000|  0%| F|  |TAMS 0x00000000d0600000, 0x00000000d0600000| Untracked 
| 263|0x00000000d0700000, 0x00000000d0700000, 0x00000000d0800000|  0%| F|  |TAMS 0x00000000d0700000, 0x00000000d0700000| Untracked 
| 264|0x00000000d0800000, 0x00000000d0800000, 0x00000000d0900000|  0%| F|  |TAMS 0x00000000d0800000, 0x00000000d0800000| Untracked 
| 265|0x00000000d0900000, 0x00000000d0900000, 0x00000000d0a00000|  0%| F|  |TAMS 0x00000000d0900000, 0x00000000d0900000| Untracked 
| 266|0x00000000d0a00000, 0x00000000d0a00000, 0x00000000d0b00000|  0%| F|  |TAMS 0x00000000d0a00000, 0x00000000d0a00000| Untracked 
| 267|0x00000000d0b00000, 0x00000000d0b00000, 0x00000000d0c00000|  0%| F|  |TAMS 0x00000000d0b00000, 0x00000000d0b00000| Untracked 
| 268|0x00000000d0c00000, 0x00000000d0c00000, 0x00000000d0d00000|  0%| F|  |TAMS 0x00000000d0c00000, 0x00000000d0c00000| Untracked 
| 269|0x00000000d0d00000, 0x00000000d0d00000, 0x00000000d0e00000|  0%| F|  |TAMS 0x00000000d0d00000, 0x00000000d0d00000| Untracked 
| 270|0x00000000d0e00000, 0x00000000d0e00000, 0x00000000d0f00000|  0%| F|  |TAMS 0x00000000d0e00000, 0x00000000d0e00000| Untracked 
| 271|0x00000000d0f00000, 0x00000000d0f00000, 0x00000000d1000000|  0%| F|  |TAMS 0x00000000d0f00000, 0x00000000d0f00000| Untracked 
| 272|0x00000000d1000000, 0x00000000d1000000, 0x00000000d1100000|  0%| F|  |TAMS 0x00000000d1000000, 0x00000000d1000000| Untracked 
| 273|0x00000000d1100000, 0x00000000d1100000, 0x00000000d1200000|  0%| F|  |TAMS 0x00000000d1100000, 0x00000000d1100000| Untracked 
| 274|0x00000000d1200000, 0x00000000d1200000, 0x00000000d1300000|  0%| F|  |TAMS 0x00000000d1200000, 0x00000000d1200000| Untracked 
| 275|0x00000000d1300000, 0x00000000d1379518, 0x00000000d1400000| 47%| S|CS|TAMS 0x00000000d1300000, 0x00000000d1300000| Complete 
| 276|0x00000000d1400000, 0x00000000d1500000, 0x00000000d1500000|100%| S|CS|TAMS 0x00000000d1400000, 0x00000000d1400000| Complete 
| 277|0x00000000d1500000, 0x00000000d1600000, 0x00000000d1600000|100%| S|CS|TAMS 0x00000000d1500000, 0x00000000d1500000| Complete 
| 278|0x00000000d1600000, 0x00000000d1600000, 0x00000000d1700000|  0%| F|  |TAMS 0x00000000d1600000, 0x00000000d1600000| Untracked 
| 279|0x00000000d1700000, 0x00000000d1700000, 0x00000000d1800000|  0%| F|  |TAMS 0x00000000d1700000, 0x00000000d1700000| Untracked 
| 280|0x00000000d1800000, 0x00000000d1800000, 0x00000000d1900000|  0%| F|  |TAMS 0x00000000d1800000, 0x00000000d1800000| Untracked 
| 281|0x00000000d1900000, 0x00000000d1900000, 0x00000000d1a00000|  0%| F|  |TAMS 0x00000000d1900000, 0x00000000d1900000| Untracked 
| 282|0x00000000d1a00000, 0x00000000d1a00000, 0x00000000d1b00000|  0%| F|  |TAMS 0x00000000d1a00000, 0x00000000d1a00000| Untracked 
| 283|0x00000000d1b00000, 0x00000000d1b00000, 0x00000000d1c00000|  0%| F|  |TAMS 0x00000000d1b00000, 0x00000000d1b00000| Untracked 
| 284|0x00000000d1c00000, 0x00000000d1c00000, 0x00000000d1d00000|  0%| F|  |TAMS 0x00000000d1c00000, 0x00000000d1c00000| Untracked 
| 285|0x00000000d1d00000, 0x00000000d1d00000, 0x00000000d1e00000|  0%| F|  |TAMS 0x00000000d1d00000, 0x00000000d1d00000| Untracked 
| 286|0x00000000d1e00000, 0x00000000d1e00000, 0x00000000d1f00000|  0%| F|  |TAMS 0x00000000d1e00000, 0x00000000d1e00000| Untracked 
| 287|0x00000000d1f00000, 0x00000000d1f00000, 0x00000000d2000000|  0%| F|  |TAMS 0x00000000d1f00000, 0x00000000d1f00000| Untracked 
| 288|0x00000000d2000000, 0x00000000d2000000, 0x00000000d2100000|  0%| F|  |TAMS 0x00000000d2000000, 0x00000000d2000000| Untracked 
| 289|0x00000000d2100000, 0x00000000d2100000, 0x00000000d2200000|  0%| F|  |TAMS 0x00000000d2100000, 0x00000000d2100000| Untracked 
| 290|0x00000000d2200000, 0x00000000d2200000, 0x00000000d2300000|  0%| F|  |TAMS 0x00000000d2200000, 0x00000000d2200000| Untracked 
| 312|0x00000000d3800000, 0x00000000d3900000, 0x00000000d3900000|100%|HS|  |TAMS 0x00000000d3900000, 0x00000000d3900000| Complete 
| 313|0x00000000d3900000, 0x00000000d3a00000, 0x00000000d3a00000|100%|HC|  |TAMS 0x00000000d3a00000, 0x00000000d3a00000| Complete 
| 314|0x00000000d3a00000, 0x00000000d3b00000, 0x00000000d3b00000|100%|HC|  |TAMS 0x00000000d3b00000, 0x00000000d3b00000| Complete 
| 335|0x00000000d4f00000, 0x00000000d5000000, 0x00000000d5000000|100%| O|  |TAMS 0x00000000d5000000, 0x00000000d5000000| Untracked 
| 337|0x00000000d5100000, 0x00000000d5200000, 0x00000000d5200000|100%| O|  |TAMS 0x00000000d5200000, 0x00000000d5200000| Untracked 
| 340|0x00000000d5400000, 0x00000000d5500000, 0x00000000d5500000|100%| O|  |TAMS 0x00000000d5500000, 0x00000000d5500000| Untracked 
| 341|0x00000000d5500000, 0x00000000d5600000, 0x00000000d5600000|100%| O|  |TAMS 0x00000000d5600000, 0x00000000d5600000| Untracked 
| 343|0x00000000d5700000, 0x00000000d5800000, 0x00000000d5800000|100%| O|  |TAMS 0x00000000d5800000, 0x00000000d5800000| Untracked 

Card table byte_map: [0x0000011189bc0000,0x0000011189dc0000] _byte_map_base: 0x00000111895c0000

Marking Bits (Prev, Next): (CMBitMap*) 0x0000011183f74620, (CMBitMap*) 0x0000011183f745e0
 Prev Bits: [0x000001118afc0000, 0x000001118bfc0000)
 Next Bits: [0x0000011189fc0000, 0x000001118afc0000)

Polling page: 0x00000111820d0000

Metaspace:

Usage:
  Non-class:     59.44 MB used.
      Class:      9.36 MB used.
       Both:     68.80 MB used.

Virtual space:
  Non-class space:       64.00 MB reserved,      59.69 MB ( 93%) committed,  8 nodes.
      Class space:        1.00 GB reserved,       9.62 MB ( <1%) committed,  1 nodes.
             Both:        1.06 GB reserved,      69.31 MB (  6%) committed. 

Chunk freelists:
   Non-Class:  177.00 KB
       Class:  2.30 MB
        Both:  2.47 MB

MaxMetaspaceSize: unlimited
CompressedClassSpaceSize: 1.00 GB
Initial GC threshold: 21.00 MB
Current GC threshold: 115.44 MB
CDS: off
MetaspaceReclaimPolicy: balanced
 - commit_granule_bytes: 65536.
 - commit_granule_words: 8192.
 - virtual_space_node_default_size: 1048576.
 - enlarge_chunks_in_place: 1.
 - new_chunks_are_fully_committed: 0.
 - uncommit_free_chunks: 1.
 - use_allocation_guard: 0.
 - handle_deallocations: 1.


Internal statistics:

num_allocs_failed_limit: 8.
num_arena_births: 826.
num_arena_deaths: 270.
num_vsnodes_births: 9.
num_vsnodes_deaths: 0.
num_space_committed: 1109.
num_space_uncommitted: 0.
num_chunks_returned_to_freelist: 344.
num_chunks_taken_from_freelist: 3262.
num_chunk_merges: 88.
num_chunk_splits: 2151.
num_chunks_enlarged: 1623.
num_purges: 20.
num_inconsistent_stats: 0.

CodeCache: size=49152Kb used=24529Kb max_used=24529Kb free=24622Kb
 bounds [0x0000011186bc0000, 0x00000111883c0000, 0x0000011189bc0000]
 total_blobs=13862 nmethods=13168 adapters=619
 compilation: enabled
              stopped_count=0, restarted_count=0
 full_count=0

Compilation events (20 events):
Event: 6833.403 Thread 0x000001118e5b1220 13341       1       org.openrewrite.java.tree.J$Parentheses$Padding::access$22400 (5 bytes)
Event: 6833.403 Thread 0x000001118e5b1220 nmethod 13341 0x00000111883b1b10 code [0x00000111883b1ca0, 0x00000111883b1d58]
Event: 6833.403 Thread 0x000001118e5b1220 13342       1       org.openrewrite.java.tree.J$InstanceOf$Padding::access$13500 (5 bytes)
Event: 6833.404 Thread 0x000001118e5b1220 nmethod 13342 0x00000111883b1e10 code [0x00000111883b1fa0, 0x00000111883b2058]
Event: 6833.667 Thread 0x000001118e5b1220 13343       1       com.sun.tools.javac.code.Type::getOriginalType (2 bytes)
Event: 6833.667 Thread 0x000001118e5b1220 nmethod 13343 0x00000111883b2110 code [0x00000111883b22a0, 0x00000111883b2378]
Event: 6833.667 Thread 0x000001118e5b1220 13344       1       com.sun.tools.javac.code.Scope$NamedImportScope::appendScope (64 bytes)
Event: 6833.668 Thread 0x000001118e5b1220 nmethod 13344 0x00000111883b2410 code [0x00000111883b25e0, 0x00000111883b2978]
Event: 6833.668 Thread 0x000001118e5b1220 13345       1       com.sun.tools.javac.code.Scope$CompoundScope::appendSubScope (41 bytes)
Event: 6833.668 Thread 0x000001118e5b1220 nmethod 13345 0x00000111883b2b90 code [0x00000111883b2d60, 0x00000111883b3108]
Event: 6833.669 Thread 0x000001118e5b1220 13346       1       com.sun.tools.javac.comp.Attr::visitTypeIdent (32 bytes)
Event: 6833.669 Thread 0x000001118e5b1220 nmethod 13346 0x00000111883b3310 code [0x00000111883b34c0, 0x00000111883b3668]
Event: 6833.669 Thread 0x000001118e5b1220 13347       1       com.sun.tools.javac.code.Scope$NamedImportScope$SingleEntryScope::getSymbols (28 bytes)
Event: 6833.669 Thread 0x000001118e5b1220 nmethod 13347 0x00000111883b3790 code [0x00000111883b3940, 0x00000111883b3a88]
Event: 6833.669 Thread 0x000001118e5b1220 13348       1       com.sun.tools.javac.comp.Check$$Lambda$1170/0x0000000100940438::test (8 bytes)
Event: 6833.669 Thread 0x000001118e5b1220 nmethod 13348 0x00000111883b3b10 code [0x00000111883b3ca0, 0x00000111883b3db8]
Event: 6833.669 Thread 0x000001118e5b1220 13349       1       com.sun.tools.javac.comp.Check::lambda$checkImportsUnique$17 (16 bytes)
Event: 6833.669 Thread 0x000001118e5b1220 nmethod 13349 0x00000111883b3e90 code [0x00000111883b4020, 0x00000111883b40f8]
Event: 6833.680 Thread 0x000001118e5b1220 13350       1       com.sun.tools.javac.code.Attribute$Enum::getValue (5 bytes)
Event: 6833.680 Thread 0x000001118e5b1220 nmethod 13350 0x00000111883b4190 code [0x00000111883b4320, 0x00000111883b43f8]

GC Heap History (20 events):
Event: 6798.910 GC heap after
{Heap after GC invocations=601 (full 500):
 garbage-first heap   total 286720K, used 131726K [0x00000000c0000000, 0x0000000100000000)
  region size 1024K, 2 young (2048K), 2 survivors (2048K)
 Metaspace       used 70442K, committed 70976K, reserved 1114112K
  class space    used 9587K, committed 9856K, reserved 1048576K
}
Event: 6799.775 GC heap before
{Heap before GC invocations=601 (full 500):
 garbage-first heap   total 286720K, used 165518K [0x00000000c0000000, 0x0000000100000000)
  region size 1024K, 36 young (36864K), 2 survivors (2048K)
 Metaspace       used 70442K, committed 70976K, reserved 1114112K
  class space    used 9587K, committed 9856K, reserved 1048576K
}
Event: 6799.785 GC heap after
{Heap after GC invocations=602 (full 500):
 garbage-first heap   total 286720K, used 134159K [0x00000000c0000000, 0x0000000100000000)
  region size 1024K, 5 young (5120K), 5 survivors (5120K)
 Metaspace       used 70442K, committed 70976K, reserved 1114112K
  class space    used 9587K, committed 9856K, reserved 1048576K
}
Event: 6818.376 GC heap before
{Heap before GC invocations=603 (full 500):
 garbage-first heap   total 306176K, used 229391K [0x00000000c0000000, 0x0000000100000000)
  region size 1024K, 95 young (97280K), 5 survivors (5120K)
 Metaspace       used 70442K, committed 70976K, reserved 1114112K
  class space    used 9587K, committed 9856K, reserved 1048576K
}
Event: 6818.409 GC heap after
{Heap after GC invocations=604 (full 500):
 garbage-first heap   total 306176K, used 144112K [0x00000000c0000000, 0x0000000100000000)
  region size 1024K, 12 young (12288K), 12 survivors (12288K)
 Metaspace       used 70442K, committed 70976K, reserved 1114112K
  class space    used 9587K, committed 9856K, reserved 1048576K
}
Event: 6818.419 GC heap before
{Heap before GC invocations=604 (full 500):
 garbage-first heap   total 306176K, used 146160K [0x00000000c0000000, 0x0000000100000000)
  region size 1024K, 14 young (14336K), 12 survivors (12288K)
 Metaspace       used 70442K, committed 70976K, reserved 1114112K
  class space    used 9587K, committed 9856K, reserved 1048576K
}
Event: 6818.440 GC heap after
{Heap after GC invocations=605 (full 500):
 garbage-first heap   total 306176K, used 145520K [0x00000000c0000000, 0x0000000100000000)
  region size 1024K, 2 young (2048K), 2 survivors (2048K)
 Metaspace       used 70442K, committed 70976K, reserved 1114112K
  class space    used 9587K, committed 9856K, reserved 1048576K
}
Event: 6823.451 GC heap before
{Heap before GC invocations=605 (full 500):
 garbage-first heap   total 306176K, used 243824K [0x00000000c0000000, 0x0000000100000000)
  region size 1024K, 98 young (100352K), 2 survivors (2048K)
 Metaspace       used 70445K, committed 70976K, reserved 1114112K
  class space    used 9588K, committed 9856K, reserved 1048576K
}
Event: 6823.464 GC heap after
{Heap after GC invocations=606 (full 500):
 garbage-first heap   total 306176K, used 153410K [0x00000000c0000000, 0x0000000100000000)
  region size 1024K, 10 young (10240K), 10 survivors (10240K)
 Metaspace       used 70445K, committed 70976K, reserved 1114112K
  class space    used 9588K, committed 9856K, reserved 1048576K
}
Event: 6829.930 GC heap before
{Heap before GC invocations=607 (full 500):
 garbage-first heap   total 306176K, used 228162K [0x00000000c0000000, 0x0000000100000000)
  region size 1024K, 101 young (103424K), 10 survivors (10240K)
 Metaspace       used 70451K, committed 70976K, reserved 1114112K
  class space    used 9589K, committed 9856K, reserved 1048576K
}
Event: 6829.954 GC heap after
{Heap after GC invocations=608 (full 500):
 garbage-first heap   total 306176K, used 139290K [0x00000000c0000000, 0x0000000100000000)
  region size 1024K, 6 young (6144K), 6 survivors (6144K)
 Metaspace       used 70451K, committed 70976K, reserved 1114112K
  class space    used 9589K, committed 9856K, reserved 1048576K
}
Event: 6830.225 GC heap before
{Heap before GC invocations=608 (full 500):
 garbage-first heap   total 306176K, used 148506K [0x00000000c0000000, 0x0000000100000000)
  region size 1024K, 14 young (14336K), 6 survivors (6144K)
 Metaspace       used 70451K, committed 70976K, reserved 1114112K
  class space    used 9589K, committed 9856K, reserved 1048576K
}
Event: 6830.235 GC heap after
{Heap after GC invocations=609 (full 500):
 garbage-first heap   total 306176K, used 127853K [0x00000000c0000000, 0x0000000100000000)
  region size 1024K, 2 young (2048K), 2 survivors (2048K)
 Metaspace       used 70451K, committed 70976K, reserved 1114112K
  class space    used 9589K, committed 9856K, reserved 1048576K
}
Event: 6831.899 GC heap before
{Heap before GC invocations=609 (full 500):
 garbage-first heap   total 306176K, used 173933K [0x00000000c0000000, 0x0000000100000000)
  region size 1024K, 48 young (49152K), 2 survivors (2048K)
 Metaspace       used 70451K, committed 70976K, reserved 1114112K
  class space    used 9589K, committed 9856K, reserved 1048576K
}
Event: 6831.916 GC heap after
{Heap after GC invocations=610 (full 500):
 garbage-first heap   total 306176K, used 139717K [0x00000000c0000000, 0x0000000100000000)
  region size 1024K, 14 young (14336K), 14 survivors (14336K)
 Metaspace       used 70451K, committed 70976K, reserved 1114112K
  class space    used 9589K, committed 9856K, reserved 1048576K
}
Event: 6833.709 GC heap before
{Heap before GC invocations=611 (full 500):
 garbage-first heap   total 306176K, used 227781K [0x00000000c0000000, 0x0000000100000000)
  region size 1024K, 111 young (113664K), 14 survivors (14336K)
 Metaspace       used 70451K, committed 70976K, reserved 1114112K
  class space    used 9589K, committed 9856K, reserved 1048576K
}
Event: 6833.757 GC heap after
{Heap after GC invocations=612 (full 500):
 garbage-first heap   total 306176K, used 141394K [0x00000000c0000000, 0x0000000100000000)
  region size 1024K, 14 young (14336K), 14 survivors (14336K)
 Metaspace       used 70451K, committed 70976K, reserved 1114112K
  class space    used 9589K, committed 9856K, reserved 1048576K
}
Event: 6833.762 GC heap before
{Heap before GC invocations=612 (full 500):
 garbage-first heap   total 306176K, used 142418K [0x00000000c0000000, 0x0000000100000000)
  region size 1024K, 15 young (15360K), 14 survivors (14336K)
 Metaspace       used 70451K, committed 70976K, reserved 1114112K
  class space    used 9589K, committed 9856K, reserved 1048576K
}
Event: 6833.781 GC heap after
{Heap after GC invocations=613 (full 500):
 garbage-first heap   total 306176K, used 141165K [0x00000000c0000000, 0x0000000100000000)
  region size 1024K, 2 young (2048K), 2 survivors (2048K)
 Metaspace       used 70451K, committed 70976K, reserved 1114112K
  class space    used 9589K, committed 9856K, reserved 1048576K
}
Event: 6833.900 GC heap before
{Heap before GC invocations=613 (full 500):
 garbage-first heap   total 306176K, used 151405K [0x00000000c0000000, 0x0000000100000000)
  region size 1024K, 13 young (13312K), 2 survivors (2048K)
 Metaspace       used 70451K, committed 70976K, reserved 1114112K
  class space    used 9589K, committed 9856K, reserved 1048576K
}

Dll operation events (10 events):
Event: 0.009 Loaded shared library c:\Users\QuangNguyen\.vscode\extensions\redhat.java-1.14.0-win32-x64\jre\17.0.5-win32-x86_64\bin\java.dll
Event: 1.372 Loaded shared library C:\Users\QuangNguyen\.vscode\extensions\redhat.java-1.14.0-win32-x64\jre\17.0.5-win32-x86_64\bin\net.dll
Event: 1.374 Loaded shared library C:\Users\QuangNguyen\.vscode\extensions\redhat.java-1.14.0-win32-x64\jre\17.0.5-win32-x86_64\bin\nio.dll
Event: 3.689 Loaded shared library C:\Users\QuangNguyen\.vscode\extensions\redhat.java-1.14.0-win32-x64\jre\17.0.5-win32-x86_64\bin\zip.dll
Event: 16.339 Loaded shared library C:\Users\QuangNguyen\.vscode\extensions\redhat.java-1.14.0-win32-x64\jre\17.0.5-win32-x86_64\bin\jimage.dll
Event: 16.994 Loaded shared library c:\Users\QuangNguyen\.vscode\extensions\redhat.java-1.14.0-win32-x64\jre\17.0.5-win32-x86_64\bin\verify.dll
Event: 20.788 Loaded shared library C:\Users\QuangNguyen\.vscode\extensions\redhat.java-1.14.0-win32-x64\jre\17.0.5-win32-x86_64\bin\management.dll
Event: 20.793 Loaded shared library C:\Users\QuangNguyen\.vscode\extensions\redhat.java-1.14.0-win32-x64\jre\17.0.5-win32-x86_64\bin\management_ext.dll
Event: 23.050 Loaded shared library C:\Users\QuangNguyen\.vscode\extensions\redhat.java-1.14.0-win32-x64\jre\17.0.5-win32-x86_64\bin\sunmscapi.dll
Event: 31.614 Loaded shared library C:\Users\QuangNguyen\AppData\Local\Temp\snappy-1.1.8-3b4ca0f8-9c84-4a8c-af55-53bda5c64b5e-snappyjava.dll

Deoptimization events (20 events):
Event: 31.583 Thread 0x00000111906687f0 DEOPT PACKING pc=0x0000011187c344ec sp=0x00000002539fdc20
Event: 31.583 Thread 0x00000111906687f0 DEOPT UNPACKING pc=0x0000011186c12b43 sp=0x00000002539fd170 mode 0
Event: 31.589 Thread 0x00000111906687f0 DEOPT PACKING pc=0x0000011187c344ec sp=0x00000002539fdf10
Event: 31.589 Thread 0x00000111906687f0 DEOPT UNPACKING pc=0x0000011186c12b43 sp=0x00000002539fd460 mode 0
Event: 31.589 Thread 0x00000111906687f0 DEOPT PACKING pc=0x0000011187c344ec sp=0x00000002539fe240
Event: 31.589 Thread 0x00000111906687f0 DEOPT UNPACKING pc=0x0000011186c12b43 sp=0x00000002539fd790 mode 0
Event: 31.589 Thread 0x00000111906687f0 DEOPT PACKING pc=0x0000011187c344ec sp=0x00000002539fe540
Event: 31.589 Thread 0x00000111906687f0 DEOPT UNPACKING pc=0x0000011186c12b43 sp=0x00000002539fda90 mode 0
Event: 216.933 Thread 0x000001119008e520 DEOPT PACKING pc=0x00000111871452d4 sp=0x00000002527ff160
Event: 216.934 Thread 0x000001119008e520 DEOPT UNPACKING pc=0x0000011186c12b43 sp=0x00000002527fe5e8 mode 0
Event: 217.463 Thread 0x00000111937f9180 DEOPT PACKING pc=0x0000011187efe436 sp=0x0000000250bfd190
Event: 217.463 Thread 0x00000111937f9180 DEOPT UNPACKING pc=0x0000011186c12b43 sp=0x0000000250bfc688 mode 3
Event: 318.705 Thread 0x00000111937f7970 DEOPT PACKING pc=0x0000011187799c24 sp=0x0000000252cfdc50
Event: 318.705 Thread 0x00000111937f7970 DEOPT UNPACKING pc=0x0000011186c12b43 sp=0x0000000252cfd1a0 mode 0
Event: 493.855 Thread 0x00000111937f7970 DEOPT PACKING pc=0x000001118779f8be sp=0x0000000252cfe320
Event: 493.856 Thread 0x00000111937f7970 DEOPT UNPACKING pc=0x0000011186c12b43 sp=0x0000000252cfd8b0 mode 0
Event: 1054.851 Thread 0x00000111937f7970 DEOPT PACKING pc=0x00000111880f7755 sp=0x0000000252bfdd90
Event: 1054.851 Thread 0x00000111937f7970 DEOPT UNPACKING pc=0x0000011186c12b43 sp=0x0000000252bfd2b0 mode 3
Event: 1317.304 Thread 0x00000111906162b0 DEOPT PACKING pc=0x0000011188229982 sp=0x0000000250bfdfb0
Event: 1317.307 Thread 0x00000111906162b0 DEOPT UNPACKING pc=0x0000011186c12b43 sp=0x0000000250bfd460 mode 3

Classes unloaded (20 events):
Event: 700.022 Thread 0x000001118e560710 Unloading class 0x0000000100360400 'jdk/internal/reflect/GeneratedConstructorAccessor52'
Event: 700.022 Thread 0x000001118e560710 Unloading class 0x0000000100360800 'jdk/internal/reflect/GeneratedMethodAccessor29'
Event: 700.022 Thread 0x000001118e560710 Unloading class 0x0000000100361800 'jdk/internal/reflect/GeneratedMethodAccessor28'
Event: 700.022 Thread 0x000001118e560710 Unloading class 0x0000000100364400 'jdk/internal/reflect/GeneratedMethodAccessor27'
Event: 710.219 Thread 0x000001118e560710 Unloading class 0x0000000100364000 'jdk/internal/reflect/GeneratedConstructorAccessor58'
Event: 710.219 Thread 0x000001118e560710 Unloading class 0x0000000100265c00 'jdk/internal/reflect/GeneratedConstructorAccessor57'
Event: 1369.960 Thread 0x000001118e560710 Unloading class 0x00000001000c8400 'jdk/internal/reflect/GeneratedConstructorAccessor72'
Event: 1369.960 Thread 0x000001118e560710 Unloading class 0x0000000100851000 'jdk/internal/reflect/GeneratedConstructorAccessor70'
Event: 1369.960 Thread 0x000001118e560710 Unloading class 0x0000000100850c00 'jdk/internal/reflect/GeneratedConstructorAccessor69'
Event: 1578.541 Thread 0x000001118e560710 Unloading class 0x00000001009a0c00 'jdk/internal/reflect/GeneratedConstructorAccessor71'
Event: 1578.542 Thread 0x000001118e560710 Unloading class 0x0000000100360400 'jdk/internal/reflect/GeneratedConstructorAccessor65'
Event: 1578.542 Thread 0x000001118e560710 Unloading class 0x000000010035ac00 'jdk/internal/reflect/GeneratedConstructorAccessor64'
Event: 1578.542 Thread 0x000001118e560710 Unloading class 0x0000000100359c00 'jdk/internal/reflect/GeneratedConstructorAccessor63'
Event: 1650.892 Thread 0x000001118e560710 Unloading class 0x0000000100539400 'jdk/internal/reflect/GeneratedMethodAccessor40'
Event: 1650.892 Thread 0x000001118e560710 Unloading class 0x00000001004f0000 'jdk/internal/reflect/GeneratedConstructorAccessor67'
Event: 1650.892 Thread 0x000001118e560710 Unloading class 0x00000001004c8000 'jdk/internal/reflect/GeneratedMethodAccessor39'
Event: 1650.892 Thread 0x000001118e560710 Unloading class 0x00000001003a0000 'jdk/internal/reflect/GeneratedConstructorAccessor66'
Event: 1650.892 Thread 0x000001118e560710 Unloading class 0x000000010039c400 'jdk/internal/reflect/GeneratedMethodAccessor38'
Event: 1650.892 Thread 0x000001118e560710 Unloading class 0x0000000100361800 'jdk/internal/reflect/GeneratedMethodAccessor37'
Event: 1650.892 Thread 0x000001118e560710 Unloading class 0x0000000100360800 'jdk/internal/reflect/GeneratedMethodAccessor36'

Classes redefined (0 events):
No events

Internal exceptions (20 events):
Event: 6833.790 Thread 0x00000111906687f0 Exception <a 'sun/nio/fs/WindowsException'{0x00000000d1f5bb50}> (0x00000000d1f5bb50) 
thrown [s\src\hotspot\share\prims\jni.cpp, line 516]
Event: 6833.790 Thread 0x00000111906687f0 Exception <a 'sun/nio/fs/WindowsException'{0x00000000d1f5bf40}> (0x00000000d1f5bf40) 
thrown [s\src\hotspot\share\prims\jni.cpp, line 516]
Event: 6833.790 Thread 0x00000111906687f0 Exception <a 'sun/nio/fs/WindowsException'{0x00000000d1f5d478}> (0x00000000d1f5d478) 
thrown [s\src\hotspot\share\prims\jni.cpp, line 516]
Event: 6833.790 Thread 0x00000111906687f0 Exception <a 'sun/nio/fs/WindowsException'{0x00000000d1f5d890}> (0x00000000d1f5d890) 
thrown [s\src\hotspot\share\prims\jni.cpp, line 516]
Event: 6833.791 Thread 0x00000111906687f0 Exception <a 'sun/nio/fs/WindowsException'{0x00000000d1f767e8}> (0x00000000d1f767e8) 
thrown [s\src\hotspot\share\prims\jni.cpp, line 516]
Event: 6833.791 Thread 0x00000111906687f0 Exception <a 'sun/nio/fs/WindowsException'{0x00000000d1f76ba8}> (0x00000000d1f76ba8) 
thrown [s\src\hotspot\share\prims\jni.cpp, line 516]
Event: 6833.791 Thread 0x00000111906687f0 Exception <a 'sun/nio/fs/WindowsException'{0x00000000d1f780b0}> (0x00000000d1f780b0) 
thrown [s\src\hotspot\share\prims\jni.cpp, line 516]
Event: 6833.791 Thread 0x00000111906687f0 Exception <a 'sun/nio/fs/WindowsException'{0x00000000d1f78498}> (0x00000000d1f78498) 
thrown [s\src\hotspot\share\prims\jni.cpp, line 516]
Event: 6833.792 Thread 0x00000111906687f0 Exception <a 'sun/nio/fs/WindowsException'{0x00000000d1f9faa0}> (0x00000000d1f9faa0) 
thrown [s\src\hotspot\share\prims\jni.cpp, line 516]
Event: 6833.792 Thread 0x00000111906687f0 Exception <a 'sun/nio/fs/WindowsException'{0x00000000d1f9feb8}> (0x00000000d1f9feb8) 
thrown [s\src\hotspot\share\prims\jni.cpp, line 516]
Event: 6833.792 Thread 0x00000111906687f0 Exception <a 'sun/nio/fs/WindowsException'{0x00000000d1fa1408}> (0x00000000d1fa1408) 
thrown [s\src\hotspot\share\prims\jni.cpp, line 516]
Event: 6833.792 Thread 0x00000111906687f0 Exception <a 'sun/nio/fs/WindowsException'{0x00000000d1fa1840}> (0x00000000d1fa1840) 
thrown [s\src\hotspot\share\prims\jni.cpp, line 516]
Event: 6833.795 Thread 0x00000111906687f0 Exception <a 'sun/nio/fs/WindowsException'{0x00000000d1e0d560}> (0x00000000d1e0d560) 
thrown [s\src\hotspot\share\prims\jni.cpp, line 516]
Event: 6833.795 Thread 0x00000111906687f0 Exception <a 'sun/nio/fs/WindowsException'{0x00000000d1e0d948}> (0x00000000d1e0d948) 
thrown [s\src\hotspot\share\prims\jni.cpp, line 516]
Event: 6833.795 Thread 0x00000111906687f0 Exception <a 'sun/nio/fs/WindowsException'{0x00000000d1e0f3b8}> (0x00000000d1e0f3b8) 
thrown [s\src\hotspot\share\prims\jni.cpp, line 516]
Event: 6833.795 Thread 0x00000111906687f0 Exception <a 'sun/nio/fs/WindowsException'{0x00000000d1e0f7c0}> (0x00000000d1e0f7c0) 
thrown [s\src\hotspot\share\prims\jni.cpp, line 516]
Event: 6833.810 Thread 0x00000111906687f0 Exception <a 'sun/nio/fs/WindowsException'{0x00000000d1c9e190}> (0x00000000d1c9e190) 
thrown [s\src\hotspot\share\prims\jni.cpp, line 516]
Event: 6833.810 Thread 0x00000111906687f0 Exception <a 'sun/nio/fs/WindowsException'{0x00000000d1c9e578}> (0x00000000d1c9e578) 
thrown [s\src\hotspot\share\prims\jni.cpp, line 516]
Event: 6833.810 Thread 0x00000111906687f0 Exception <a 'sun/nio/fs/WindowsException'{0x00000000d1c9ffe8}> (0x00000000d1c9ffe8) 
thrown [s\src\hotspot\share\prims\jni.cpp, line 516]
Event: 6833.843 Thread 0x00000111906687f0 Exception <a 'sun/nio/fs/WindowsException'{0x00000000d1ca03f0}> (0x00000000d1ca03f0) 
thrown [s\src\hotspot\share\prims\jni.cpp, line 516]

VM Operations (20 events):
Event: 6823.955 Executing VM operation: G1Concurrent done
Event: 6829.003 Executing VM operation: Cleanup
Event: 6829.084 Executing VM operation: Cleanup done
Event: 6829.930 Executing VM operation: G1CollectForAllocation
Event: 6829.960 Executing VM operation: G1CollectForAllocation done
Event: 6830.224 Executing VM operation: G1CollectForAllocation
Event: 6830.235 Executing VM operation: G1CollectForAllocation done
Event: 6831.899 Executing VM operation: G1TryInitiateConcMark
Event: 6831.916 Executing VM operation: G1TryInitiateConcMark done
Event: 6832.176 Executing VM operation: G1Concurrent
Event: 6832.192 Executing VM operation: G1Concurrent done
Event: 6832.333 Executing VM operation: G1Concurrent
Event: 6832.334 Executing VM operation: G1Concurrent done
Event: 6833.348 Executing VM operation: Cleanup
Event: 6833.364 Executing VM operation: Cleanup done
Event: 6833.709 Executing VM operation: G1CollectForAllocation
Event: 6833.757 Executing VM operation: G1CollectForAllocation done
Event: 6833.762 Executing VM operation: G1CollectForAllocation
Event: 6833.781 Executing VM operation: G1CollectForAllocation done
Event: 6833.900 Executing VM operation: G1TryInitiateConcMark

Events (20 events):
Event: 6059.079 Thread 0x0000011190617120 Thread exited: 0x0000011190617120
Event: 6065.257 Thread 0x0000011190618e00 Thread added: 0x0000011190618e00
Event: 6065.277 Thread 0x00000111906192d0 Thread added: 0x00000111906192d0
Event: 6125.383 Thread 0x00000111906192d0 Thread exited: 0x00000111906192d0
Event: 6125.996 Thread 0x0000011190618e00 Thread exited: 0x0000011190618e00
Event: 6758.337 Thread 0x00000111906192d0 Thread added: 0x00000111906192d0
Event: 6758.412 Thread 0x00000111906162b0 Thread added: 0x00000111906162b0
Event: 6758.702 Thread 0x0000011190618e00 Thread added: 0x0000011190618e00
Event: 6758.707 Thread 0x00000111906175f0 Thread added: 0x00000111906175f0
Event: 6758.727 Thread 0x0000011190616c50 Thread added: 0x0000011190616c50
Event: 6758.753 Thread 0x0000011190617120 Thread added: 0x0000011190617120
Event: 6759.280 Thread 0x0000011190617ac0 Thread added: 0x0000011190617ac0
Event: 6793.207 Thread 0x0000011190617f90 Thread added: 0x0000011190617f90
Event: 6798.999 Thread 0x000001119066ae70 Thread added: 0x000001119066ae70
Event: 6810.817 Thread 0x0000011190617f90 Thread exited: 0x0000011190617f90
Event: 6818.921 Thread 0x0000011190618e00 Thread exited: 0x0000011190618e00
Event: 6821.934 Thread 0x0000011190669190 Thread added: 0x0000011190669190
Event: 6823.490 Thread 0x00000111906674b0 Thread added: 0x00000111906674b0
Event: 6828.963 Thread 0x00000111906687f0 Thread added: 0x00000111906687f0
Event: 6833.321 Thread 0x00000111937f87e0 Thread added: 0x00000111937f87e0


Dynamic libraries:
0x00007ff660ac0000 - 0x00007ff660ace000 	c:\Users\QuangNguyen\.vscode\extensions\redhat.java-1.14.0-win32-x64\jre\17.0.5-win32-x86_64\bin\java.exe
0x00007ffdded30000 - 0x00007ffddef28000 	C:\Windows\SYSTEM32\ntdll.dll
0x00007ffdde6e0000 - 0x00007ffdde79f000 	C:\Windows\System32\KERNEL32.DLL
0x00007ffddc7b0000 - 0x00007ffddca82000 	C:\Windows\System32\KERNELBASE.dll
0x00007ffddc610000 - 0x00007ffddc710000 	C:\Windows\System32\ucrtbase.dll
0x00007ffdb5230000 - 0x00007ffdb5247000 	c:\Users\QuangNguyen\.vscode\extensions\redhat.java-1.14.0-win32-x64\jre\17.0.5-win32-x86_64\bin\jli.dll
0x00007ffdde4d0000 - 0x00007ffdde671000 	C:\Windows\System32\USER32.dll
0x00007ffddc780000 - 0x00007ffddc7a2000 	C:\Windows\System32\win32u.dll
0x00007ffddd5a0000 - 0x00007ffddd5cb000 	C:\Windows\System32\GDI32.dll
0x00007ffddc420000 - 0x00007ffddc52f000 	C:\Windows\System32\gdi32full.dll
0x00007ffddcca0000 - 0x00007ffddcd3d000 	C:\Windows\System32\msvcp_win.dll
0x00007ffdaf250000 - 0x00007ffdaf269000 	c:\Users\QuangNguyen\.vscode\extensions\redhat.java-1.14.0-win32-x64\jre\17.0.5-win32-x86_64\bin\VCRUNTIME140.dll
0x00007ffdbee30000 - 0x00007ffdbf0ca000 	C:\Windows\WinSxS\amd64_microsoft.windows.common-controls_6595b64144ccf1df_6.0.19041.1110_none_60b5254171f9507e\COMCTL32.dll
0x00007ffdde1c0000 - 0x00007ffdde25e000 	C:\Windows\System32\msvcrt.dll
0x00007ffdde840000 - 0x00007ffdde872000 	C:\Windows\System32\IMM32.DLL
0x00007ffdd9ad0000 - 0x00007ffdd9adc000 	c:\Users\QuangNguyen\.vscode\extensions\redhat.java-1.14.0-win32-x64\jre\17.0.5-win32-x86_64\bin\vcruntime140_1.dll
0x00007ffdab440000 - 0x00007ffdab4d1000 	c:\Users\QuangNguyen\.vscode\extensions\redhat.java-1.14.0-win32-x64\jre\17.0.5-win32-x86_64\bin\msvcp140.dll
0x00007ffda2720000 - 0x00007ffda3364000 	c:\Users\QuangNguyen\.vscode\extensions\redhat.java-1.14.0-win32-x64\jre\17.0.5-win32-x86_64\bin\server\jvm.dll
0x00007ffddd4e0000 - 0x00007ffddd58e000 	C:\Windows\System32\ADVAPI32.dll
0x00007ffdde7a0000 - 0x00007ffdde83c000 	C:\Windows\System32\sechost.dll
0x00007ffddd1a0000 - 0x00007ffddd2c5000 	C:\Windows\System32\RPCRT4.dll
0x00007ffdcb4f0000 - 0x00007ffdcb4f9000 	C:\Windows\SYSTEM32\WSOCK32.dll
0x00007ffdde390000 - 0x00007ffdde3fb000 	C:\Windows\System32\WS2_32.dll
0x00007ffdd02b0000 - 0x00007ffdd02d7000 	C:\Windows\SYSTEM32\WINMM.dll
0x00007ffdcac90000 - 0x00007ffdcac9a000 	C:\Windows\SYSTEM32\VERSION.dll
0x00007ffddac70000 - 0x00007ffddac82000 	C:\Windows\SYSTEM32\kernel.appcore.dll
0x00007ffdd71d0000 - 0x00007ffdd71da000 	c:\Users\QuangNguyen\.vscode\extensions\redhat.java-1.14.0-win32-x64\jre\17.0.5-win32-x86_64\bin\jimage.dll
0x00007ffdce3e0000 - 0x00007ffdce5c4000 	C:\Windows\SYSTEM32\DBGHELP.DLL
0x00007ffdce3a0000 - 0x00007ffdce3d5000 	C:\Windows\SYSTEM32\dbgcore.DLL
0x00007ffddc580000 - 0x00007ffddc602000 	C:\Windows\System32\bcryptPrimitives.dll
0x00007ffdaf220000 - 0x00007ffdaf245000 	c:\Users\QuangNguyen\.vscode\extensions\redhat.java-1.14.0-win32-x64\jre\17.0.5-win32-x86_64\bin\java.dll
0x00007ffdaf200000 - 0x00007ffdaf218000 	c:\Users\QuangNguyen\.vscode\extensions\redhat.java-1.14.0-win32-x64\jre\17.0.5-win32-x86_64\bin\zip.dll
0x00007ffddd6c0000 - 0x00007ffddde04000 	C:\Windows\System32\SHELL32.dll
0x00007ffdda4a0000 - 0x00007ffddac32000 	C:\Windows\SYSTEM32\windows.storage.dll
0x00007ffddcd70000 - 0x00007ffddd0c5000 	C:\Windows\System32\combase.dll
0x00007ffddbe80000 - 0x00007ffddbeb0000 	C:\Windows\SYSTEM32\Wldp.dll
0x00007ffdde030000 - 0x00007ffdde0dd000 	C:\Windows\System32\SHCORE.dll
0x00007ffdde680000 - 0x00007ffdde6d5000 	C:\Windows\System32\shlwapi.dll
0x00007ffddc360000 - 0x00007ffddc37f000 	C:\Windows\SYSTEM32\profapi.dll
0x00007ffdaebf0000 - 0x00007ffdaec09000 	C:\Users\QuangNguyen\.vscode\extensions\redhat.java-1.14.0-win32-x64\jre\17.0.5-win32-x86_64\bin\net.dll
0x00007ffdd3560000 - 0x00007ffdd366c000 	C:\Windows\SYSTEM32\WINHTTP.dll
0x00007ffddbbe0000 - 0x00007ffddbc4a000 	C:\Windows\system32\mswsock.dll
0x00007ffdaebd0000 - 0x00007ffdaebe5000 	C:\Users\QuangNguyen\.vscode\extensions\redhat.java-1.14.0-win32-x64\jre\17.0.5-win32-x86_64\bin\nio.dll
0x00007ffdd0fe0000 - 0x00007ffdd0ff0000 	c:\Users\QuangNguyen\.vscode\extensions\redhat.java-1.14.0-win32-x64\jre\17.0.5-win32-x86_64\bin\verify.dll
0x00007ffddbdd0000 - 0x00007ffddbde8000 	C:\Windows\SYSTEM32\CRYPTSP.dll
0x00007ffddb490000 - 0x00007ffddb4c4000 	C:\Windows\system32\rsaenh.dll
0x00007ffddcd40000 - 0x00007ffddcd67000 	C:\Windows\System32\bcrypt.dll
0x00007ffddc320000 - 0x00007ffddc34e000 	C:\Windows\SYSTEM32\USERENV.dll
0x00007ffddbdf0000 - 0x00007ffddbdfc000 	C:\Windows\SYSTEM32\CRYPTBASE.dll
0x00007ffddb880000 - 0x00007ffddb8bb000 	C:\Windows\SYSTEM32\IPHLPAPI.DLL
0x00007ffddde10000 - 0x00007ffddde18000 	C:\Windows\System32\NSI.dll
0x00007ffdd4e50000 - 0x00007ffdd4e67000 	C:\Windows\SYSTEM32\dhcpcsvc6.DLL
0x00007ffdd5d00000 - 0x00007ffdd5d1d000 	C:\Windows\SYSTEM32\dhcpcsvc.DLL
0x00007ffddb8d0000 - 0x00007ffddb99a000 	C:\Windows\SYSTEM32\DNSAPI.dll
0x00007ffdd9ae0000 - 0x00007ffdd9ae9000 	C:\Users\QuangNguyen\.vscode\extensions\redhat.java-1.14.0-win32-x64\jre\17.0.5-win32-x86_64\bin\management.dll
0x00007ffdd97a0000 - 0x00007ffdd97ab000 	C:\Users\QuangNguyen\.vscode\extensions\redhat.java-1.14.0-win32-x64\jre\17.0.5-win32-x86_64\bin\management_ext.dll
0x00007ffddd590000 - 0x00007ffddd598000 	C:\Windows\System32\PSAPI.DLL
0x00007ffdd9900000 - 0x00007ffdd990e000 	C:\Users\QuangNguyen\.vscode\extensions\redhat.java-1.14.0-win32-x64\jre\17.0.5-win32-x86_64\bin\sunmscapi.dll
0x00007ffddca90000 - 0x00007ffddcbe6000 	C:\Windows\System32\CRYPT32.dll
0x00007ffddbef0000 - 0x00007ffddbf17000 	C:\Windows\SYSTEM32\ncrypt.dll
0x00007ffddbeb0000 - 0x00007ffddbeeb000 	C:\Windows\SYSTEM32\NTASN1.dll
0x00007ffdcf900000 - 0x00007ffdcf90a000 	C:\Windows\System32\rasadhlp.dll
0x00007ffdcfe10000 - 0x00007ffdcfe90000 	C:\Windows\System32\fwpuclnt.dll
0x000000006c500000 - 0x000000006c5c7000 	C:\Users\QuangNguyen\AppData\Local\Temp\snappy-1.1.8-3b4ca0f8-9c84-4a8c-af55-53bda5c64b5e-snappyjava.dll

dbghelp: loaded successfully - version: 4.0.5 - missing functions: none
symbol engine: initialized successfully - sym options: 0x614 - pdb path: .;c:\Users\QuangNguyen\.vscode\extensions\redhat.java-1.14.0-win32-x64\jre\17.0.5-win32-x86_64\bin;C:\Windows\SYSTEM32;C:\Windows\WinSxS\amd64_microsoft.windows.common-controls_6595b64144ccf1df_6.0.19041.1110_none_60b5254171f9507e;c:\Users\QuangNguyen\.vscode\extensions\redhat.java-1.14.0-win32-x64\jre\17.0.5-win32-x86_64\bin\server;C:\Users\QuangNguyen\AppData\Local\Temp

VM Arguments:
jvm_args: -XX:+HeapDumpOnOutOfMemoryError -Xmx1024m -Dsts.lsp.client=vscode -Dsts.log.file=/dev/null -XX:TieredStopAtLevel=1 -Xlog:jni+resolve=off -Dspring.config.location=file:c:\Users\QuangNguyen\.vscode\extensions\vmware.vscode-spring-boot-1.44.0\language-server\BOOT-INF\classes\application.properties 
java_command: org.springframework.ide.vscode.boot.app.BootLanguageServerBootApp
java_class_path (initial): c:\Users\QuangNguyen\.vscode\extensions\vmware.vscode-spring-boot-1.44.0\language-server\BOOT-INF\classes;c:\Users\QuangNguyen\.vscode\extensions\vmware.vscode-spring-boot-1.44.0\language-server\BOOT-INF\lib\annotations-24.0.0.jar;c:\Users\QuangNguyen\.vscode\extensions\vmware.vscode-spring-boot-1.44.0\language-server\BOOT-INF\lib\ant-1.10.13.jar;c:\Users\QuangNguyen\.vscode\extensions\vmware.vscode-spring-boot-1.44.0\language-server\BOOT-INF\lib\ant-launcher-1.10.13.jar;c:\Users\QuangNguyen\.vscode\extensions\vmware.vscode-spring-boot-1.44.0\language-server\BOOT-INF\lib\antlr-runtime-3.5.2.jar;c:\Users\QuangNguyen\.vscode\extensions\vmware.vscode-spring-boot-1.44.0\language-server\BOOT-INF\lib\antlr4-4.9.3.jar;c:\Users\QuangNguyen\.vscode\extensions\vmware.vscode-spring-boot-1.44.0\language-server\BOOT-INF\lib\antlr4-runtime-4.9.3.jar;c:\Users\QuangNguyen\.vscode\extensions\vmware.vscode-spring-boot-1.44.0\language-server\BOOT-INF\lib\apiguardian-api-1.1.2.jar;c:\Users\QuangNguyen\.vscode\extensions\vmware.vscode-spring-boot-1.44.0\language-server\BOOT-INF\lib\asm-9.4.jar;c:\Users\QuangNguyen\.vscode\extensions\vmware.vscode-spring-boot-1.44.0\language-server\BOOT-INF\lib\asm-analysis-9.4.jar;c:\Users\QuangNguyen\.vscode\extensions\vmware.vscode-spring-boot-1.44.0\language-server\BOOT-INF\lib\asm-tree-9.4.jar;c:\Users\QuangNguyen\.vscode\extensions\vmware.vscode-spring-boot-1.44.0\language-server\BOOT-INF\lib\asm-util-9.4.jar;c:\Users\QuangNguyen\.vscode\extensions\vmware.vscode-spring-boot-1.44.0\language-server\BOOT-INF\lib\caffeine-3.1.2.jar;c:\Users\QuangNguyen\.vscode\extensions\vmware.vscode-spring-boot-1.44.0\language-server\BOOT-INF\lib\checker-qual-3.12.0.jar;c:\Users\QuangNguyen\.vscode\extensions\vmware.vscode-spring-boot-1.44.0\language-server\BOOT-INF\lib\ci-environment-9.1.0.jar;c:\Users\QuangNguyen\.vscode\extensions\vmware.vscode-spring-boot-1.44.0\language-server\BOOT-INF\lib\classgraph-4.8.149.jar;c:\Users\QuangNguyen\
Launcher Type: SUN_STANDARD

[Global flags]
     intx CICompilerCount                          = 3                                         {product} {ergonomic}
     uint ConcGCThreads                            = 1                                         {product} {ergonomic}
     uint G1ConcRefinementThreads                  = 4                                         {product} {ergonomic}
   size_t G1HeapRegionSize                         = 1048576                                   {product} {ergonomic}
    uintx GCDrainStackTargetSize                   = 64                                        {product} {ergonomic}
     bool HeapDumpOnOutOfMemoryError               = true                                   {manageable} {command line}
   size_t InitialHeapSize                          = 67108864                                  {product} {ergonomic}
   size_t MarkStackSize                            = 4194304                                   {product} {ergonomic}
   size_t MaxHeapSize                              = 1073741824                                {product} {command line}
   size_t MaxNewSize                               = 643825664                                 {product} {ergonomic}
   size_t MinHeapDeltaBytes                        = 1048576                                   {product} {ergonomic}
   size_t MinHeapSize                              = 8388608                                   {product} {ergonomic}
    uintx NonProfiledCodeHeapSize                  = 0                                      {pd product} {ergonomic}
     bool ProfileInterpreter                       = false                                  {pd product} {command line}
    uintx ProfiledCodeHeapSize                     = 0                                      {pd product} {ergonomic}
   size_t SoftMaxHeapSize                          = 1073741824                             {manageable} {ergonomic}
     intx TieredStopAtLevel                        = 1                                         {product} {command line}
     bool UseCompressedClassPointers               = true                           {product lp64_product} {ergonomic}
     bool UseCompressedOops                        = true                           {product lp64_product} {ergonomic}
     bool UseG1GC                                  = true                                      {product} {ergonomic}
     bool UseLargePagesIndividualAllocation        = false                                  {pd product} {ergonomic}

Logging:
Log output configuration:
 #0: stdout all=warning,jni+resolve=off uptime,level,tags
 #1: stderr all=off uptime,level,tags

Environment Variables:
PATH=C:\Program Files\Common Files\Oracle\Java\javapath;C:\Program Files (x86)\Common Files\Oracle\Java\javapath;C:\Program Files (x86)\Intel\iCLS Client\;C:\Program Files\Intel\iCLS Client\;C:\Windows\system32;C:\Windows;C:\Windows\System32\Wbem;C:\Windows\System32\WindowsPowerShell\v1.0\;C:\Windows\System32\OpenSSH\;C:\Program Files (x86)\Microsoft SQL Server\150\DTS\Binn\;C:\Program Files\dotnet\;C:\Program Files\Git\cmd;C:\Program Files (x86)\Microsoft SQL Server\100\Tools\Binn\;C:\Program Files\Microsoft SQL Server\100\Tools\Binn\;C:\Program Files\Microsoft SQL Server\100\DTS\Binn\;C:\Program Files (x86)\Microsoft SQL Server\100\Tools\Binn\VSShell\Common7\IDE\;C:\Program Files (x86)\Microsoft SQL Server\100\DTS\Binn\;C:\Program Files (x86)\Microsoft Visual Studio 9.0\Common7\IDE\PrivateAssemblies\;C:\Program Files\Microsoft SQL Server\130\Tools\Binn\;C:\Users\QuangNguyen\AppData\Local\Microsoft\WindowsApps;C:\Users\QuangNguyen\.dotnet\tools;C:\Users\QuangNguyen\AppData\Local\Programs\Microsoft VS Code\bin;C:\Program Files\Azure Data Studio\bin;C:\Users\QuangNguyen\AppData\Local\GitHubDesktop\bin
USERNAME=QuangNguyen
OS=Windows_NT
PROCESSOR_IDENTIFIER=Intel64 Family 6 Model 69 Stepping 1, GenuineIntel
TMP=C:\Users\QUANGN~1\AppData\Local\Temp
TEMP=C:\Users\QUANGN~1\AppData\Local\Temp



---------------  S Y S T E M  ---------------

OS:
 Windows 10 , 64 bit Build 19041 (10.0.19041.2364)
OS uptime: 0 days 2:08 hours

CPU: total 4 (initial active 4) (2 cores per cpu, 2 threads per core) family 6 model 69 stepping 1 microcode 0x26, cx8, cmov, fxsr, ht, mmx, sse, sse2, sse3, ssse3, sse4.1, sse4.2, popcnt, lzcnt, tsc, tscinvbit, avx, avx2, aes, erms, clmul, bmi1, bmi2, fma, vzeroupper, clflush

Memory: 4k page, system-wide physical 4004M (211M free)
TotalPageFile size 8004M (AvailPageFile size 49M)
current process WorkingSet (physical memory assigned to process): 367M, peak: 991M
current process commit charge ("private bytes"): 502M, peak: 1018M

vm_info: OpenJDK 64-Bit Server VM (17.0.5+8) for windows-amd64 JRE (17.0.5+8), built on Oct 19 2022 04:48:13 by "temurin" with MS VC++ 16.7 (VS2019)

END.
