#
# There is insufficient memory for the Java Runtime Environment to continue.
# Native memory allocation (malloc) failed to allocate 1162672 bytes for Chunk::new
# Possible reasons:
#   The system is out of physical RAM or swap space
#   The process is running with CompressedOops enabled, and the Java Heap may be blocking the growth of the native heap
# Possible solutions:
#   Reduce memory load on the system
#   Increase physical memory or swap space
#   Check if swap backing store is full
#   Decrease Java heap size (-Xmx/-Xms)
#   Decrease number of Java threads
#   Decrease Java thread stack sizes (-Xss)
#   Set larger code cache with -XX:ReservedCodeCacheSize=
#   JVM is running with Unscaled Compressed Oops mode in which the Java heap is
#     placed in the first 4GB address space. The Java Heap base address is the
#     maximum limit for the native heap growth. Please use -XX:HeapBaseMinAddress
#     to set the Java Heap base and to place the Java Heap above 4GB virtual address.
# This output file may be truncated or incomplete.
#
#  Out of Memory Error (arena.cpp:189), pid=7204, tid=7308
#
# JRE version: OpenJDK Runtime Environment Temurin-17.0.5+8 (17.0.5+8) (build 17.0.5+8)
# Java VM: OpenJDK 64-Bit Server VM Temurin-17.0.5+8 (17.0.5+8, mixed mode, tiered, compressed oops, compressed class ptrs, parallel gc, windows-amd64)
# No core dump will be written. Minidumps are not enabled by default on client versions of Windows
#

---------------  S U M M A R Y ------------

Command Line: --add-modules=ALL-SYSTEM --add-opens=java.base/java.util=ALL-UNNAMED --add-opens=java.base/java.lang=ALL-UNNAMED --add-opens=java.base/sun.nio.fs=ALL-UNNAMED -Declipse.application=org.eclipse.jdt.ls.core.id1 -Dosgi.bundles.defaultStartLevel=4 -Declipse.product=org.eclipse.jdt.ls.core.product -Djava.import.generatesMetadataFilesAtProjectRoot=false -Dfile.encoding=utf8 -XX:+UseParallelGC -XX:GCTimeRatio=4 -XX:AdaptiveSizePolicyWeight=90 -Dsun.zip.disableMemoryMapping=true -Xmx1G -Xms100m -Xlog:disable -javaagent:c:\Users\QuangNguyen\.vscode\extensions\redhat.java-1.14.0-win32-x64\lombok\lombok-1.18.24.jar -XX:+HeapDumpOnOutOfMemoryError -XX:HeapDumpPath=c:\Users\QuangNguyen\AppData\Roaming\Code\User\workspaceStorage\7bd9e663a4768cf23f08539ea5bba14a\redhat.java c:\Users\QuangNguyen\.vscode\extensions\redhat.java-1.14.0-win32-x64\server\plugins\org.eclipse.equinox.launcher_1.6.400.v20210924-0641.jar -configuration c:\Users\QuangNguyen\AppData\Roaming\Code\User\globalStorage\redhat.java\1.14.0\config_win -data c:\Users\QuangNguyen\AppData\Roaming\Code\User\workspaceStorage\7bd9e663a4768cf23f08539ea5bba14a\redhat.java\jdt_ws

Host: Intel(R) Core(TM) i7-4558U CPU @ 2.80GHz, 4 cores, 3G,  Windows 10 , 64 bit Build 19041 (10.0.19041.2364)
Time: Sat Feb 11 22:43:04 2023 SE Asia Standard Time elapsed time: 934.236330 seconds (0d 0h 15m 34s)

---------------  T H R E A D  ---------------

Current thread (0x000001d09a459c20):  JavaThread "C2 CompilerThread0" daemon [_thread_in_native, id=7308, stack(0x000000268ad00000,0x000000268ae00000)]


Current CompileTask:
C2: 934236 21132  s!   4       org.eclipse.jdt.core.dom.DefaultBindingResolver::resolveName (1727 bytes)

Stack: [0x000000268ad00000,0x000000268ae00000]
Native frames: (J=compiled Java code, j=interpreted, Vv=VM code, C=native code)
V  [jvm.dll+0x676b3a]
V  [jvm.dll+0x831444]
V  [jvm.dll+0x832bee]
V  [jvm.dll+0x833253]
V  [jvm.dll+0x244ce5]
V  [jvm.dll+0xabbac]
V  [jvm.dll+0xac17c]
V  [jvm.dll+0x362d57]
V  [jvm.dll+0x1bb2b2]
V  [jvm.dll+0x217ca9]
V  [jvm.dll+0x216f71]
V  [jvm.dll+0x1a343d]
V  [jvm.dll+0x22698a]
V  [jvm.dll+0x224ac5]
V  [jvm.dll+0x7e727b]
V  [jvm.dll+0x7e17ea]
V  [jvm.dll+0x6759e5]
C  [ucrtbase.dll+0x21bb2]
C  [KERNEL32.DLL+0x17614]
C  [ntdll.dll+0x526a1]


---------------  P R O C E S S  ---------------

Threads class SMR info:
_java_thread_list=0x000001d0b04ac7f0, length=33, elements={
0x000001d08660fb10, 0x000001d09a42a730, 0x000001d09a42cea0, 0x000001d09a457270,
0x000001d09a457b30, 0x000001d09a4584e0, 0x000001d09a458e90, 0x000001d09a459c20,
0x000001d09a49c700, 0x000001d09bde2f90, 0x000001d0866ccc70, 0x000001d09c02b0f0,
0x000001d09c95a650, 0x000001d09c9674e0, 0x000001d09c9679b0, 0x000001d09c9a35d0,
0x000001d09d53f050, 0x000001d09d67e660, 0x000001d09d67eb30, 0x000001d09f498f60,
0x000001d09f493d90, 0x000001d09f496410, 0x000001d09f4950d0, 0x000001d0adb58270,
0x000001d0adb53a40, 0x000001d0adb590e0, 0x000001d0adb55250, 0x000001d0adb56590,
0x000001d0adb55720, 0x000001d0adb5a420, 0x000001d09f499900, 0x000001d09f4938c0,
0x000001d0adb548b0
}

Java Threads: ( => current thread )
  0x000001d08660fb10 JavaThread "main" [_thread_blocked, id=2216, stack(0x000000268a400000,0x000000268a500000)]
  0x000001d09a42a730 JavaThread "Reference Handler" daemon [_thread_blocked, id=10680, stack(0x000000268a700000,0x000000268a800000)]
  0x000001d09a42cea0 JavaThread "Finalizer" daemon [_thread_blocked, id=12612, stack(0x000000268a800000,0x000000268a900000)]
  0x000001d09a457270 JavaThread "Signal Dispatcher" daemon [_thread_blocked, id=7368, stack(0x000000268a900000,0x000000268aa00000)]
  0x000001d09a457b30 JavaThread "Attach Listener" daemon [_thread_blocked, id=7632, stack(0x000000268aa00000,0x000000268ab00000)]
  0x000001d09a4584e0 JavaThread "Service Thread" daemon [_thread_blocked, id=10016, stack(0x000000268ab00000,0x000000268ac00000)]
  0x000001d09a458e90 JavaThread "Monitor Deflation Thread" daemon [_thread_blocked, id=10516, stack(0x000000268ac00000,0x000000268ad00000)]
=>0x000001d09a459c20 JavaThread "C2 CompilerThread0" daemon [_thread_in_native, id=7308, stack(0x000000268ad00000,0x000000268ae00000)]
  0x000001d09a49c700 JavaThread "C1 CompilerThread0" daemon [_thread_blocked, id=2068, stack(0x000000268ae00000,0x000000268af00000)]
  0x000001d09bde2f90 JavaThread "Sweeper thread" daemon [_thread_blocked, id=3044, stack(0x000000268af00000,0x000000268b000000)]
  0x000001d0866ccc70 JavaThread "Common-Cleaner" daemon [_thread_blocked, id=10800, stack(0x000000268b000000,0x000000268b100000)]
  0x000001d09c02b0f0 JavaThread "Notification Thread" daemon [_thread_blocked, id=6300, stack(0x000000268b100000,0x000000268b200000)]
  0x000001d09c95a650 JavaThread "Active Thread: Equinox Container: 6cbf270b-e0d5-4958-accb-60de4bfcc98e" [_thread_blocked, id=5088, stack(0x000000268b700000,0x000000268b800000)]
  0x000001d09c9674e0 JavaThread "Framework Event Dispatcher: Equinox Container: 6cbf270b-e0d5-4958-accb-60de4bfcc98e" daemon [_thread_blocked, id=4632, stack(0x000000268b800000,0x000000268b900000)]
  0x000001d09c9679b0 JavaThread "Start Level: Equinox Container: 6cbf270b-e0d5-4958-accb-60de4bfcc98e" daemon [_thread_blocked, id=11344, stack(0x000000268b900000,0x000000268ba00000)]
  0x000001d09c9a35d0 JavaThread "SCR Component Actor" daemon [_thread_blocked, id=4052, stack(0x000000268ba00000,0x000000268bb00000)]
  0x000001d09d53f050 JavaThread "Worker-JM" [_thread_blocked, id=8152, stack(0x000000268bb00000,0x000000268bc00000)]
  0x000001d09d67e660 JavaThread "Java indexing" daemon [_thread_blocked, id=3668, stack(0x000000268bf00000,0x000000268c000000)]
  0x000001d09d67eb30 JavaThread "JNA Cleaner" daemon [_thread_blocked, id=7472, stack(0x000000268c100000,0x000000268c200000)]
  0x000001d09f498f60 JavaThread "pool-2-thread-1" [_thread_blocked, id=11220, stack(0x000000268c400000,0x000000268c500000)]
  0x000001d09f493d90 JavaThread "pool-1-thread-1" [_thread_blocked, id=4284, stack(0x000000268c500000,0x000000268c600000)]
  0x000001d09f496410 JavaThread "Bundle File Closer" daemon [_thread_blocked, id=9256, stack(0x000000268cc00000,0x000000268cd00000)]
  0x000001d09f4950d0 JavaThread "ForkJoinPool.commonPool-worker-5" daemon [_thread_blocked, id=12244, stack(0x000000268a200000,0x000000268a300000)]
  0x000001d0adb58270 JavaThread "Worker-11" [_thread_blocked, id=1252, stack(0x000000268c600000,0x000000268c700000)]
  0x000001d0adb53a40 JavaThread "Worker-12" [_thread_blocked, id=10944, stack(0x000000268c800000,0x000000268c900000)]
  0x000001d0adb590e0 JavaThread "ForkJoinPool.commonPool-worker-8" daemon [_thread_blocked, id=10092, stack(0x000000268a100000,0x000000268a200000)]
  0x000001d0adb55250 JavaThread "ForkJoinPool.commonPool-worker-9" daemon [_thread_blocked, id=5432, stack(0x000000268a300000,0x000000268a400000)]
  0x000001d0adb56590 JavaThread "ForkJoinPool.commonPool-worker-10" daemon [_thread_blocked, id=13124, stack(0x000000268b300000,0x000000268b400000)]
  0x000001d0adb55720 JavaThread "Worker-13" [_thread_blocked, id=8792, stack(0x000000268bc00000,0x000000268bd00000)]
  0x000001d0adb5a420 JavaThread "Worker-14" [_thread_blocked, id=7052, stack(0x000000268be00000,0x000000268bf00000)]
  0x000001d09f499900 JavaThread "Worker-15: Publish Diagnostics" [_thread_blocked, id=3804, stack(0x000000268c000000,0x000000268c100000)]
  0x000001d09f4938c0 JavaThread "ForkJoinPool.commonPool-worker-11" daemon [_thread_blocked, id=12364, stack(0x000000268bd00000,0x000000268be00000)]
  0x000001d0adb548b0 JavaThread "pool-1-thread-3" [_thread_blocked, id=12280, stack(0x000000268c300000,0x000000268c400000)]

Other Threads:
  0x000001d09a4156c0 VMThread "VM Thread" [stack: 0x000000268a600000,0x000000268a700000] [id=1756] _threads_hazard_ptr=0x000001d0b04ac7f0
  0x000001d09c0a3660 WatcherThread [stack: 0x000000268b200000,0x000000268b300000] [id=11044]
  0x000001d086624890 GCTaskThread "GC Thread#0" [stack: 0x000000268a500000,0x000000268a600000] [id=3180]
  0x000001d09c66fbf0 GCTaskThread "GC Thread#1" [stack: 0x000000268b400000,0x000000268b500000] [id=5400]
  0x000001d09c924420 GCTaskThread "GC Thread#2" [stack: 0x000000268b500000,0x000000268b600000] [id=2852]
  0x000001d09c9246d0 GCTaskThread "GC Thread#3" [stack: 0x000000268b600000,0x000000268b700000] [id=2392]

Threads with active compile tasks:
C2 CompilerThread0   934311 21132  s!   4       org.eclipse.jdt.core.dom.DefaultBindingResolver::resolveName (1727 bytes)

VM state: synchronizing (normal execution)

VM Mutex/Monitor currently owned by a thread:  ([mutex/lock_event])
[0x000001d08660bf90] Threads_lock - owner thread: 0x000001d09a4156c0
[0x000001d08660cad0] Heap_lock - owner thread: 0x000001d0adb56590

Heap address: 0x00000000c0000000, size: 1024 MB, Compressed Oops mode: 32-bit

CDS archive(s) not mapped
Compressed class space mapped at: 0x0000000100000000-0x0000000140000000, reserved size: 1073741824
Narrow klass base: 0x0000000000000000, Narrow klass shift: 3, Narrow klass range: 0x140000000

GC Precious Log:
 CPUs: 4 total, 4 available
 Memory: 4004M
 Large Page Support: Disabled
 NUMA Support: Disabled
 Compressed Oops: Enabled (32-bit)
 Alignments: Space 512K, Generation 512K, Heap 2M
 Heap Min Capacity: 100M
 Heap Initial Capacity: 100M
 Heap Max Capacity: 1G
 Pre-touch: Disabled
 Parallel Workers: 4

Heap:
 PSYoungGen      total 11264K, used 10744K [0x00000000eab00000, 0x00000000ebb00000, 0x0000000100000000)
  eden space 7680K, 99% used [0x00000000eab00000,0x00000000eb26d200,0x00000000eb280000)
  from space 3584K, 87% used [0x00000000eb600000,0x00000000eb9111d8,0x00000000eb980000)
  to   space 3584K, 0% used [0x00000000eb280000,0x00000000eb288000,0x00000000eb600000)
 ParOldGen       total 230912K, used 198749K [0x00000000c0000000, 0x00000000ce180000, 0x00000000eab00000)
  object space 230912K, 86% used [0x00000000c0000000,0x00000000cc217548,0x00000000ce180000)
 Metaspace       used 89075K, committed 90496K, reserved 1130496K
  class space    used 8921K, committed 9536K, reserved 1048576K

Card table byte_map: [0x000001d085fc0000,0x000001d0861d0000] _byte_map_base: 0x000001d0859c0000

Marking Bits: (ParMarkBitMap*) 0x00007ffd1fa80dd0
 Begin Bits: [0x000001d0982a0000, 0x000001d0992a0000)
 End Bits:   [0x000001d0992a0000, 0x000001d09a2a0000)

Polling page: 0x000001d084370000

Metaspace:

Usage:
  Non-class:     78.28 MB used.
      Class:      8.71 MB used.
       Both:     86.99 MB used.

Virtual space:
  Non-class space:       80.00 MB reserved,      79.06 MB ( 99%) committed,  10 nodes.
      Class space:        1.00 GB reserved,       9.31 MB ( <1%) committed,  1 nodes.
             Both:        1.08 GB reserved,      88.38 MB (  8%) committed. 

Chunk freelists:
   Non-Class:  560.00 KB
       Class:  2.71 MB
        Both:  3.25 MB

MaxMetaspaceSize: unlimited
CompressedClassSpaceSize: 1.00 GB
Initial GC threshold: 21.00 MB
Current GC threshold: 147.00 MB
CDS: off
MetaspaceReclaimPolicy: balanced
 - commit_granule_bytes: 65536.
 - commit_granule_words: 8192.
 - virtual_space_node_default_size: 1048576.
 - enlarge_chunks_in_place: 1.
 - new_chunks_are_fully_committed: 0.
 - uncommit_free_chunks: 1.
 - use_allocation_guard: 0.
 - handle_deallocations: 1.


Internal statistics:

num_allocs_failed_limit: 9.
num_arena_births: 1066.
num_arena_deaths: 146.
num_vsnodes_births: 11.
num_vsnodes_deaths: 0.
num_space_committed: 1414.
num_space_uncommitted: 0.
num_chunks_returned_to_freelist: 202.
num_chunks_taken_from_freelist: 4974.
num_chunk_merges: 51.
num_chunk_splits: 2897.
num_chunks_enlarged: 1564.
num_purges: 10.
num_inconsistent_stats: 0.

CodeHeap 'non-profiled nmethods': size=120000Kb used=15716Kb max_used=16237Kb free=104283Kb
 bounds [0x000001d090d70000, 0x000001d091d50000, 0x000001d0982a0000]
CodeHeap 'profiled nmethods': size=120000Kb used=36464Kb max_used=36540Kb free=83536Kb
 bounds [0x000001d089840000, 0x000001d08bc40000, 0x000001d090d70000]
CodeHeap 'non-nmethods': size=5760Kb used=1411Kb max_used=1547Kb free=4348Kb
 bounds [0x000001d0892a0000, 0x000001d089510000, 0x000001d089840000]
 total_blobs=16708 nmethods=15946 adapters=672
 compilation: enabled
              stopped_count=0, restarted_count=0
 full_count=0

Compilation events (20 events):
Event: 933.844 Thread 0x000001d09a49c700 21130       3       org.eclipse.jdt.internal.corext.codemanipulation.GetterSetterUtil::getSetterName (29 bytes)
Event: 933.844 Thread 0x000001d09a49c700 nmethod 21130 0x000001d08af00b90 code [0x000001d08af00d60, 0x000001d08af01068]
Event: 933.846 Thread 0x000001d09a49c700 21133       3       org.eclipse.jdt.ls.core.internal.codemanipulation.DefaultJavaElementComparator::compare (13 bytes)
Event: 933.846 Thread 0x000001d09a49c700 nmethod 21133 0x000001d08b135d10 code [0x000001d08b135ec0, 0x000001d08b1361e8]
Event: 933.846 Thread 0x000001d09a49c700 21134       3       org.eclipse.jdt.ls.core.internal.codemanipulation.DefaultJavaElementComparator::compare (148 bytes)
Event: 933.848 Thread 0x000001d09a49c700 nmethod 21134 0x000001d08b1af690 code [0x000001d08b1af980, 0x000001d08b1b0658]
Event: 933.854 Thread 0x000001d09a459c20 nmethod 21127 0x000001d0910de510 code [0x000001d0910de6e0, 0x000001d0910def28]
Event: 933.854 Thread 0x000001d09a459c20 21132  s!   4       org.eclipse.jdt.core.dom.DefaultBindingResolver::resolveName (1727 bytes)
Event: 933.880 Thread 0x000001d09a49c700 21135       3       java.util.HashMap::replacementTreeNode (21 bytes)
Event: 933.881 Thread 0x000001d09a49c700 nmethod 21135 0x000001d08b0a4d10 code [0x000001d08b0a4ec0, 0x000001d08b0a5088]
Event: 933.948 Thread 0x000001d09a49c700 21137 % !   3       org.eclipse.jdt.internal.core.ClassFileInfo::generateMethodInfos @ 326 (777 bytes)
Event: 933.960 Thread 0x000001d09a49c700 nmethod 21137% 0x000001d08b15ff90 code [0x000001d08b160840, 0x000001d08b166668]
Event: 934.048 Thread 0x000001d09a49c700 21138       3       org.eclipse.jdt.core.dom.ASTConverter::buildBodyDeclarations (377 bytes)
Event: 934.050 Thread 0x000001d09a49c700 nmethod 21138 0x000001d08b7a1190 code [0x000001d08b7a14a0, 0x000001d08b7a2d38]
Event: 934.065 Thread 0x000001d09a49c700 21139       3       org.eclipse.jdt.internal.compiler.classfmt.ClassFileStruct::utf8At (171 bytes)
Event: 934.065 Thread 0x000001d09a49c700 nmethod 21139 0x000001d08ae6f810 code [0x000001d08ae6f9e0, 0x000001d08ae6ff68]
Event: 934.074 Thread 0x000001d09a49c700 21140   !   3       org.eclipse.jdt.internal.core.ClassFileInfo::generateMethodInfos (777 bytes)
Event: 934.088 Thread 0x000001d09a49c700 nmethod 21140 0x000001d08b949290 code [0x000001d08b949b20, 0x000001d08b94f3e8]
Event: 934.209 Thread 0x000001d09a49c700 21142       3       org.eclipse.jdt.internal.compiler.ast.TypeDeclaration::isPackageInfo (11 bytes)
Event: 934.210 Thread 0x000001d09a49c700 nmethod 21142 0x000001d08b788190 code [0x000001d08b788340, 0x000001d08b7884e8]

GC Heap History (20 events):
Event: 933.556 GC heap before
{Heap before GC invocations=1241 (full 39):
 PSYoungGen      total 9728K, used 8928K [0x00000000eab00000, 0x00000000eb580000, 0x0000000100000000)
  eden space 8704K, 96% used [0x00000000eab00000,0x00000000eb3381d0,0x00000000eb380000)
  from space 1024K, 50% used [0x00000000eb480000,0x00000000eb500000,0x00000000eb580000)
  to   space 1024K, 0% used [0x00000000eb380000,0x00000000eb380000,0x00000000eb480000)
 ParOldGen       total 230912K, used 196342K [0x00000000c0000000, 0x00000000ce180000, 0x00000000eab00000)
  object space 230912K, 85% used [0x00000000c0000000,0x00000000cbfbd840,0x00000000ce180000)
 Metaspace       used 89063K, committed 90432K, reserved 1130496K
  class space    used 8921K, committed 9536K, reserved 1048576K
}
Event: 933.557 GC heap after
{Heap after GC invocations=1241 (full 39):
 PSYoungGen      total 9728K, used 512K [0x00000000eab00000, 0x00000000eb580000, 0x0000000100000000)
  eden space 8704K, 0% used [0x00000000eab00000,0x00000000eab00000,0x00000000eb380000)
  from space 1024K, 50% used [0x00000000eb380000,0x00000000eb400000,0x00000000eb480000)
  to   space 1024K, 0% used [0x00000000eb480000,0x00000000eb480000,0x00000000eb580000)
 ParOldGen       total 230912K, used 196342K [0x00000000c0000000, 0x00000000ce180000, 0x00000000eab00000)
  object space 230912K, 85% used [0x00000000c0000000,0x00000000cbfbd840,0x00000000ce180000)
 Metaspace       used 89063K, committed 90432K, reserved 1130496K
  class space    used 8921K, committed 9536K, reserved 1048576K
}
Event: 933.610 GC heap before
{Heap before GC invocations=1242 (full 39):
 PSYoungGen      total 9728K, used 8839K [0x00000000eab00000, 0x00000000eb580000, 0x0000000100000000)
  eden space 8704K, 95% used [0x00000000eab00000,0x00000000eb321c28,0x00000000eb380000)
  from space 1024K, 50% used [0x00000000eb380000,0x00000000eb400000,0x00000000eb480000)
  to   space 1024K, 0% used [0x00000000eb480000,0x00000000eb480000,0x00000000eb580000)
 ParOldGen       total 230912K, used 196342K [0x00000000c0000000, 0x00000000ce180000, 0x00000000eab00000)
  object space 230912K, 85% used [0x00000000c0000000,0x00000000cbfbd840,0x00000000ce180000)
 Metaspace       used 89064K, committed 90432K, reserved 1130496K
  class space    used 8921K, committed 9536K, reserved 1048576K
}
Event: 933.612 GC heap after
{Heap after GC invocations=1242 (full 39):
 PSYoungGen      total 9728K, used 576K [0x00000000eab00000, 0x00000000eb580000, 0x0000000100000000)
  eden space 8704K, 0% used [0x00000000eab00000,0x00000000eab00000,0x00000000eb380000)
  from space 1024K, 56% used [0x00000000eb480000,0x00000000eb510000,0x00000000eb580000)
  to   space 1024K, 0% used [0x00000000eb380000,0x00000000eb380000,0x00000000eb480000)
 ParOldGen       total 230912K, used 196342K [0x00000000c0000000, 0x00000000ce180000, 0x00000000eab00000)
  object space 230912K, 85% used [0x00000000c0000000,0x00000000cbfbd840,0x00000000ce180000)
 Metaspace       used 89064K, committed 90432K, reserved 1130496K
  class space    used 8921K, committed 9536K, reserved 1048576K
}
Event: 933.664 GC heap before
{Heap before GC invocations=1243 (full 39):
 PSYoungGen      total 9728K, used 9280K [0x00000000eab00000, 0x00000000eb580000, 0x0000000100000000)
  eden space 8704K, 100% used [0x00000000eab00000,0x00000000eb380000,0x00000000eb380000)
  from space 1024K, 56% used [0x00000000eb480000,0x00000000eb510000,0x00000000eb580000)
  to   space 1024K, 0% used [0x00000000eb380000,0x00000000eb380000,0x00000000eb480000)
 ParOldGen       total 230912K, used 196342K [0x00000000c0000000, 0x00000000ce180000, 0x00000000eab00000)
  object space 230912K, 85% used [0x00000000c0000000,0x00000000cbfbd840,0x00000000ce180000)
 Metaspace       used 89064K, committed 90432K, reserved 1130496K
  class space    used 8921K, committed 9536K, reserved 1048576K
}
Event: 933.669 GC heap after
{Heap after GC invocations=1243 (full 39):
 PSYoungGen      total 9728K, used 916K [0x00000000eab00000, 0x00000000eb580000, 0x0000000100000000)
  eden space 8704K, 0% used [0x00000000eab00000,0x00000000eab00000,0x00000000eb380000)
  from space 1024K, 89% used [0x00000000eb380000,0x00000000eb4650a0,0x00000000eb480000)
  to   space 1024K, 0% used [0x00000000eb480000,0x00000000eb480000,0x00000000eb580000)
 ParOldGen       total 230912K, used 196342K [0x00000000c0000000, 0x00000000ce180000, 0x00000000eab00000)
  object space 230912K, 85% used [0x00000000c0000000,0x00000000cbfbd840,0x00000000ce180000)
 Metaspace       used 89064K, committed 90432K, reserved 1130496K
  class space    used 8921K, committed 9536K, reserved 1048576K
}
Event: 933.693 GC heap before
{Heap before GC invocations=1244 (full 39):
 PSYoungGen      total 9728K, used 8982K [0x00000000eab00000, 0x00000000eb580000, 0x0000000100000000)
  eden space 8704K, 92% used [0x00000000eab00000,0x00000000eb2e0998,0x00000000eb380000)
  from space 1024K, 89% used [0x00000000eb380000,0x00000000eb4650a0,0x00000000eb480000)
  to   space 1024K, 0% used [0x00000000eb480000,0x00000000eb480000,0x00000000eb580000)
 ParOldGen       total 230912K, used 196342K [0x00000000c0000000, 0x00000000ce180000, 0x00000000eab00000)
  object space 230912K, 85% used [0x00000000c0000000,0x00000000cbfbd840,0x00000000ce180000)
 Metaspace       used 89064K, committed 90432K, reserved 1130496K
  class space    used 8921K, committed 9536K, reserved 1048576K
}
Event: 933.696 GC heap after
{Heap after GC invocations=1244 (full 39):
 PSYoungGen      total 9728K, used 948K [0x00000000eab00000, 0x00000000eb580000, 0x0000000100000000)
  eden space 8704K, 0% used [0x00000000eab00000,0x00000000eab00000,0x00000000eb380000)
  from space 1024K, 92% used [0x00000000eb480000,0x00000000eb56d0a0,0x00000000eb580000)
  to   space 1024K, 0% used [0x00000000eb380000,0x00000000eb380000,0x00000000eb480000)
 ParOldGen       total 230912K, used 196342K [0x00000000c0000000, 0x00000000ce180000, 0x00000000eab00000)
  object space 230912K, 85% used [0x00000000c0000000,0x00000000cbfbd840,0x00000000ce180000)
 Metaspace       used 89064K, committed 90432K, reserved 1130496K
  class space    used 8921K, committed 9536K, reserved 1048576K
}
Event: 933.780 GC heap before
{Heap before GC invocations=1245 (full 39):
 PSYoungGen      total 9728K, used 9451K [0x00000000eab00000, 0x00000000eb580000, 0x0000000100000000)
  eden space 8704K, 97% used [0x00000000eab00000,0x00000000eb34dee0,0x00000000eb380000)
  from space 1024K, 92% used [0x00000000eb480000,0x00000000eb56d0a0,0x00000000eb580000)
  to   space 1024K, 0% used [0x00000000eb380000,0x00000000eb380000,0x00000000eb480000)
 ParOldGen       total 230912K, used 196342K [0x00000000c0000000, 0x00000000ce180000, 0x00000000eab00000)
  object space 230912K, 85% used [0x00000000c0000000,0x00000000cbfbd840,0x00000000ce180000)
 Metaspace       used 89064K, committed 90432K, reserved 1130496K
  class space    used 8921K, committed 9536K, reserved 1048576K
}
Event: 933.784 GC heap after
{Heap after GC invocations=1245 (full 39):
 PSYoungGen      total 9728K, used 1008K [0x00000000eab00000, 0x00000000eb580000, 0x0000000100000000)
  eden space 8704K, 0% used [0x00000000eab00000,0x00000000eab00000,0x00000000eb380000)
  from space 1024K, 98% used [0x00000000eb380000,0x00000000eb47c2b8,0x00000000eb480000)
  to   space 1024K, 0% used [0x00000000eb480000,0x00000000eb480000,0x00000000eb580000)
 ParOldGen       total 230912K, used 197430K [0x00000000c0000000, 0x00000000ce180000, 0x00000000eab00000)
  object space 230912K, 85% used [0x00000000c0000000,0x00000000cc0cd988,0x00000000ce180000)
 Metaspace       used 89064K, committed 90432K, reserved 1130496K
  class space    used 8921K, committed 9536K, reserved 1048576K
}
Event: 933.864 GC heap before
{Heap before GC invocations=1246 (full 39):
 PSYoungGen      total 9728K, used 9184K [0x00000000eab00000, 0x00000000eb580000, 0x0000000100000000)
  eden space 8704K, 93% used [0x00000000eab00000,0x00000000eb2fbfc8,0x00000000eb380000)
  from space 1024K, 98% used [0x00000000eb380000,0x00000000eb47c2b8,0x00000000eb480000)
  to   space 1024K, 0% used [0x00000000eb480000,0x00000000eb480000,0x00000000eb580000)
 ParOldGen       total 230912K, used 197430K [0x00000000c0000000, 0x00000000ce180000, 0x00000000eab00000)
  object space 230912K, 85% used [0x00000000c0000000,0x00000000cc0cd988,0x00000000ce180000)
 Metaspace       used 89068K, committed 90496K, reserved 1130496K
  class space    used 8921K, committed 9536K, reserved 1048576K
}
Event: 933.867 GC heap after
{Heap after GC invocations=1246 (full 39):
 PSYoungGen      total 9216K, used 996K [0x00000000eab00000, 0x00000000eb680000, 0x0000000100000000)
  eden space 8192K, 0% used [0x00000000eab00000,0x00000000eab00000,0x00000000eb300000)
  from space 1024K, 97% used [0x00000000eb480000,0x00000000eb579358,0x00000000eb580000)
  to   space 1536K, 0% used [0x00000000eb300000,0x00000000eb300000,0x00000000eb480000)
 ParOldGen       total 230912K, used 197590K [0x00000000c0000000, 0x00000000ce180000, 0x00000000eab00000)
  object space 230912K, 85% used [0x00000000c0000000,0x00000000cc0f5988,0x00000000ce180000)
 Metaspace       used 89068K, committed 90496K, reserved 1130496K
  class space    used 8921K, committed 9536K, reserved 1048576K
}
Event: 933.891 GC heap before
{Heap before GC invocations=1247 (full 39):
 PSYoungGen      total 9216K, used 8983K [0x00000000eab00000, 0x00000000eb680000, 0x0000000100000000)
  eden space 8192K, 97% used [0x00000000eab00000,0x00000000eb2cc930,0x00000000eb300000)
  from space 1024K, 97% used [0x00000000eb480000,0x00000000eb579358,0x00000000eb580000)
  to   space 1536K, 0% used [0x00000000eb300000,0x00000000eb300000,0x00000000eb480000)
 ParOldGen       total 230912K, used 197590K [0x00000000c0000000, 0x00000000ce180000, 0x00000000eab00000)
  object space 230912K, 85% used [0x00000000c0000000,0x00000000cc0f5988,0x00000000ce180000)
 Metaspace       used 89068K, committed 90496K, reserved 1130496K
  class space    used 8921K, committed 9536K, reserved 1048576K
}
Event: 933.893 GC heap after
{Heap after GC invocations=1247 (full 39):
 PSYoungGen      total 9728K, used 1152K [0x00000000eab00000, 0x00000000eb600000, 0x0000000100000000)
  eden space 8192K, 0% used [0x00000000eab00000,0x00000000eab00000,0x00000000eb300000)
  from space 1536K, 75% used [0x00000000eb300000,0x00000000eb420000,0x00000000eb480000)
  to   space 1536K, 0% used [0x00000000eb480000,0x00000000eb480000,0x00000000eb600000)
 ParOldGen       total 230912K, used 197590K [0x00000000c0000000, 0x00000000ce180000, 0x00000000eab00000)
  object space 230912K, 85% used [0x00000000c0000000,0x00000000cc0f5988,0x00000000ce180000)
 Metaspace       used 89068K, committed 90496K, reserved 1130496K
  class space    used 8921K, committed 9536K, reserved 1048576K
}
Event: 933.996 GC heap before
{Heap before GC invocations=1248 (full 39):
 PSYoungGen      total 9728K, used 9344K [0x00000000eab00000, 0x00000000eb600000, 0x0000000100000000)
  eden space 8192K, 100% used [0x00000000eab00000,0x00000000eb300000,0x00000000eb300000)
  from space 1536K, 75% used [0x00000000eb300000,0x00000000eb420000,0x00000000eb480000)
  to   space 1536K, 0% used [0x00000000eb480000,0x00000000eb480000,0x00000000eb600000)
 ParOldGen       total 230912K, used 197590K [0x00000000c0000000, 0x00000000ce180000, 0x00000000eab00000)
  object space 230912K, 85% used [0x00000000c0000000,0x00000000cc0f5988,0x00000000ce180000)
 Metaspace       used 89068K, committed 90496K, reserved 1130496K
  class space    used 8921K, committed 9536K, reserved 1048576K
}
Event: 933.998 GC heap after
{Heap after GC invocations=1248 (full 39):
 PSYoungGen      total 9216K, used 1508K [0x00000000eab00000, 0x00000000eb700000, 0x0000000100000000)
  eden space 7680K, 0% used [0x00000000eab00000,0x00000000eab00000,0x00000000eb280000)
  from space 1536K, 98% used [0x00000000eb480000,0x00000000eb5f9358,0x00000000eb600000)
  to   space 2048K, 0% used [0x00000000eb280000,0x00000000eb280000,0x00000000eb480000)
 ParOldGen       total 230912K, used 197614K [0x00000000c0000000, 0x00000000ce180000, 0x00000000eab00000)
  object space 230912K, 85% used [0x00000000c0000000,0x00000000cc0fb988,0x00000000ce180000)
 Metaspace       used 89068K, committed 90496K, reserved 1130496K
  class space    used 8921K, committed 9536K, reserved 1048576K
}
Event: 934.077 GC heap before
{Heap before GC invocations=1249 (full 39):
 PSYoungGen      total 9216K, used 9188K [0x00000000eab00000, 0x00000000eb700000, 0x0000000100000000)
  eden space 7680K, 100% used [0x00000000eab00000,0x00000000eb280000,0x00000000eb280000)
  from space 1536K, 98% used [0x00000000eb480000,0x00000000eb5f9358,0x00000000eb600000)
  to   space 2048K, 0% used [0x00000000eb280000,0x00000000eb280000,0x00000000eb480000)
 ParOldGen       total 230912K, used 197614K [0x00000000c0000000, 0x00000000ce180000, 0x00000000eab00000)
  object space 230912K, 85% used [0x00000000c0000000,0x00000000cc0fb988,0x00000000ce180000)
 Metaspace       used 89074K, committed 90496K, reserved 1130496K
  class space    used 8921K, committed 9536K, reserved 1048576K
}
Event: 934.084 GC heap after
{Heap after GC invocations=1249 (full 39):
 PSYoungGen      total 9728K, used 2043K [0x00000000eab00000, 0x00000000eb980000, 0x0000000100000000)
  eden space 7680K, 0% used [0x00000000eab00000,0x00000000eab00000,0x00000000eb280000)
  from space 2048K, 99% used [0x00000000eb280000,0x00000000eb47ef38,0x00000000eb480000)
  to   space 3584K, 0% used [0x00000000eb600000,0x00000000eb600000,0x00000000eb980000)
 ParOldGen       total 230912K, used 198661K [0x00000000c0000000, 0x00000000ce180000, 0x00000000eab00000)
  object space 230912K, 86% used [0x00000000c0000000,0x00000000cc201548,0x00000000ce180000)
 Metaspace       used 89074K, committed 90496K, reserved 1130496K
  class space    used 8921K, committed 9536K, reserved 1048576K
}
Event: 934.128 GC heap before
{Heap before GC invocations=1250 (full 39):
 PSYoungGen      total 9728K, used 9686K [0x00000000eab00000, 0x00000000eb980000, 0x0000000100000000)
  eden space 7680K, 99% used [0x00000000eab00000,0x00000000eb276c20,0x00000000eb280000)
  from space 2048K, 99% used [0x00000000eb280000,0x00000000eb47ef38,0x00000000eb480000)
  to   space 3584K, 0% used [0x00000000eb600000,0x00000000eb600000,0x00000000eb980000)
 ParOldGen       total 230912K, used 198661K [0x00000000c0000000, 0x00000000ce180000, 0x00000000eab00000)
  object space 230912K, 86% used [0x00000000c0000000,0x00000000cc201548,0x00000000ce180000)
 Metaspace       used 89074K, committed 90496K, reserved 1130496K
  class space    used 8921K, committed 9536K, reserved 1048576K
}
Event: 934.170 GC heap after
{Heap after GC invocations=1250 (full 39):
 PSYoungGen      total 11264K, used 3140K [0x00000000eab00000, 0x00000000ebb00000, 0x0000000100000000)
  eden space 7680K, 0% used [0x00000000eab00000,0x00000000eab00000,0x00000000eb280000)
  from space 3584K, 87% used [0x00000000eb600000,0x00000000eb9111d8,0x00000000eb980000)
  to   space 3584K, 0% used [0x00000000eb280000,0x00000000eb280000,0x00000000eb600000)
 ParOldGen       total 230912K, used 198749K [0x00000000c0000000, 0x00000000ce180000, 0x00000000eab00000)
  object space 230912K, 86% used [0x00000000c0000000,0x00000000cc217548,0x00000000ce180000)
 Metaspace       used 89074K, committed 90496K, reserved 1130496K
  class space    used 8921K, committed 9536K, reserved 1048576K
}

Dll operation events (11 events):
Event: 0.011 Loaded shared library c:\Users\QuangNguyen\.vscode\extensions\redhat.java-1.14.0-win32-x64\jre\17.0.5-win32-x86_64\bin\java.dll
Event: 0.470 Loaded shared library c:\Users\QuangNguyen\.vscode\extensions\redhat.java-1.14.0-win32-x64\jre\17.0.5-win32-x86_64\bin\zip.dll
Event: 0.476 Loaded shared library C:\Users\QuangNguyen\.vscode\extensions\redhat.java-1.14.0-win32-x64\jre\17.0.5-win32-x86_64\bin\instrument.dll
Event: 0.498 Loaded shared library C:\Users\QuangNguyen\.vscode\extensions\redhat.java-1.14.0-win32-x64\jre\17.0.5-win32-x86_64\bin\net.dll
Event: 0.503 Loaded shared library C:\Users\QuangNguyen\.vscode\extensions\redhat.java-1.14.0-win32-x64\jre\17.0.5-win32-x86_64\bin\nio.dll
Event: 0.531 Loaded shared library C:\Users\QuangNguyen\.vscode\extensions\redhat.java-1.14.0-win32-x64\jre\17.0.5-win32-x86_64\bin\zip.dll
Event: 0.550 Loaded shared library C:\Users\QuangNguyen\.vscode\extensions\redhat.java-1.14.0-win32-x64\jre\17.0.5-win32-x86_64\bin\jimage.dll
Event: 0.678 Loaded shared library c:\Users\QuangNguyen\.vscode\extensions\redhat.java-1.14.0-win32-x64\jre\17.0.5-win32-x86_64\bin\verify.dll
Event: 2.435 Loaded shared library C:\Users\QuangNguyen\AppData\Roaming\Code\User\globalStorage\redhat.java\1.14.0\config_win\org.eclipse.equinox.launcher\org.eclipse.equinox.launcher.win32.win32.x86_64_1.2.700.v20221108-1024\eclipse_11801.dll
Event: 8.434 Loaded shared library C:\Users\QuangNguyen\AppData\Local\Temp\jna-1715136572\jna9911411357163455755.dll
Event: 11.414 Loaded shared library C:\Users\QuangNguyen\.vscode\extensions\redhat.java-1.14.0-win32-x64\jre\17.0.5-win32-x86_64\bin\sunmscapi.dll

Deoptimization events (20 events):
Event: 933.054 Thread 0x000001d0adb590e0 DEOPT PACKING pc=0x000001d091a858c4 sp=0x000000268a1fe4c0
Event: 933.054 Thread 0x000001d0adb590e0 DEOPT UNPACKING pc=0x000001d0892f20a3 sp=0x000000268a1fe420 mode 2
Event: 933.054 Thread 0x000001d0adb590e0 Uncommon trap: trap_request=0xffffffbe fr.pc=0x000001d091a858c4 relative=0x0000000000000264
Event: 933.054 Thread 0x000001d0adb590e0 Uncommon trap: reason=profile_predicate action=maybe_recompile pc=0x000001d091a858c4 method=org.eclipse.jdt.ls.core.internal.contentassist.CompletionProposalRequestor$ProposalComparator.compare(Lorg/eclipse/jdt/core/CompletionProposal;Lorg/eclipse/jdt/cor
Event: 933.054 Thread 0x000001d0adb590e0 DEOPT PACKING pc=0x000001d091a858c4 sp=0x000000268a1fe4c0
Event: 933.054 Thread 0x000001d0adb590e0 DEOPT UNPACKING pc=0x000001d0892f20a3 sp=0x000000268a1fe420 mode 2
Event: 933.061 Thread 0x000001d0adb56590 DEOPT PACKING pc=0x000001d08bc32a85 sp=0x000000268b3fd420
Event: 933.061 Thread 0x000001d0adb56590 DEOPT UNPACKING pc=0x000001d0892f2843 sp=0x000000268b3fc948 mode 0
Event: 933.880 Thread 0x000001d0adb56590 Uncommon trap: trap_request=0xffffffc6 fr.pc=0x000001d09171fcb8 relative=0x0000000000004738
Event: 933.880 Thread 0x000001d0adb56590 Uncommon trap: reason=bimorphic_or_optimized_type_check action=maybe_recompile pc=0x000001d09171fcb8 method=org.eclipse.jdt.internal.core.JavaModelManager.putInfos(Lorg/eclipse/jdt/core/IJavaElement;Ljava/lang/Object;ZLjava/util/Map;)Ljava/lang/Object; @ 
Event: 933.880 Thread 0x000001d0adb56590 DEOPT PACKING pc=0x000001d09171fcb8 sp=0x000000268b3fd9f0
Event: 933.880 Thread 0x000001d0adb56590 DEOPT UNPACKING pc=0x000001d0892f20a3 sp=0x000000268b3fd9c0 mode 2
Event: 933.918 Thread 0x000001d0adb56590 Uncommon trap: trap_request=0xffffff45 fr.pc=0x000001d091bf3dd0 relative=0x0000000000004d30
Event: 933.918 Thread 0x000001d0adb56590 Uncommon trap: reason=unstable_if action=reinterpret pc=0x000001d091bf3dd0 method=org.eclipse.jdt.internal.core.ClassFileInfo.generateMethodInfos(Lorg/eclipse/jdt/core/IType;Lorg/eclipse/jdt/internal/compiler/env/IBinaryType;Ljava/util/HashMap;Ljava/util/
Event: 933.918 Thread 0x000001d0adb56590 DEOPT PACKING pc=0x000001d091bf3dd0 sp=0x000000268b3fd710
Event: 933.919 Thread 0x000001d0adb56590 DEOPT UNPACKING pc=0x000001d0892f20a3 sp=0x000000268b3fd700 mode 2
Event: 934.014 Thread 0x000001d0adb56590 Uncommon trap: trap_request=0xffffff45 fr.pc=0x000001d09154be04 relative=0x00000000000005e4
Event: 934.014 Thread 0x000001d0adb56590 Uncommon trap: reason=unstable_if action=reinterpret pc=0x000001d09154be04 method=org.eclipse.jdt.internal.compiler.classfmt.ClassFileStruct.utf8At(II)[C @ 54 c2
Event: 934.014 Thread 0x000001d0adb56590 DEOPT PACKING pc=0x000001d09154be04 sp=0x000000268b3fd250
Event: 934.014 Thread 0x000001d0adb56590 DEOPT UNPACKING pc=0x000001d0892f20a3 sp=0x000000268b3fd1f0 mode 2

Classes unloaded (20 events):
Event: 882.651 Thread 0x000001d09a4156c0 Unloading class 0x00000001001a1c00 'java/lang/invoke/LambdaForm$MH+0x00000001001a1c00'
Event: 882.651 Thread 0x000001d09a4156c0 Unloading class 0x00000001001a1800 'java/lang/invoke/LambdaForm$MH+0x00000001001a1800'
Event: 882.651 Thread 0x000001d09a4156c0 Unloading class 0x00000001001a1000 'java/lang/invoke/LambdaForm$MH+0x00000001001a1000'
Event: 882.651 Thread 0x000001d09a4156c0 Unloading class 0x00000001001a0c00 'java/lang/invoke/LambdaForm$MH+0x00000001001a0c00'
Event: 882.651 Thread 0x000001d09a4156c0 Unloading class 0x00000001001a0800 'java/lang/invoke/LambdaForm$MH+0x00000001001a0800'
Event: 882.651 Thread 0x000001d09a4156c0 Unloading class 0x00000001001a0000 'java/lang/invoke/LambdaForm$MH+0x00000001001a0000'
Event: 888.686 Thread 0x000001d09a4156c0 Unloading class 0x0000000100594400 'jdk/internal/reflect/GeneratedConstructorAccessor32'
Event: 888.686 Thread 0x000001d09a4156c0 Unloading class 0x0000000100553000 'jdk/internal/reflect/GeneratedConstructorAccessor31'
Event: 888.686 Thread 0x000001d09a4156c0 Unloading class 0x0000000100551000 'jdk/internal/reflect/GeneratedConstructorAccessor30'
Event: 888.686 Thread 0x000001d09a4156c0 Unloading class 0x0000000100550800 'jdk/internal/reflect/GeneratedConstructorAccessor28'
Event: 888.686 Thread 0x000001d09a4156c0 Unloading class 0x0000000100550400 'jdk/internal/reflect/GeneratedConstructorAccessor27'
Event: 888.686 Thread 0x000001d09a4156c0 Unloading class 0x0000000100550000 'jdk/internal/reflect/GeneratedConstructorAccessor26'
Event: 888.686 Thread 0x000001d09a4156c0 Unloading class 0x000000010029b000 'java/lang/invoke/LambdaForm$MH+0x000000010029b000'
Event: 888.686 Thread 0x000001d09a4156c0 Unloading class 0x000000010028c800 'java/lang/invoke/LambdaForm$MH+0x000000010028c800'
Event: 888.686 Thread 0x000001d09a4156c0 Unloading class 0x000000010028c400 'java/lang/invoke/LambdaForm$MH+0x000000010028c400'
Event: 888.686 Thread 0x000001d09a4156c0 Unloading class 0x0000000100287800 'java/lang/invoke/LambdaForm$MH+0x0000000100287800'
Event: 888.686 Thread 0x000001d09a4156c0 Unloading class 0x0000000100287400 'java/lang/invoke/LambdaForm$MH+0x0000000100287400'
Event: 919.794 Thread 0x000001d09a4156c0 Unloading class 0x00000001006a0c00 'java/lang/invoke/LambdaForm$MH+0x00000001006a0c00'
Event: 919.794 Thread 0x000001d09a4156c0 Unloading class 0x00000001006a0800 'java/lang/invoke/LambdaForm$MH+0x00000001006a0800'
Event: 919.794 Thread 0x000001d09a4156c0 Unloading class 0x00000001006a0000 'java/lang/invoke/LambdaForm$MH+0x00000001006a0000'

Classes redefined (0 events):
No events

Internal exceptions (20 events):
Event: 934.059 Thread 0x000001d09f499900 Implicit null exception at 0x000001d0898731f6 to 0x000001d08987387d
Event: 934.059 Thread 0x000001d09f499900 Exception <a 'java/lang/NullPointerException'{0x00000000eb11de90}> (0x00000000eb11de90) 
thrown [s\src\hotspot\share\runtime\sharedRuntime.cpp, line 628]
Event: 934.123 Thread 0x000001d09f499900 Implicit null exception at 0x000001d0898731f6 to 0x000001d08987387d
Event: 934.123 Thread 0x000001d09f499900 Exception <a 'java/lang/NullPointerException'{0x00000000eb210790}> (0x00000000eb210790) 
thrown [s\src\hotspot\share\runtime\sharedRuntime.cpp, line 628]
Event: 934.123 Thread 0x000001d09f499900 Implicit null exception at 0x000001d0898731f6 to 0x000001d08987387d
Event: 934.123 Thread 0x000001d09f499900 Exception <a 'java/lang/NullPointerException'{0x00000000eb211398}> (0x00000000eb211398) 
thrown [s\src\hotspot\share\runtime\sharedRuntime.cpp, line 628]
Event: 934.123 Thread 0x000001d09f499900 Implicit null exception at 0x000001d0898731f6 to 0x000001d08987387d
Event: 934.123 Thread 0x000001d09f499900 Exception <a 'java/lang/NullPointerException'{0x00000000eb212908}> (0x00000000eb212908) 
thrown [s\src\hotspot\share\runtime\sharedRuntime.cpp, line 628]
Event: 934.125 Thread 0x000001d09f499900 Implicit null exception at 0x000001d0898731f6 to 0x000001d08987387d
Event: 934.125 Thread 0x000001d09f499900 Exception <a 'java/lang/NullPointerException'{0x00000000eb213568}> (0x00000000eb213568) 
thrown [s\src\hotspot\share\runtime\sharedRuntime.cpp, line 628]
Event: 934.125 Thread 0x000001d09f499900 Implicit null exception at 0x000001d0898731f6 to 0x000001d08987387d
Event: 934.125 Thread 0x000001d09f499900 Exception <a 'java/lang/NullPointerException'{0x00000000eb214170}> (0x00000000eb214170) 
thrown [s\src\hotspot\share\runtime\sharedRuntime.cpp, line 628]
Event: 934.125 Thread 0x000001d09f499900 Implicit null exception at 0x000001d0898731f6 to 0x000001d08987387d
Event: 934.125 Thread 0x000001d09f499900 Exception <a 'java/lang/NullPointerException'{0x00000000eb215870}> (0x00000000eb215870) 
thrown [s\src\hotspot\share\runtime\sharedRuntime.cpp, line 628]
Event: 934.125 Thread 0x000001d09f499900 Implicit null exception at 0x000001d0898731f6 to 0x000001d08987387d
Event: 934.125 Thread 0x000001d09f499900 Exception <a 'java/lang/NullPointerException'{0x00000000eb216360}> (0x00000000eb216360) 
thrown [s\src\hotspot\share\runtime\sharedRuntime.cpp, line 628]
Event: 934.125 Thread 0x000001d09f499900 Implicit null exception at 0x000001d0898731f6 to 0x000001d08987387d
Event: 934.125 Thread 0x000001d09f499900 Exception <a 'java/lang/NullPointerException'{0x00000000eb216f68}> (0x00000000eb216f68) 
thrown [s\src\hotspot\share\runtime\sharedRuntime.cpp, line 628]
Event: 934.126 Thread 0x000001d09f499900 Implicit null exception at 0x000001d0898731f6 to 0x000001d08987387d
Event: 934.126 Thread 0x000001d09f499900 Exception <a 'java/lang/NullPointerException'{0x00000000eb218bf8}> (0x00000000eb218bf8) 
thrown [s\src\hotspot\share\runtime\sharedRuntime.cpp, line 628]

VM Operations (20 events):
Event: 933.550 Executing VM operation: ParallelGCFailedAllocation
Event: 933.557 Executing VM operation: ParallelGCFailedAllocation done
Event: 933.610 Executing VM operation: ParallelGCFailedAllocation
Event: 933.612 Executing VM operation: ParallelGCFailedAllocation done
Event: 933.664 Executing VM operation: ParallelGCFailedAllocation
Event: 933.669 Executing VM operation: ParallelGCFailedAllocation done
Event: 933.693 Executing VM operation: ParallelGCFailedAllocation
Event: 933.696 Executing VM operation: ParallelGCFailedAllocation done
Event: 933.780 Executing VM operation: ParallelGCFailedAllocation
Event: 933.784 Executing VM operation: ParallelGCFailedAllocation done
Event: 933.864 Executing VM operation: ParallelGCFailedAllocation
Event: 933.867 Executing VM operation: ParallelGCFailedAllocation done
Event: 933.891 Executing VM operation: ParallelGCFailedAllocation
Event: 933.893 Executing VM operation: ParallelGCFailedAllocation done
Event: 933.996 Executing VM operation: ParallelGCFailedAllocation
Event: 933.998 Executing VM operation: ParallelGCFailedAllocation done
Event: 934.077 Executing VM operation: ParallelGCFailedAllocation
Event: 934.084 Executing VM operation: ParallelGCFailedAllocation done
Event: 934.128 Executing VM operation: ParallelGCFailedAllocation
Event: 934.177 Executing VM operation: ParallelGCFailedAllocation done

Events (20 events):
Event: 929.942 Thread 0x000001d09bde2f90 flushing nmethod 0x000001d08b63d710
Event: 929.942 Thread 0x000001d09bde2f90 flushing nmethod 0x000001d08b655d10
Event: 929.942 Thread 0x000001d09bde2f90 flushing nmethod 0x000001d08b6b4590
Event: 929.943 Thread 0x000001d09bde2f90 flushing nmethod 0x000001d08b6d8c10
Event: 929.943 Thread 0x000001d09bde2f90 flushing nmethod 0x000001d08b70f310
Event: 930.207 Thread 0x000001d09bde2f90 flushing nmethod 0x000001d08b788190
Event: 930.207 Thread 0x000001d09bde2f90 flushing nmethod 0x000001d08b7a1190
Event: 930.207 Thread 0x000001d09bde2f90 flushing nmethod 0x000001d08b7ce490
Event: 930.208 Thread 0x000001d09bde2f90 flushing nmethod 0x000001d08b8cf010
Event: 930.209 Thread 0x000001d09bde2f90 flushing nmethod 0x000001d08b944a10
Event: 930.209 Thread 0x000001d09bde2f90 flushing nmethod 0x000001d08b9b7e90
Event: 930.210 Thread 0x000001d09bde2f90 flushing nmethod 0x000001d08ba98b10
Event: 930.210 Thread 0x000001d09bde2f90 flushing nmethod 0x000001d08bab1a10
Event: 930.210 Thread 0x000001d09bde2f90 flushing nmethod 0x000001d08bab2690
Event: 930.759 Thread 0x000001d09f4938c0 Thread added: 0x000001d09f4938c0
Event: 931.677 loading class jdk/internal/module/IllegalAccessLogger
Event: 931.677 loading class jdk/internal/module/IllegalAccessLogger done
Event: 931.677 Thread 0x000001d0adb548b0 Thread added: 0x000001d0adb548b0
Event: 931.710 Thread 0x000001d0adb548b0 Thread exited: 0x000001d0adb548b0
Event: 933.516 Thread 0x000001d0adb548b0 Thread added: 0x000001d0adb548b0


Dynamic libraries:
0x00007ff7cadb0000 - 0x00007ff7cadbe000 	c:\Users\QuangNguyen\.vscode\extensions\redhat.java-1.14.0-win32-x64\jre\17.0.5-win32-x86_64\bin\java.exe
0x00007ffd586f0000 - 0x00007ffd588e8000 	C:\Windows\SYSTEM32\ntdll.dll
0x00007ffd56940000 - 0x00007ffd569ff000 	C:\Windows\System32\KERNEL32.DLL
0x00007ffd56270000 - 0x00007ffd56542000 	C:\Windows\System32\KERNELBASE.dll
0x00007ffd56630000 - 0x00007ffd56730000 	C:\Windows\System32\ucrtbase.dll
0x00007ffd48cc0000 - 0x00007ffd48cd9000 	c:\Users\QuangNguyen\.vscode\extensions\redhat.java-1.14.0-win32-x64\jre\17.0.5-win32-x86_64\bin\VCRUNTIME140.dll
0x00007ffd49110000 - 0x00007ffd49127000 	c:\Users\QuangNguyen\.vscode\extensions\redhat.java-1.14.0-win32-x64\jre\17.0.5-win32-x86_64\bin\jli.dll
0x00007ffd57590000 - 0x00007ffd57731000 	C:\Windows\System32\USER32.dll
0x00007ffd55fd0000 - 0x00007ffd55ff2000 	C:\Windows\System32\win32u.dll
0x00007ffd57740000 - 0x00007ffd5776b000 	C:\Windows\System32\GDI32.dll
0x00007ffd55ec0000 - 0x00007ffd55fcf000 	C:\Windows\System32\gdi32full.dll
0x00007ffd56000000 - 0x00007ffd5609d000 	C:\Windows\System32\msvcp_win.dll
0x00007ffd38230000 - 0x00007ffd384ca000 	C:\Windows\WinSxS\amd64_microsoft.windows.common-controls_6595b64144ccf1df_6.0.19041.1110_none_60b5254171f9507e\COMCTL32.dll
0x00007ffd57c20000 - 0x00007ffd57cbe000 	C:\Windows\System32\msvcrt.dll
0x00007ffd57310000 - 0x00007ffd57342000 	C:\Windows\System32\IMM32.DLL
0x00007ffd53050000 - 0x00007ffd5305c000 	c:\Users\QuangNguyen\.vscode\extensions\redhat.java-1.14.0-win32-x64\jre\17.0.5-win32-x86_64\bin\vcruntime140_1.dll
0x00007ffd2f4f0000 - 0x00007ffd2f581000 	c:\Users\QuangNguyen\.vscode\extensions\redhat.java-1.14.0-win32-x64\jre\17.0.5-win32-x86_64\bin\msvcp140.dll
0x00007ffd1ef00000 - 0x00007ffd1fb44000 	c:\Users\QuangNguyen\.vscode\extensions\redhat.java-1.14.0-win32-x64\jre\17.0.5-win32-x86_64\bin\server\jvm.dll
0x00007ffd57e00000 - 0x00007ffd57eae000 	C:\Windows\System32\ADVAPI32.dll
0x00007ffd57260000 - 0x00007ffd572fc000 	C:\Windows\System32\sechost.dll
0x00007ffd57350000 - 0x00007ffd57475000 	C:\Windows\System32\RPCRT4.dll
0x00007ffd44f00000 - 0x00007ffd44f09000 	C:\Windows\SYSTEM32\WSOCK32.dll
0x00007ffd56a10000 - 0x00007ffd56a7b000 	C:\Windows\System32\WS2_32.dll
0x00007ffd4a460000 - 0x00007ffd4a487000 	C:\Windows\SYSTEM32\WINMM.dll
0x00007ffd43b90000 - 0x00007ffd43b9a000 	C:\Windows\SYSTEM32\VERSION.dll
0x00007ffd54630000 - 0x00007ffd54642000 	C:\Windows\SYSTEM32\kernel.appcore.dll
0x00007ffd50da0000 - 0x00007ffd50daa000 	c:\Users\QuangNguyen\.vscode\extensions\redhat.java-1.14.0-win32-x64\jre\17.0.5-win32-x86_64\bin\jimage.dll
0x00007ffd47bb0000 - 0x00007ffd47d94000 	C:\Windows\SYSTEM32\DBGHELP.DLL
0x00007ffd47b70000 - 0x00007ffd47ba5000 	C:\Windows\SYSTEM32\dbgcore.DLL
0x00007ffd56550000 - 0x00007ffd565d2000 	C:\Windows\System32\bcryptPrimitives.dll
0x00007ffd4fdd0000 - 0x00007ffd4fdde000 	c:\Users\QuangNguyen\.vscode\extensions\redhat.java-1.14.0-win32-x64\jre\17.0.5-win32-x86_64\bin\instrument.dll
0x00007ffd3ad70000 - 0x00007ffd3ad95000 	c:\Users\QuangNguyen\.vscode\extensions\redhat.java-1.14.0-win32-x64\jre\17.0.5-win32-x86_64\bin\java.dll
0x00007ffd44b10000 - 0x00007ffd44b28000 	c:\Users\QuangNguyen\.vscode\extensions\redhat.java-1.14.0-win32-x64\jre\17.0.5-win32-x86_64\bin\zip.dll
0x00007ffd57f60000 - 0x00007ffd586a4000 	C:\Windows\System32\SHELL32.dll
0x00007ffd53e80000 - 0x00007ffd54612000 	C:\Windows\SYSTEM32\windows.storage.dll
0x00007ffd577d0000 - 0x00007ffd57b25000 	C:\Windows\System32\combase.dll
0x00007ffd55840000 - 0x00007ffd55870000 	C:\Windows\SYSTEM32\Wldp.dll
0x00007ffd57eb0000 - 0x00007ffd57f5d000 	C:\Windows\System32\SHCORE.dll
0x00007ffd57770000 - 0x00007ffd577c5000 	C:\Windows\System32\shlwapi.dll
0x00007ffd55d20000 - 0x00007ffd55d3f000 	C:\Windows\SYSTEM32\profapi.dll
0x00007ffd37ae0000 - 0x00007ffd37af9000 	C:\Users\QuangNguyen\.vscode\extensions\redhat.java-1.14.0-win32-x64\jre\17.0.5-win32-x86_64\bin\net.dll
0x00007ffd4d970000 - 0x00007ffd4da7c000 	C:\Windows\SYSTEM32\WINHTTP.dll
0x00007ffd555a0000 - 0x00007ffd5560a000 	C:\Windows\system32\mswsock.dll
0x00007ffd33480000 - 0x00007ffd33495000 	C:\Users\QuangNguyen\.vscode\extensions\redhat.java-1.14.0-win32-x64\jre\17.0.5-win32-x86_64\bin\nio.dll
0x00007ffd4edd0000 - 0x00007ffd4ede0000 	c:\Users\QuangNguyen\.vscode\extensions\redhat.java-1.14.0-win32-x64\jre\17.0.5-win32-x86_64\bin\verify.dll
0x00007ffd44b30000 - 0x00007ffd44b6e000 	C:\Users\QuangNguyen\AppData\Roaming\Code\User\globalStorage\redhat.java\1.14.0\config_win\org.eclipse.equinox.launcher\org.eclipse.equinox.launcher.win32.win32.x86_64_1.2.700.v20221108-1024\eclipse_11801.dll
0x00007ffd57cc0000 - 0x00007ffd57dea000 	C:\Windows\System32\ole32.dll
0x00007ffd55790000 - 0x00007ffd557a8000 	C:\Windows\SYSTEM32\CRYPTSP.dll
0x00007ffd54e50000 - 0x00007ffd54e84000 	C:\Windows\system32\rsaenh.dll
0x00007ffd55e90000 - 0x00007ffd55eb7000 	C:\Windows\System32\bcrypt.dll
0x00007ffd55ce0000 - 0x00007ffd55d0e000 	C:\Windows\SYSTEM32\USERENV.dll
0x00007ffd557b0000 - 0x00007ffd557bc000 	C:\Windows\SYSTEM32\CRYPTBASE.dll
0x00007ffd55240000 - 0x00007ffd5527b000 	C:\Windows\SYSTEM32\IPHLPAPI.DLL
0x00007ffd57df0000 - 0x00007ffd57df8000 	C:\Windows\System32\NSI.dll
0x00007ffd4e6f0000 - 0x00007ffd4e707000 	C:\Windows\SYSTEM32\dhcpcsvc6.DLL
0x00007ffd50050000 - 0x00007ffd5006d000 	C:\Windows\SYSTEM32\dhcpcsvc.DLL
0x00007ffd55280000 - 0x00007ffd5534a000 	C:\Windows\SYSTEM32\DNSAPI.dll
0x00007ffd37750000 - 0x00007ffd37790000 	C:\Users\QuangNguyen\AppData\Local\Temp\jna-1715136572\jna9911411357163455755.dll
0x00007ffd56a00000 - 0x00007ffd56a08000 	C:\Windows\System32\PSAPI.DLL
0x00007ffd4ebd0000 - 0x00007ffd4ebde000 	C:\Users\QuangNguyen\.vscode\extensions\redhat.java-1.14.0-win32-x64\jre\17.0.5-win32-x86_64\bin\sunmscapi.dll
0x00007ffd56110000 - 0x00007ffd56266000 	C:\Windows\System32\CRYPT32.dll
0x00007ffd558b0000 - 0x00007ffd558d7000 	C:\Windows\SYSTEM32\ncrypt.dll
0x00007ffd55870000 - 0x00007ffd558ab000 	C:\Windows\SYSTEM32\NTASN1.dll
0x00007ffd49620000 - 0x00007ffd4962a000 	C:\Windows\System32\rasadhlp.dll
0x00007ffd496a0000 - 0x00007ffd49720000 	C:\Windows\System32\fwpuclnt.dll

dbghelp: loaded successfully - version: 4.0.5 - missing functions: none
symbol engine: initialized successfully - sym options: 0x614 - pdb path: .;c:\Users\QuangNguyen\.vscode\extensions\redhat.java-1.14.0-win32-x64\jre\17.0.5-win32-x86_64\bin;C:\Windows\SYSTEM32;C:\Windows\WinSxS\amd64_microsoft.windows.common-controls_6595b64144ccf1df_6.0.19041.1110_none_60b5254171f9507e;c:\Users\QuangNguyen\.vscode\extensions\redhat.java-1.14.0-win32-x64\jre\17.0.5-win32-x86_64\bin\server;C:\Users\QuangNguyen\AppData\Roaming\Code\User\globalStorage\redhat.java\1.14.0\config_win\org.eclipse.equinox.launcher\org.eclipse.equinox.launcher.win32.win32.x86_64_1.2.700.v20221108-1024;C:\Users\QuangNguyen\AppData\Local\Temp\jna-1715136572

VM Arguments:
jvm_args: --add-modules=ALL-SYSTEM --add-opens=java.base/java.util=ALL-UNNAMED --add-opens=java.base/java.lang=ALL-UNNAMED --add-opens=java.base/sun.nio.fs=ALL-UNNAMED -Declipse.application=org.eclipse.jdt.ls.core.id1 -Dosgi.bundles.defaultStartLevel=4 -Declipse.product=org.eclipse.jdt.ls.core.product -Djava.import.generatesMetadataFilesAtProjectRoot=false -Dfile.encoding=utf8 -XX:+UseParallelGC -XX:GCTimeRatio=4 -XX:AdaptiveSizePolicyWeight=90 -Dsun.zip.disableMemoryMapping=true -Xmx1G -Xms100m -Xlog:disable -javaagent:c:\Users\QuangNguyen\.vscode\extensions\redhat.java-1.14.0-win32-x64\lombok\lombok-1.18.24.jar -XX:+HeapDumpOnOutOfMemoryError -XX:HeapDumpPath=c:\Users\QuangNguyen\AppData\Roaming\Code\User\workspaceStorage\7bd9e663a4768cf23f08539ea5bba14a\redhat.java 
java_command: c:\Users\QuangNguyen\.vscode\extensions\redhat.java-1.14.0-win32-x64\server\plugins\org.eclipse.equinox.launcher_1.6.400.v20210924-0641.jar -configuration c:\Users\QuangNguyen\AppData\Roaming\Code\User\globalStorage\redhat.java\1.14.0\config_win -data c:\Users\QuangNguyen\AppData\Roaming\Code\User\workspaceStorage\7bd9e663a4768cf23f08539ea5bba14a\redhat.java\jdt_ws
java_class_path (initial): c:\Users\QuangNguyen\.vscode\extensions\redhat.java-1.14.0-win32-x64\server\plugins\org.eclipse.equinox.launcher_1.6.400.v20210924-0641.jar
Launcher Type: SUN_STANDARD

[Global flags]
    uintx AdaptiveSizePolicyWeight                 = 90                                        {product} {command line}
     intx CICompilerCount                          = 3                                         {product} {ergonomic}
    uintx GCTimeRatio                              = 4                                         {product} {command line}
     bool HeapDumpOnOutOfMemoryError               = true                                   {manageable} {command line}
    ccstr HeapDumpPath                             = c:\Users\QuangNguyen\AppData\Roaming\Code\User\workspaceStorage\7bd9e663a4768cf23f08539ea5bba14a\redhat.java         {manageable} {command line}
   size_t InitialHeapSize                          = 104857600                                 {product} {command line}
   size_t MaxHeapSize                              = 1073741824                                {product} {command line}
   size_t MaxNewSize                               = 357564416                                 {product} {ergonomic}
   size_t MinHeapDeltaBytes                        = 524288                                    {product} {ergonomic}
   size_t MinHeapSize                              = 104857600                                 {product} {command line}
   size_t NewSize                                  = 34603008                                  {product} {ergonomic}
    uintx NonNMethodCodeHeapSize                   = 5832780                                {pd product} {ergonomic}
    uintx NonProfiledCodeHeapSize                  = 122912730                              {pd product} {ergonomic}
   size_t OldSize                                  = 70254592                                  {product} {ergonomic}
    uintx ProfiledCodeHeapSize                     = 122912730                              {pd product} {ergonomic}
    uintx ReservedCodeCacheSize                    = 251658240                              {pd product} {ergonomic}
     bool SegmentedCodeCache                       = true                                      {product} {ergonomic}
   size_t SoftMaxHeapSize                          = 1073741824                             {manageable} {ergonomic}
     bool UseCompressedClassPointers               = true                           {product lp64_product} {ergonomic}
     bool UseCompressedOops                        = true                           {product lp64_product} {ergonomic}
     bool UseLargePagesIndividualAllocation        = false                                  {pd product} {ergonomic}
     bool UseParallelGC                            = true                                      {product} {command line}

Logging:
Log output configuration:
 #0: stdout all=off uptime,level,tags
 #1: stderr all=off uptime,level,tags

Environment Variables:
PATH=C:\Program Files\Common Files\Oracle\Java\javapath;C:\Program Files (x86)\Common Files\Oracle\Java\javapath;C:\Program Files (x86)\Intel\iCLS Client\;C:\Program Files\Intel\iCLS Client\;C:\Windows\system32;C:\Windows;C:\Windows\System32\Wbem;C:\Windows\System32\WindowsPowerShell\v1.0\;C:\Windows\System32\OpenSSH\;C:\Program Files (x86)\Microsoft SQL Server\150\DTS\Binn\;C:\Program Files\dotnet\;C:\Program Files\Git\cmd;C:\Program Files (x86)\Microsoft SQL Server\100\Tools\Binn\;C:\Program Files\Microsoft SQL Server\100\Tools\Binn\;C:\Program Files\Microsoft SQL Server\100\DTS\Binn\;C:\Program Files (x86)\Microsoft SQL Server\100\Tools\Binn\VSShell\Common7\IDE\;C:\Program Files (x86)\Microsoft SQL Server\100\DTS\Binn\;C:\Program Files (x86)\Microsoft Visual Studio 9.0\Common7\IDE\PrivateAssemblies\;C:\Program Files\Microsoft SQL Server\130\Tools\Binn\;C:\Users\QuangNguyen\AppData\Local\Microsoft\WindowsApps;C:\Users\QuangNguyen\.dotnet\tools;C:\Users\QuangNguyen\AppData\Local\Programs\Microsoft VS Code\bin;C:\Program Files\Azure Data Studio\bin;C:\Users\QuangNguyen\AppData\Local\GitHubDesktop\bin
USERNAME=QuangNguyen
OS=Windows_NT
PROCESSOR_IDENTIFIER=Intel64 Family 6 Model 69 Stepping 1, GenuineIntel
TMP=C:\Users\QUANGN~1\AppData\Local\Temp
TEMP=C:\Users\QUANGN~1\AppData\Local\Temp



---------------  S Y S T E M  ---------------

OS:
 Windows 10 , 64 bit Build 19041 (10.0.19041.2364)
OS uptime: 0 days 10:02 hours

CPU: total 4 (initial active 4) (2 cores per cpu, 2 threads per core) family 6 model 69 stepping 1 microcode 0x26, cx8, cmov, fxsr, ht, mmx, sse, sse2, sse3, ssse3, sse4.1, sse4.2, popcnt, lzcnt, tsc, tscinvbit, avx, avx2, aes, erms, clmul, bmi1, bmi2, fma, vzeroupper, clflush

Memory: 4k page, system-wide physical 4004M (227M free)
TotalPageFile size 8004M (AvailPageFile size 3M)
current process WorkingSet (physical memory assigned to process): 445M, peak: 480M
current process commit charge ("private bytes"): 537M, peak: 553M

vm_info: OpenJDK 64-Bit Server VM (17.0.5+8) for windows-amd64 JRE (17.0.5+8), built on Oct 19 2022 04:48:13 by "temurin" with MS VC++ 16.7 (VS2019)

END.
